This file contains any messages produced by compilers while
running configure, to aid debugging if configure makes a mistake.

It was created by ldns configure 1.7.0, which was
generated by GNU Autoconf 2.69.  Invocation command line was

  $ ./configure --with-drill --with-examples --with-ssl=/usr/local/opt/openssl@1.1 --prefix=/usr/local/Cellar/ldns/1.7.1

## --------- ##
## Platform. ##
## --------- ##

hostname = dojos-MacBook-Pro.local
uname -m = x86_64
uname -r = 17.0.0
uname -s = Darwin
uname -v = Darwin Kernel Version 17.0.0: Thu Aug 10 17:58:14 PDT 2017; root:xnu-4570.1.43~2/RELEASE_X86_64

/usr/bin/uname -p = i386
/bin/uname -X     = unknown

/bin/arch              = unknown
/usr/bin/arch -k       = unknown
/usr/convex/getsysinfo = unknown
/usr/bin/hostinfo      = Mach kernel version:
	 Darwin Kernel Version 17.0.0: Thu Aug 10 17:58:14 PDT 2017; root:xnu-4570.1.43~2/RELEASE_X86_64
Kernel configured for up to 4 processors.
2 processors are physically available.
4 processors are logically available.
Processor type: i486 (Intel 80486)
Processors active: 0 1 2 3
Primary memory available: 8.00 gigabytes
Default processor set: 301 tasks, 1343 threads, 4 processors
Load average: 2.76, Mach factor: 1.67
/bin/machine           = unknown
/usr/bin/oslevel       = unknown
/bin/universe          = unknown

PATH: /Users/dojo/work/.npm/bin/
PATH: /usr/local/opt/sqlite/bin
PATH: /usr/local/opt/tcl-tk/bin
PATH: /usr/local/opt/sphinx-doc/bin
PATH: /usr/local/opt/readline/bin
PATH: /usr/local/opt/e2fsprogs/bin
PATH: /usr/local/opt/libxml2/bin
PATH: /usr/local/opt/libarchive/bin
PATH: /usr/local/opt/icu4c/sbin
PATH: /usr/local/opt/icu4c/bin
PATH: /usr/local/opt/gnu-getopt/bin
PATH: /usr/local/opt/bison/bin
PATH: /usr/local/opt/gettext/bin
PATH: /usr/local/opt/m4/bin
PATH: /usr/local/opt/gpatch/bin
PATH: /Users/dojo/.cargo/bin
PATH: /usr/local/opt/bison/bin
PATH: /usr/local/opt/gettext/bin
PATH: /usr/local/opt/m4/bin
PATH: /home/linuxbrew/.linuxbrew/bin
PATH: /Applications/Xcode.app/Contents/Developer/Toolchains/XcodeDefault.xctoolchain/usr/lib/clang/4.2/include
PATH: /usr/local/opt/texinfo/bin
PATH: /opt/local/bin
PATH: /opt/local/sbin
PATH: ~/work/.npm/bin
PATH: /Library/Developer/Toolchains/swift-latest.xctoolchain/usr/bin
PATH: /usr/local/heroku/bin
PATH: /usr/local/opt/qt/bin
PATH: /Applications/RStudio.app/Contents/MacOS
PATH: /usr/local/opt/dex2jar/bin
PATH: /usr/local/opt/libarchive/bin
PATH: /usr/local/opt/curl/bin
PATH: /usr/local/opt/sqlite/bin
PATH: /usr/local/opt/mingw-w64/bin
PATH: /usr/local/opt/curl/bin
PATH: /usr/local/opt/sqlite/bin
PATH: /usr/local/opt/gmp/lib
PATH: /usr/local/opt/make/bin
PATH: /usr/local/opt/cmake/bin
PATH: /usr/local/opt/gnu-sed/libexec/gnubin
PATH: /usr/local/opt/coreutils/libexec/gnubin
PATH: /usr/local/opt/binutils/lib
PATH: /usr/local/opt/binutils/include
PATH: /usr/local/opt/binutils/bin
PATH: /usr/local/opt/gc/lib/gcc/7
PATH: /usr/local/mysql/bin
PATH: /bin
PATH: /bin
PATH: /usr/local/bin
PATH: /usr/local
PATH: /usr/local/sbin
PATH: /usr/local/include
PATH: /usr/local/opt/valgrind/bin
PATH: /usr/local/opt/llvm/bin
PATH: /usr/local/opt/graphviz/bin
PATH: /usr/local/opt/opencv3/bin
PATH: /usr/local/bin
PATH: /usr/bin
PATH: /bin
PATH: /usr/sbin
PATH: /sbin
PATH: /opt/X11/bin
PATH: /Library/Frameworks/Mono.framework/Versions/Current/Commands
PATH: /usr/local/opt/tomee-plus/libexec/bin
PATH: /usr/local/opt/node/bin
PATH: /Users/dojo/Library/Android/sdk/platform-tools
PATH: /Users/dojo/Library/Android/sdk/tools
PATH: /Users/dojo/golang/bin
PATH: /usr/local/opt/go/libexec/bin
PATH: /usr/local/opt/apache-spark/libexec
PATH: /usr/local/opt/apache-spark/bin
PATH: /usr/local/opt/apache-spark/libexec/sbin
PATH: /usr/local/opt/openssl/lib
PATH: /Volumes/data/WorkSpace


## ----------- ##
## Core tests. ##
## ----------- ##

configure:2667: checking for gcc
configure:2694: result: cc
configure:2923: checking for C compiler version
configure:2932: cc --version >&5
Apple LLVM version 9.0.0 (clang-900.0.22.8)
Target: x86_64-apple-darwin17.0.0
Thread model: posix
InstalledDir: /Applications/Xcode.app/Contents/Developer/Toolchains/XcodeDefault.xctoolchain/usr/bin
configure:2943: $? = 0
configure:2932: cc -v >&5
Apple LLVM version 9.0.0 (clang-900.0.22.8)
Target: x86_64-apple-darwin17.0.0
Thread model: posix
InstalledDir: /Applications/Xcode.app/Contents/Developer/Toolchains/XcodeDefault.xctoolchain/usr/bin
Found CUDA installation: /usr/local/cuda, version 8.0
configure:2943: $? = 0
configure:2932: cc -V >&5
clang: error: argument to '-V' is missing (expected 1 value)
clang: error: no input files
configure:2943: $? = 1
configure:2932: cc -qversion >&5
clang: error: unknown argument: '-qversion'
clang: error: no input files
configure:2943: $? = 1
configure:2963: checking whether the C compiler works
configure:2985: cc -fomit-frame-pointer -funroll-loops  -ffast-math -Ofast -fno-signed-zeros -ffp-contract=fast -mmmx -msse -flto -m64    -I/usr/local/opt/openblas/include -I/usr/local/opt/llvm/include -I/usr/local/opt/readline/include -I/usr/local/opt/zlib/include -I/usr/local/opt/openssl@1.1/include -I/usr/local/opt/portable-expat/include  -L/usr/local/opt/openblas/lib -L/usr/local/opt/llvm/lib -L/usr/local/opt/readline/lib -L/usr/local/opt/zlib/lib -L/usr/local/opt/openssl@1.1/lib -L/usr/local/opt/portable-expat/lib  conftest.c  >&5
ld: warning: directory not found for option '-L/usr/local/opt/zlib/lib'
ld: warning: directory not found for option '-L/usr/local/opt/portable-expat/lib'
configure:2989: $? = 0
configure:3037: result: yes
configure:3040: checking for C compiler default output file name
configure:3042: result: a.out
configure:3048: checking for suffix of executables
configure:3055: cc -o conftest -fomit-frame-pointer -funroll-loops  -ffast-math -Ofast -fno-signed-zeros -ffp-contract=fast -mmmx -msse -flto -m64    -I/usr/local/opt/openblas/include -I/usr/local/opt/llvm/include -I/usr/local/opt/readline/include -I/usr/local/opt/zlib/include -I/usr/local/opt/openssl@1.1/include -I/usr/local/opt/portable-expat/include  -L/usr/local/opt/openblas/lib -L/usr/local/opt/llvm/lib -L/usr/local/opt/readline/lib -L/usr/local/opt/zlib/lib -L/usr/local/opt/openssl@1.1/lib -L/usr/local/opt/portable-expat/lib  conftest.c  >&5
ld: warning: directory not found for option '-L/usr/local/opt/zlib/lib'
ld: warning: directory not found for option '-L/usr/local/opt/portable-expat/lib'
configure:3059: $? = 0
configure:3081: result: 
configure:3103: checking whether we are cross compiling
configure:3111: cc -o conftest -fomit-frame-pointer -funroll-loops  -ffast-math -Ofast -fno-signed-zeros -ffp-contract=fast -mmmx -msse -flto -m64    -I/usr/local/opt/openblas/include -I/usr/local/opt/llvm/include -I/usr/local/opt/readline/include -I/usr/local/opt/zlib/include -I/usr/local/opt/openssl@1.1/include -I/usr/local/opt/portable-expat/include  -L/usr/local/opt/openblas/lib -L/usr/local/opt/llvm/lib -L/usr/local/opt/readline/lib -L/usr/local/opt/zlib/lib -L/usr/local/opt/openssl@1.1/lib -L/usr/local/opt/portable-expat/lib  conftest.c  >&5
ld: warning: directory not found for option '-L/usr/local/opt/zlib/lib'
ld: warning: directory not found for option '-L/usr/local/opt/portable-expat/lib'
configure:3115: $? = 0
configure:3122: ./conftest
configure:3126: $? = 0
configure:3141: result: no
configure:3146: checking for suffix of object files
configure:3168: cc -c -fomit-frame-pointer -funroll-loops  -ffast-math -Ofast -fno-signed-zeros -ffp-contract=fast -mmmx -msse -flto -m64    -I/usr/local/opt/openblas/include -I/usr/local/opt/llvm/include -I/usr/local/opt/readline/include -I/usr/local/opt/zlib/include -I/usr/local/opt/openssl@1.1/include -I/usr/local/opt/portable-expat/include  conftest.c >&5
configure:3172: $? = 0
configure:3193: result: o
configure:3197: checking whether we are using the GNU C compiler
configure:3216: cc -c -fomit-frame-pointer -funroll-loops  -ffast-math -Ofast -fno-signed-zeros -ffp-contract=fast -mmmx -msse -flto -m64    -I/usr/local/opt/openblas/include -I/usr/local/opt/llvm/include -I/usr/local/opt/readline/include -I/usr/local/opt/zlib/include -I/usr/local/opt/openssl@1.1/include -I/usr/local/opt/portable-expat/include  conftest.c >&5
configure:3216: $? = 0
configure:3225: result: yes
configure:3234: checking whether cc accepts -g
configure:3254: cc -c -g -I/usr/local/opt/openblas/include -I/usr/local/opt/llvm/include -I/usr/local/opt/readline/include -I/usr/local/opt/zlib/include -I/usr/local/opt/openssl@1.1/include -I/usr/local/opt/portable-expat/include  conftest.c >&5
configure:3254: $? = 0
configure:3295: result: yes
configure:3312: checking for cc option to accept ISO C89
configure:3375: cc  -c -fomit-frame-pointer -funroll-loops  -ffast-math -Ofast -fno-signed-zeros -ffp-contract=fast -mmmx -msse -flto -m64    -I/usr/local/opt/openblas/include -I/usr/local/opt/llvm/include -I/usr/local/opt/readline/include -I/usr/local/opt/zlib/include -I/usr/local/opt/openssl@1.1/include -I/usr/local/opt/portable-expat/include  conftest.c >&5
configure:3375: $? = 0
configure:3388: result: none needed
configure:3414: checking how to run the C preprocessor
configure:3484: result: cc -E
configure:3504: cc -E -I/usr/local/opt/openblas/include -I/usr/local/opt/llvm/include -I/usr/local/opt/readline/include -I/usr/local/opt/zlib/include -I/usr/local/opt/openssl@1.1/include -I/usr/local/opt/portable-expat/include  conftest.c
configure:3504: $? = 0
configure:3518: cc -E -I/usr/local/opt/openblas/include -I/usr/local/opt/llvm/include -I/usr/local/opt/readline/include -I/usr/local/opt/zlib/include -I/usr/local/opt/openssl@1.1/include -I/usr/local/opt/portable-expat/include  conftest.c
conftest.c:9:10: fatal error: 'ac_nonexistent.h' file not found
#include <ac_nonexistent.h>
         ^~~~~~~~~~~~~~~~~~
1 error generated.
configure:3518: $? = 1
configure: failed program was:
| /* confdefs.h */
| #define PACKAGE_NAME "ldns"
| #define PACKAGE_TARNAME "libdns"
| #define PACKAGE_VERSION "1.7.0"
| #define PACKAGE_STRING "ldns 1.7.0"
| #define PACKAGE_BUGREPORT "libdns@nlnetlabs.nl"
| #define PACKAGE_URL ""
| /* end confdefs.h.  */
| #include <ac_nonexistent.h>
configure:3547: checking for grep that handles long lines and -e
configure:3605: result: /usr/local/bin/grep
configure:3610: checking for egrep
configure:3672: result: /usr/local/bin/grep -E
configure:3677: checking for ANSI C header files
configure:3697: cc -c -fomit-frame-pointer -funroll-loops  -ffast-math -Ofast -fno-signed-zeros -ffp-contract=fast -mmmx -msse -flto -m64    -I/usr/local/opt/openblas/include -I/usr/local/opt/llvm/include -I/usr/local/opt/readline/include -I/usr/local/opt/zlib/include -I/usr/local/opt/openssl@1.1/include -I/usr/local/opt/portable-expat/include  conftest.c >&5
configure:3697: $? = 0
configure:3770: cc -o conftest -fomit-frame-pointer -funroll-loops  -ffast-math -Ofast -fno-signed-zeros -ffp-contract=fast -mmmx -msse -flto -m64    -I/usr/local/opt/openblas/include -I/usr/local/opt/llvm/include -I/usr/local/opt/readline/include -I/usr/local/opt/zlib/include -I/usr/local/opt/openssl@1.1/include -I/usr/local/opt/portable-expat/include  -L/usr/local/opt/openblas/lib -L/usr/local/opt/llvm/lib -L/usr/local/opt/readline/lib -L/usr/local/opt/zlib/lib -L/usr/local/opt/openssl@1.1/lib -L/usr/local/opt/portable-expat/lib  conftest.c  >&5
ld: warning: directory not found for option '-L/usr/local/opt/zlib/lib'
ld: warning: directory not found for option '-L/usr/local/opt/portable-expat/lib'
configure:3770: $? = 0
configure:3770: ./conftest
configure:3770: $? = 0
configure:3781: result: yes
configure:3794: checking for sys/types.h
configure:3794: cc -c -fomit-frame-pointer -funroll-loops  -ffast-math -Ofast -fno-signed-zeros -ffp-contract=fast -mmmx -msse -flto -m64    -I/usr/local/opt/openblas/include -I/usr/local/opt/llvm/include -I/usr/local/opt/readline/include -I/usr/local/opt/zlib/include -I/usr/local/opt/openssl@1.1/include -I/usr/local/opt/portable-expat/include  conftest.c >&5
configure:3794: $? = 0
configure:3794: result: yes
configure:3794: checking for sys/stat.h
configure:3794: cc -c -fomit-frame-pointer -funroll-loops  -ffast-math -Ofast -fno-signed-zeros -ffp-contract=fast -mmmx -msse -flto -m64    -I/usr/local/opt/openblas/include -I/usr/local/opt/llvm/include -I/usr/local/opt/readline/include -I/usr/local/opt/zlib/include -I/usr/local/opt/openssl@1.1/include -I/usr/local/opt/portable-expat/include  conftest.c >&5
configure:3794: $? = 0
configure:3794: result: yes
configure:3794: checking for stdlib.h
configure:3794: cc -c -fomit-frame-pointer -funroll-loops  -ffast-math -Ofast -fno-signed-zeros -ffp-contract=fast -mmmx -msse -flto -m64    -I/usr/local/opt/openblas/include -I/usr/local/opt/llvm/include -I/usr/local/opt/readline/include -I/usr/local/opt/zlib/include -I/usr/local/opt/openssl@1.1/include -I/usr/local/opt/portable-expat/include  conftest.c >&5
configure:3794: $? = 0
configure:3794: result: yes
configure:3794: checking for string.h
configure:3794: cc -c -fomit-frame-pointer -funroll-loops  -ffast-math -Ofast -fno-signed-zeros -ffp-contract=fast -mmmx -msse -flto -m64    -I/usr/local/opt/openblas/include -I/usr/local/opt/llvm/include -I/usr/local/opt/readline/include -I/usr/local/opt/zlib/include -I/usr/local/opt/openssl@1.1/include -I/usr/local/opt/portable-expat/include  conftest.c >&5
configure:3794: $? = 0
configure:3794: result: yes
configure:3794: checking for memory.h
configure:3794: cc -c -fomit-frame-pointer -funroll-loops  -ffast-math -Ofast -fno-signed-zeros -ffp-contract=fast -mmmx -msse -flto -m64    -I/usr/local/opt/openblas/include -I/usr/local/opt/llvm/include -I/usr/local/opt/readline/include -I/usr/local/opt/zlib/include -I/usr/local/opt/openssl@1.1/include -I/usr/local/opt/portable-expat/include  conftest.c >&5
configure:3794: $? = 0
configure:3794: result: yes
configure:3794: checking for strings.h
configure:3794: cc -c -fomit-frame-pointer -funroll-loops  -ffast-math -Ofast -fno-signed-zeros -ffp-contract=fast -mmmx -msse -flto -m64    -I/usr/local/opt/openblas/include -I/usr/local/opt/llvm/include -I/usr/local/opt/readline/include -I/usr/local/opt/zlib/include -I/usr/local/opt/openssl@1.1/include -I/usr/local/opt/portable-expat/include  conftest.c >&5
configure:3794: $? = 0
configure:3794: result: yes
configure:3794: checking for inttypes.h
configure:3794: cc -c -fomit-frame-pointer -funroll-loops  -ffast-math -Ofast -fno-signed-zeros -ffp-contract=fast -mmmx -msse -flto -m64    -I/usr/local/opt/openblas/include -I/usr/local/opt/llvm/include -I/usr/local/opt/readline/include -I/usr/local/opt/zlib/include -I/usr/local/opt/openssl@1.1/include -I/usr/local/opt/portable-expat/include  conftest.c >&5
configure:3794: $? = 0
configure:3794: result: yes
configure:3794: checking for stdint.h
configure:3794: cc -c -fomit-frame-pointer -funroll-loops  -ffast-math -Ofast -fno-signed-zeros -ffp-contract=fast -mmmx -msse -flto -m64    -I/usr/local/opt/openblas/include -I/usr/local/opt/llvm/include -I/usr/local/opt/readline/include -I/usr/local/opt/zlib/include -I/usr/local/opt/openssl@1.1/include -I/usr/local/opt/portable-expat/include  conftest.c >&5
configure:3794: $? = 0
configure:3794: result: yes
configure:3794: checking for unistd.h
configure:3794: cc -c -fomit-frame-pointer -funroll-loops  -ffast-math -Ofast -fno-signed-zeros -ffp-contract=fast -mmmx -msse -flto -m64    -I/usr/local/opt/openblas/include -I/usr/local/opt/llvm/include -I/usr/local/opt/readline/include -I/usr/local/opt/zlib/include -I/usr/local/opt/openssl@1.1/include -I/usr/local/opt/portable-expat/include  conftest.c >&5
configure:3794: $? = 0
configure:3794: result: yes
configure:3807: checking minix/config.h usability
configure:3807: cc -c -fomit-frame-pointer -funroll-loops  -ffast-math -Ofast -fno-signed-zeros -ffp-contract=fast -mmmx -msse -flto -m64    -I/usr/local/opt/openblas/include -I/usr/local/opt/llvm/include -I/usr/local/opt/readline/include -I/usr/local/opt/zlib/include -I/usr/local/opt/openssl@1.1/include -I/usr/local/opt/portable-expat/include  conftest.c >&5
conftest.c:52:10: fatal error: 'minix/config.h' file not found
#include <minix/config.h>
         ^~~~~~~~~~~~~~~~
1 error generated.
configure:3807: $? = 1
configure: failed program was:
| /* confdefs.h */
| #define PACKAGE_NAME "ldns"
| #define PACKAGE_TARNAME "libdns"
| #define PACKAGE_VERSION "1.7.0"
| #define PACKAGE_STRING "ldns 1.7.0"
| #define PACKAGE_BUGREPORT "libdns@nlnetlabs.nl"
| #define PACKAGE_URL ""
| #define STDC_HEADERS 1
| #define HAVE_SYS_TYPES_H 1
| #define HAVE_SYS_STAT_H 1
| #define HAVE_STDLIB_H 1
| #define HAVE_STRING_H 1
| #define HAVE_MEMORY_H 1
| #define HAVE_STRINGS_H 1
| #define HAVE_INTTYPES_H 1
| #define HAVE_STDINT_H 1
| #define HAVE_UNISTD_H 1
| /* end confdefs.h.  */
| #include <stdio.h>
| #ifdef HAVE_SYS_TYPES_H
| # include <sys/types.h>
| #endif
| #ifdef HAVE_SYS_STAT_H
| # include <sys/stat.h>
| #endif
| #ifdef STDC_HEADERS
| # include <stdlib.h>
| # include <stddef.h>
| #else
| # ifdef HAVE_STDLIB_H
| #  include <stdlib.h>
| # endif
| #endif
| #ifdef HAVE_STRING_H
| # if !defined STDC_HEADERS && defined HAVE_MEMORY_H
| #  include <memory.h>
| # endif
| # include <string.h>
| #endif
| #ifdef HAVE_STRINGS_H
| # include <strings.h>
| #endif
| #ifdef HAVE_INTTYPES_H
| # include <inttypes.h>
| #endif
| #ifdef HAVE_STDINT_H
| # include <stdint.h>
| #endif
| #ifdef HAVE_UNISTD_H
| # include <unistd.h>
| #endif
| #include <minix/config.h>
configure:3807: result: no
configure:3807: checking minix/config.h presence
configure:3807: cc -E -I/usr/local/opt/openblas/include -I/usr/local/opt/llvm/include -I/usr/local/opt/readline/include -I/usr/local/opt/zlib/include -I/usr/local/opt/openssl@1.1/include -I/usr/local/opt/portable-expat/include  conftest.c
conftest.c:19:10: fatal error: 'minix/config.h' file not found
#include <minix/config.h>
         ^~~~~~~~~~~~~~~~
1 error generated.
configure:3807: $? = 1
configure: failed program was:
| /* confdefs.h */
| #define PACKAGE_NAME "ldns"
| #define PACKAGE_TARNAME "libdns"
| #define PACKAGE_VERSION "1.7.0"
| #define PACKAGE_STRING "ldns 1.7.0"
| #define PACKAGE_BUGREPORT "libdns@nlnetlabs.nl"
| #define PACKAGE_URL ""
| #define STDC_HEADERS 1
| #define HAVE_SYS_TYPES_H 1
| #define HAVE_SYS_STAT_H 1
| #define HAVE_STDLIB_H 1
| #define HAVE_STRING_H 1
| #define HAVE_MEMORY_H 1
| #define HAVE_STRINGS_H 1
| #define HAVE_INTTYPES_H 1
| #define HAVE_STDINT_H 1
| #define HAVE_UNISTD_H 1
| /* end confdefs.h.  */
| #include <minix/config.h>
configure:3807: result: no
configure:3807: checking for minix/config.h
configure:3807: result: no
configure:3828: checking whether it is safe to define __EXTENSIONS__
configure:3846: cc -c -fomit-frame-pointer -funroll-loops  -ffast-math -Ofast -fno-signed-zeros -ffp-contract=fast -mmmx -msse -flto -m64    -I/usr/local/opt/openblas/include -I/usr/local/opt/llvm/include -I/usr/local/opt/readline/include -I/usr/local/opt/zlib/include -I/usr/local/opt/openssl@1.1/include -I/usr/local/opt/portable-expat/include  conftest.c >&5
configure:3846: $? = 0
configure:3853: result: yes
configure:3929: checking for gcc
configure:3956: result: cc
configure:4185: checking for C compiler version
configure:4194: cc --version >&5
Apple LLVM version 9.0.0 (clang-900.0.22.8)
Target: x86_64-apple-darwin17.0.0
Thread model: posix
InstalledDir: /Applications/Xcode.app/Contents/Developer/Toolchains/XcodeDefault.xctoolchain/usr/bin
configure:4205: $? = 0
configure:4194: cc -v >&5
Apple LLVM version 9.0.0 (clang-900.0.22.8)
Target: x86_64-apple-darwin17.0.0
Thread model: posix
InstalledDir: /Applications/Xcode.app/Contents/Developer/Toolchains/XcodeDefault.xctoolchain/usr/bin
Found CUDA installation: /usr/local/cuda, version 8.0
configure:4205: $? = 0
configure:4194: cc -V >&5
clang: error: argument to '-V' is missing (expected 1 value)
clang: error: no input files
configure:4205: $? = 1
configure:4194: cc -qversion >&5
clang: error: unknown argument: '-qversion'
clang: error: no input files
configure:4205: $? = 1
configure:4209: checking whether we are using the GNU C compiler
configure:4237: result: yes
configure:4246: checking whether cc accepts -g
configure:4307: result: yes
configure:4324: checking for cc option to accept ISO C89
configure:4400: result: none needed
configure:4421: checking cc dependency flag
configure:4433: result: -MM
configure:4438: checking whether make sets $(MAKE)
configure:4460: result: yes
configure:4504: checking build system type
configure:4518: result: x86_64-apple-darwin17.0.0
configure:4538: checking host system type
configure:4551: result: x86_64-apple-darwin17.0.0
configure:4585: checking whether cc supports -std=c99
configure:4603: result: yes
configure:4616: checking whether cc supports -xc99
configure:4639: result: no
configure:4658: checking for an ANSI C-conforming const
configure:4724: cc -c -fomit-frame-pointer -funroll-loops  -ffast-math -Ofast -fno-signed-zeros -ffp-contract=fast -mmmx -msse -flto -m64    -I/usr/local/opt/openblas/include -I/usr/local/opt/llvm/include -I/usr/local/opt/readline/include -I/usr/local/opt/zlib/include -I/usr/local/opt/openssl@1.1/include -I/usr/local/opt/portable-expat/include  conftest.c >&5
configure:4724: $? = 0
configure:4731: result: yes
configure:4811: checking whether cc supports -Wall
configure:4829: result: yes
configure:4842: checking whether cc supports -W
configure:4860: result: yes
configure:4873: checking whether cc supports -Wwrite-strings
configure:4891: result: yes
configure:4904: checking whether cc supports -Wstrict-prototypes
configure:4922: result: yes
configure:4936: checking whether cc supports -Wunused-function
configure:4954: result: yes
configure:4967: checking whether cc supports -Wmissing-prototypes
configure:4990: result: no
configure:5000: checking for getopt.h
configure:5000: cc -c -Wunused-function -Wstrict-prototypes -Wwrite-strings -W -Wall -fomit-frame-pointer -funroll-loops  -ffast-math -Ofast -fno-signed-zeros -ffp-contract=fast -mmmx -msse -flto -m64    -I/usr/local/opt/openblas/include -I/usr/local/opt/llvm/include -I/usr/local/opt/readline/include -I/usr/local/opt/zlib/include -I/usr/local/opt/openssl@1.1/include -I/usr/local/opt/portable-expat/include  conftest.c >&5
configure:5000: $? = 0
configure:5000: result: yes
configure:5000: checking for time.h
configure:5000: cc -c -Wunused-function -Wstrict-prototypes -Wwrite-strings -W -Wall -fomit-frame-pointer -funroll-loops  -ffast-math -Ofast -fno-signed-zeros -ffp-contract=fast -mmmx -msse -flto -m64    -I/usr/local/opt/openblas/include -I/usr/local/opt/llvm/include -I/usr/local/opt/readline/include -I/usr/local/opt/zlib/include -I/usr/local/opt/openssl@1.1/include -I/usr/local/opt/portable-expat/include  conftest.c >&5
configure:5000: $? = 0
configure:5000: result: yes
configure:5016: checking for winsock2.h
configure:5016: cc -c -Wunused-function -Wstrict-prototypes -Wwrite-strings -W -Wall -fomit-frame-pointer -funroll-loops  -ffast-math -Ofast -fno-signed-zeros -ffp-contract=fast -mmmx -msse -flto -m64    -I/usr/local/opt/openblas/include -I/usr/local/opt/llvm/include -I/usr/local/opt/readline/include -I/usr/local/opt/zlib/include -I/usr/local/opt/openssl@1.1/include -I/usr/local/opt/portable-expat/include  conftest.c >&5
conftest.c:61:10: fatal error: 'winsock2.h' file not found
#include <winsock2.h>
         ^~~~~~~~~~~~
1 error generated.
configure:5016: $? = 1
configure: failed program was:
| /* confdefs.h */
| #define PACKAGE_NAME "ldns"
| #define PACKAGE_TARNAME "libdns"
| #define PACKAGE_VERSION "1.7.0"
| #define PACKAGE_STRING "ldns 1.7.0"
| #define PACKAGE_BUGREPORT "libdns@nlnetlabs.nl"
| #define PACKAGE_URL ""
| #define STDC_HEADERS 1
| #define HAVE_SYS_TYPES_H 1
| #define HAVE_SYS_STAT_H 1
| #define HAVE_STDLIB_H 1
| #define HAVE_STRING_H 1
| #define HAVE_MEMORY_H 1
| #define HAVE_STRINGS_H 1
| #define HAVE_INTTYPES_H 1
| #define HAVE_STDINT_H 1
| #define HAVE_UNISTD_H 1
| #define __EXTENSIONS__ 1
| #define _ALL_SOURCE 1
| #define _GNU_SOURCE 1
| #define _POSIX_PTHREAD_SEMANTICS 1
| #define _TANDEM_SOURCE 1
| #define WINVER 0x0502
| #define HAVE_GETOPT_H 1
| #define HAVE_TIME_H 1
| /* end confdefs.h.  */
| #include <stdio.h>
| #ifdef HAVE_SYS_TYPES_H
| # include <sys/types.h>
| #endif
| #ifdef HAVE_SYS_STAT_H
| # include <sys/stat.h>
| #endif
| #ifdef STDC_HEADERS
| # include <stdlib.h>
| # include <stddef.h>
| #else
| # ifdef HAVE_STDLIB_H
| #  include <stdlib.h>
| # endif
| #endif
| #ifdef HAVE_STRING_H
| # if !defined STDC_HEADERS && defined HAVE_MEMORY_H
| #  include <memory.h>
| # endif
| # include <string.h>
| #endif
| #ifdef HAVE_STRINGS_H
| # include <strings.h>
| #endif
| #ifdef HAVE_INTTYPES_H
| # include <inttypes.h>
| #endif
| #ifdef HAVE_STDINT_H
| # include <stdint.h>
| #endif
| #ifdef HAVE_UNISTD_H
| # include <unistd.h>
| #endif
| 
| #include <winsock2.h>
configure:5016: result: no
configure:5016: checking for ws2tcpip.h
configure:5016: cc -c -Wunused-function -Wstrict-prototypes -Wwrite-strings -W -Wall -fomit-frame-pointer -funroll-loops  -ffast-math -Ofast -fno-signed-zeros -ffp-contract=fast -mmmx -msse -flto -m64    -I/usr/local/opt/openblas/include -I/usr/local/opt/llvm/include -I/usr/local/opt/readline/include -I/usr/local/opt/zlib/include -I/usr/local/opt/openssl@1.1/include -I/usr/local/opt/portable-expat/include  conftest.c >&5
conftest.c:61:10: fatal error: 'ws2tcpip.h' file not found
#include <ws2tcpip.h>
         ^~~~~~~~~~~~
1 error generated.
configure:5016: $? = 1
configure: failed program was:
| /* confdefs.h */
| #define PACKAGE_NAME "ldns"
| #define PACKAGE_TARNAME "libdns"
| #define PACKAGE_VERSION "1.7.0"
| #define PACKAGE_STRING "ldns 1.7.0"
| #define PACKAGE_BUGREPORT "libdns@nlnetlabs.nl"
| #define PACKAGE_URL ""
| #define STDC_HEADERS 1
| #define HAVE_SYS_TYPES_H 1
| #define HAVE_SYS_STAT_H 1
| #define HAVE_STDLIB_H 1
| #define HAVE_STRING_H 1
| #define HAVE_MEMORY_H 1
| #define HAVE_STRINGS_H 1
| #define HAVE_INTTYPES_H 1
| #define HAVE_STDINT_H 1
| #define HAVE_UNISTD_H 1
| #define __EXTENSIONS__ 1
| #define _ALL_SOURCE 1
| #define _GNU_SOURCE 1
| #define _POSIX_PTHREAD_SEMANTICS 1
| #define _TANDEM_SOURCE 1
| #define WINVER 0x0502
| #define HAVE_GETOPT_H 1
| #define HAVE_TIME_H 1
| /* end confdefs.h.  */
| #include <stdio.h>
| #ifdef HAVE_SYS_TYPES_H
| # include <sys/types.h>
| #endif
| #ifdef HAVE_SYS_STAT_H
| # include <sys/stat.h>
| #endif
| #ifdef STDC_HEADERS
| # include <stdlib.h>
| # include <stddef.h>
| #else
| # ifdef HAVE_STDLIB_H
| #  include <stdlib.h>
| # endif
| #endif
| #ifdef HAVE_STRING_H
| # if !defined STDC_HEADERS && defined HAVE_MEMORY_H
| #  include <memory.h>
| # endif
| # include <string.h>
| #endif
| #ifdef HAVE_STRINGS_H
| # include <strings.h>
| #endif
| #ifdef HAVE_INTTYPES_H
| # include <inttypes.h>
| #endif
| #ifdef HAVE_STDINT_H
| # include <stdint.h>
| #endif
| #ifdef HAVE_UNISTD_H
| # include <unistd.h>
| #endif
| 
| #include <ws2tcpip.h>
configure:5016: result: no
configure:5032: checking whether cc supports -Werror
configure:5050: result: yes
configure:5063: checking whether cc supports -Wall
configure:5081: result: yes
configure:5096: checking whether cc supports -std=c99
configure:5114: result: yes
configure:5127: checking whether cc supports -xc99
configure:5150: result: no
configure:5160: checking for getopt.h
configure:5160: result: yes
configure:5160: checking for time.h
configure:5160: result: yes
configure:5175: checking whether we need -std=c99 -D__EXTENSIONS__ -D_BSD_SOURCE -D_DEFAULT_SOURCE -D_POSIX_C_SOURCE=200112 -D_XOPEN_SOURCE=600 -D_XOPEN_SOURCE_EXTENDED=1 -D_ALL_SOURCE as a flag for cc
configure:5245: result: no
configure:5266: checking whether we need -std=c99 -D__EXTENSIONS__ -D_BSD_SOURCE -D_DEFAULT_SOURCE -D_POSIX_C_SOURCE=200112 -D_XOPEN_SOURCE=600 -D_ALL_SOURCE as a flag for cc
configure:5336: result: no
configure:5357: checking whether we need -std=c99 as a flag for cc
configure:5400: result: no
configure:5421: checking whether we need -D_BSD_SOURCE -D_DEFAULT_SOURCE as a flag for cc
configure:5465: result: no
configure:5486: checking whether we need -D_GNU_SOURCE as a flag for cc
configure:5530: result: no
configure:5554: checking whether we need -D_GNU_SOURCE -D_FRSRESGID as a flag for cc
configure:5608: result: failed
configure:5619: checking whether we need -D_POSIX_C_SOURCE=200112 as a flag for cc
configure:5674: result: no
configure:5695: checking whether we need -D__EXTENSIONS__ as a flag for cc
configure:5756: result: no
configure:5776: checking for inline
configure:5792: cc -c -Wunused-function -Wstrict-prototypes -Wwrite-strings -W -Wall -fomit-frame-pointer -funroll-loops  -ffast-math -Ofast -fno-signed-zeros -ffp-contract=fast -mmmx -msse -flto -m64    -I/usr/local/opt/openblas/include -I/usr/local/opt/llvm/include -I/usr/local/opt/readline/include -I/usr/local/opt/zlib/include -I/usr/local/opt/openssl@1.1/include -I/usr/local/opt/portable-expat/include  conftest.c >&5
conftest.c:31:21: warning: unused function 'static_foo' [-Wunused-function]
static inline foo_t static_foo () {return 0; }
                    ^
1 warning generated.
configure:5792: $? = 0
configure:5800: result: inline
configure:5818: checking for int8_t
configure:5818: cc -c -Wunused-function -Wstrict-prototypes -Wwrite-strings -W -Wall -fomit-frame-pointer -funroll-loops  -ffast-math -Ofast -fno-signed-zeros -ffp-contract=fast -mmmx -msse -flto -m64    -I/usr/local/opt/openblas/include -I/usr/local/opt/llvm/include -I/usr/local/opt/readline/include -I/usr/local/opt/zlib/include -I/usr/local/opt/openssl@1.1/include -I/usr/local/opt/portable-expat/include  conftest.c >&5
configure:5818: $? = 0
configure:5818: cc -c -Wunused-function -Wstrict-prototypes -Wwrite-strings -W -Wall -fomit-frame-pointer -funroll-loops  -ffast-math -Ofast -fno-signed-zeros -ffp-contract=fast -mmmx -msse -flto -m64    -I/usr/local/opt/openblas/include -I/usr/local/opt/llvm/include -I/usr/local/opt/readline/include -I/usr/local/opt/zlib/include -I/usr/local/opt/openssl@1.1/include -I/usr/local/opt/portable-expat/include  conftest.c >&5
conftest.c:65:21: error: expected expression
if (sizeof ((int8_t)))
                    ^
1 error generated.
configure:5818: $? = 1
configure: failed program was:
| /* confdefs.h */
| #define PACKAGE_NAME "ldns"
| #define PACKAGE_TARNAME "libdns"
| #define PACKAGE_VERSION "1.7.0"
| #define PACKAGE_STRING "ldns 1.7.0"
| #define PACKAGE_BUGREPORT "libdns@nlnetlabs.nl"
| #define PACKAGE_URL ""
| #define STDC_HEADERS 1
| #define HAVE_SYS_TYPES_H 1
| #define HAVE_SYS_STAT_H 1
| #define HAVE_STDLIB_H 1
| #define HAVE_STRING_H 1
| #define HAVE_MEMORY_H 1
| #define HAVE_STRINGS_H 1
| #define HAVE_INTTYPES_H 1
| #define HAVE_STDINT_H 1
| #define HAVE_UNISTD_H 1
| #define __EXTENSIONS__ 1
| #define _ALL_SOURCE 1
| #define _GNU_SOURCE 1
| #define _POSIX_PTHREAD_SEMANTICS 1
| #define _TANDEM_SOURCE 1
| #define WINVER 0x0502
| #define HAVE_GETOPT_H 1
| #define HAVE_TIME_H 1
| #define HAVE_GETOPT_H 1
| #define HAVE_TIME_H 1
| /* end confdefs.h.  */
| #include <stdio.h>
| #ifdef HAVE_SYS_TYPES_H
| # include <sys/types.h>
| #endif
| #ifdef HAVE_SYS_STAT_H
| # include <sys/stat.h>
| #endif
| #ifdef STDC_HEADERS
| # include <stdlib.h>
| # include <stddef.h>
| #else
| # ifdef HAVE_STDLIB_H
| #  include <stdlib.h>
| # endif
| #endif
| #ifdef HAVE_STRING_H
| # if !defined STDC_HEADERS && defined HAVE_MEMORY_H
| #  include <memory.h>
| # endif
| # include <string.h>
| #endif
| #ifdef HAVE_STRINGS_H
| # include <strings.h>
| #endif
| #ifdef HAVE_INTTYPES_H
| # include <inttypes.h>
| #endif
| #ifdef HAVE_STDINT_H
| # include <stdint.h>
| #endif
| #ifdef HAVE_UNISTD_H
| # include <unistd.h>
| #endif
| int
| main ()
| {
| if (sizeof ((int8_t)))
| 	    return 0;
|   ;
|   return 0;
| }
configure:5818: result: yes
configure:5829: checking for int16_t
configure:5829: cc -c -Wunused-function -Wstrict-prototypes -Wwrite-strings -W -Wall -fomit-frame-pointer -funroll-loops  -ffast-math -Ofast -fno-signed-zeros -ffp-contract=fast -mmmx -msse -flto -m64    -I/usr/local/opt/openblas/include -I/usr/local/opt/llvm/include -I/usr/local/opt/readline/include -I/usr/local/opt/zlib/include -I/usr/local/opt/openssl@1.1/include -I/usr/local/opt/portable-expat/include  conftest.c >&5
configure:5829: $? = 0
configure:5829: cc -c -Wunused-function -Wstrict-prototypes -Wwrite-strings -W -Wall -fomit-frame-pointer -funroll-loops  -ffast-math -Ofast -fno-signed-zeros -ffp-contract=fast -mmmx -msse -flto -m64    -I/usr/local/opt/openblas/include -I/usr/local/opt/llvm/include -I/usr/local/opt/readline/include -I/usr/local/opt/zlib/include -I/usr/local/opt/openssl@1.1/include -I/usr/local/opt/portable-expat/include  conftest.c >&5
conftest.c:65:22: error: expected expression
if (sizeof ((int16_t)))
                     ^
1 error generated.
configure:5829: $? = 1
configure: failed program was:
| /* confdefs.h */
| #define PACKAGE_NAME "ldns"
| #define PACKAGE_TARNAME "libdns"
| #define PACKAGE_VERSION "1.7.0"
| #define PACKAGE_STRING "ldns 1.7.0"
| #define PACKAGE_BUGREPORT "libdns@nlnetlabs.nl"
| #define PACKAGE_URL ""
| #define STDC_HEADERS 1
| #define HAVE_SYS_TYPES_H 1
| #define HAVE_SYS_STAT_H 1
| #define HAVE_STDLIB_H 1
| #define HAVE_STRING_H 1
| #define HAVE_MEMORY_H 1
| #define HAVE_STRINGS_H 1
| #define HAVE_INTTYPES_H 1
| #define HAVE_STDINT_H 1
| #define HAVE_UNISTD_H 1
| #define __EXTENSIONS__ 1
| #define _ALL_SOURCE 1
| #define _GNU_SOURCE 1
| #define _POSIX_PTHREAD_SEMANTICS 1
| #define _TANDEM_SOURCE 1
| #define WINVER 0x0502
| #define HAVE_GETOPT_H 1
| #define HAVE_TIME_H 1
| #define HAVE_GETOPT_H 1
| #define HAVE_TIME_H 1
| /* end confdefs.h.  */
| #include <stdio.h>
| #ifdef HAVE_SYS_TYPES_H
| # include <sys/types.h>
| #endif
| #ifdef HAVE_SYS_STAT_H
| # include <sys/stat.h>
| #endif
| #ifdef STDC_HEADERS
| # include <stdlib.h>
| # include <stddef.h>
| #else
| # ifdef HAVE_STDLIB_H
| #  include <stdlib.h>
| # endif
| #endif
| #ifdef HAVE_STRING_H
| # if !defined STDC_HEADERS && defined HAVE_MEMORY_H
| #  include <memory.h>
| # endif
| # include <string.h>
| #endif
| #ifdef HAVE_STRINGS_H
| # include <strings.h>
| #endif
| #ifdef HAVE_INTTYPES_H
| # include <inttypes.h>
| #endif
| #ifdef HAVE_STDINT_H
| # include <stdint.h>
| #endif
| #ifdef HAVE_UNISTD_H
| # include <unistd.h>
| #endif
| int
| main ()
| {
| if (sizeof ((int16_t)))
| 	    return 0;
|   ;
|   return 0;
| }
configure:5829: result: yes
configure:5840: checking for int32_t
configure:5840: cc -c -Wunused-function -Wstrict-prototypes -Wwrite-strings -W -Wall -fomit-frame-pointer -funroll-loops  -ffast-math -Ofast -fno-signed-zeros -ffp-contract=fast -mmmx -msse -flto -m64    -I/usr/local/opt/openblas/include -I/usr/local/opt/llvm/include -I/usr/local/opt/readline/include -I/usr/local/opt/zlib/include -I/usr/local/opt/openssl@1.1/include -I/usr/local/opt/portable-expat/include  conftest.c >&5
configure:5840: $? = 0
configure:5840: cc -c -Wunused-function -Wstrict-prototypes -Wwrite-strings -W -Wall -fomit-frame-pointer -funroll-loops  -ffast-math -Ofast -fno-signed-zeros -ffp-contract=fast -mmmx -msse -flto -m64    -I/usr/local/opt/openblas/include -I/usr/local/opt/llvm/include -I/usr/local/opt/readline/include -I/usr/local/opt/zlib/include -I/usr/local/opt/openssl@1.1/include -I/usr/local/opt/portable-expat/include  conftest.c >&5
conftest.c:65:22: error: expected expression
if (sizeof ((int32_t)))
                     ^
1 error generated.
configure:5840: $? = 1
configure: failed program was:
| /* confdefs.h */
| #define PACKAGE_NAME "ldns"
| #define PACKAGE_TARNAME "libdns"
| #define PACKAGE_VERSION "1.7.0"
| #define PACKAGE_STRING "ldns 1.7.0"
| #define PACKAGE_BUGREPORT "libdns@nlnetlabs.nl"
| #define PACKAGE_URL ""
| #define STDC_HEADERS 1
| #define HAVE_SYS_TYPES_H 1
| #define HAVE_SYS_STAT_H 1
| #define HAVE_STDLIB_H 1
| #define HAVE_STRING_H 1
| #define HAVE_MEMORY_H 1
| #define HAVE_STRINGS_H 1
| #define HAVE_INTTYPES_H 1
| #define HAVE_STDINT_H 1
| #define HAVE_UNISTD_H 1
| #define __EXTENSIONS__ 1
| #define _ALL_SOURCE 1
| #define _GNU_SOURCE 1
| #define _POSIX_PTHREAD_SEMANTICS 1
| #define _TANDEM_SOURCE 1
| #define WINVER 0x0502
| #define HAVE_GETOPT_H 1
| #define HAVE_TIME_H 1
| #define HAVE_GETOPT_H 1
| #define HAVE_TIME_H 1
| /* end confdefs.h.  */
| #include <stdio.h>
| #ifdef HAVE_SYS_TYPES_H
| # include <sys/types.h>
| #endif
| #ifdef HAVE_SYS_STAT_H
| # include <sys/stat.h>
| #endif
| #ifdef STDC_HEADERS
| # include <stdlib.h>
| # include <stddef.h>
| #else
| # ifdef HAVE_STDLIB_H
| #  include <stdlib.h>
| # endif
| #endif
| #ifdef HAVE_STRING_H
| # if !defined STDC_HEADERS && defined HAVE_MEMORY_H
| #  include <memory.h>
| # endif
| # include <string.h>
| #endif
| #ifdef HAVE_STRINGS_H
| # include <strings.h>
| #endif
| #ifdef HAVE_INTTYPES_H
| # include <inttypes.h>
| #endif
| #ifdef HAVE_STDINT_H
| # include <stdint.h>
| #endif
| #ifdef HAVE_UNISTD_H
| # include <unistd.h>
| #endif
| int
| main ()
| {
| if (sizeof ((int32_t)))
| 	    return 0;
|   ;
|   return 0;
| }
configure:5840: result: yes
configure:5851: checking for int64_t
configure:5851: cc -c -Wunused-function -Wstrict-prototypes -Wwrite-strings -W -Wall -fomit-frame-pointer -funroll-loops  -ffast-math -Ofast -fno-signed-zeros -ffp-contract=fast -mmmx -msse -flto -m64    -I/usr/local/opt/openblas/include -I/usr/local/opt/llvm/include -I/usr/local/opt/readline/include -I/usr/local/opt/zlib/include -I/usr/local/opt/openssl@1.1/include -I/usr/local/opt/portable-expat/include  conftest.c >&5
configure:5851: $? = 0
configure:5851: cc -c -Wunused-function -Wstrict-prototypes -Wwrite-strings -W -Wall -fomit-frame-pointer -funroll-loops  -ffast-math -Ofast -fno-signed-zeros -ffp-contract=fast -mmmx -msse -flto -m64    -I/usr/local/opt/openblas/include -I/usr/local/opt/llvm/include -I/usr/local/opt/readline/include -I/usr/local/opt/zlib/include -I/usr/local/opt/openssl@1.1/include -I/usr/local/opt/portable-expat/include  conftest.c >&5
conftest.c:65:22: error: expected expression
if (sizeof ((int64_t)))
                     ^
1 error generated.
configure:5851: $? = 1
configure: failed program was:
| /* confdefs.h */
| #define PACKAGE_NAME "ldns"
| #define PACKAGE_TARNAME "libdns"
| #define PACKAGE_VERSION "1.7.0"
| #define PACKAGE_STRING "ldns 1.7.0"
| #define PACKAGE_BUGREPORT "libdns@nlnetlabs.nl"
| #define PACKAGE_URL ""
| #define STDC_HEADERS 1
| #define HAVE_SYS_TYPES_H 1
| #define HAVE_SYS_STAT_H 1
| #define HAVE_STDLIB_H 1
| #define HAVE_STRING_H 1
| #define HAVE_MEMORY_H 1
| #define HAVE_STRINGS_H 1
| #define HAVE_INTTYPES_H 1
| #define HAVE_STDINT_H 1
| #define HAVE_UNISTD_H 1
| #define __EXTENSIONS__ 1
| #define _ALL_SOURCE 1
| #define _GNU_SOURCE 1
| #define _POSIX_PTHREAD_SEMANTICS 1
| #define _TANDEM_SOURCE 1
| #define WINVER 0x0502
| #define HAVE_GETOPT_H 1
| #define HAVE_TIME_H 1
| #define HAVE_GETOPT_H 1
| #define HAVE_TIME_H 1
| /* end confdefs.h.  */
| #include <stdio.h>
| #ifdef HAVE_SYS_TYPES_H
| # include <sys/types.h>
| #endif
| #ifdef HAVE_SYS_STAT_H
| # include <sys/stat.h>
| #endif
| #ifdef STDC_HEADERS
| # include <stdlib.h>
| # include <stddef.h>
| #else
| # ifdef HAVE_STDLIB_H
| #  include <stdlib.h>
| # endif
| #endif
| #ifdef HAVE_STRING_H
| # if !defined STDC_HEADERS && defined HAVE_MEMORY_H
| #  include <memory.h>
| # endif
| # include <string.h>
| #endif
| #ifdef HAVE_STRINGS_H
| # include <strings.h>
| #endif
| #ifdef HAVE_INTTYPES_H
| # include <inttypes.h>
| #endif
| #ifdef HAVE_STDINT_H
| # include <stdint.h>
| #endif
| #ifdef HAVE_UNISTD_H
| # include <unistd.h>
| #endif
| int
| main ()
| {
| if (sizeof ((int64_t)))
| 	    return 0;
|   ;
|   return 0;
| }
configure:5851: result: yes
configure:5862: checking for uint8_t
configure:5862: cc -c -Wunused-function -Wstrict-prototypes -Wwrite-strings -W -Wall -fomit-frame-pointer -funroll-loops  -ffast-math -Ofast -fno-signed-zeros -ffp-contract=fast -mmmx -msse -flto -m64    -I/usr/local/opt/openblas/include -I/usr/local/opt/llvm/include -I/usr/local/opt/readline/include -I/usr/local/opt/zlib/include -I/usr/local/opt/openssl@1.1/include -I/usr/local/opt/portable-expat/include  conftest.c >&5
configure:5862: $? = 0
configure:5862: cc -c -Wunused-function -Wstrict-prototypes -Wwrite-strings -W -Wall -fomit-frame-pointer -funroll-loops  -ffast-math -Ofast -fno-signed-zeros -ffp-contract=fast -mmmx -msse -flto -m64    -I/usr/local/opt/openblas/include -I/usr/local/opt/llvm/include -I/usr/local/opt/readline/include -I/usr/local/opt/zlib/include -I/usr/local/opt/openssl@1.1/include -I/usr/local/opt/portable-expat/include  conftest.c >&5
conftest.c:65:22: error: expected expression
if (sizeof ((uint8_t)))
                     ^
1 error generated.
configure:5862: $? = 1
configure: failed program was:
| /* confdefs.h */
| #define PACKAGE_NAME "ldns"
| #define PACKAGE_TARNAME "libdns"
| #define PACKAGE_VERSION "1.7.0"
| #define PACKAGE_STRING "ldns 1.7.0"
| #define PACKAGE_BUGREPORT "libdns@nlnetlabs.nl"
| #define PACKAGE_URL ""
| #define STDC_HEADERS 1
| #define HAVE_SYS_TYPES_H 1
| #define HAVE_SYS_STAT_H 1
| #define HAVE_STDLIB_H 1
| #define HAVE_STRING_H 1
| #define HAVE_MEMORY_H 1
| #define HAVE_STRINGS_H 1
| #define HAVE_INTTYPES_H 1
| #define HAVE_STDINT_H 1
| #define HAVE_UNISTD_H 1
| #define __EXTENSIONS__ 1
| #define _ALL_SOURCE 1
| #define _GNU_SOURCE 1
| #define _POSIX_PTHREAD_SEMANTICS 1
| #define _TANDEM_SOURCE 1
| #define WINVER 0x0502
| #define HAVE_GETOPT_H 1
| #define HAVE_TIME_H 1
| #define HAVE_GETOPT_H 1
| #define HAVE_TIME_H 1
| /* end confdefs.h.  */
| #include <stdio.h>
| #ifdef HAVE_SYS_TYPES_H
| # include <sys/types.h>
| #endif
| #ifdef HAVE_SYS_STAT_H
| # include <sys/stat.h>
| #endif
| #ifdef STDC_HEADERS
| # include <stdlib.h>
| # include <stddef.h>
| #else
| # ifdef HAVE_STDLIB_H
| #  include <stdlib.h>
| # endif
| #endif
| #ifdef HAVE_STRING_H
| # if !defined STDC_HEADERS && defined HAVE_MEMORY_H
| #  include <memory.h>
| # endif
| # include <string.h>
| #endif
| #ifdef HAVE_STRINGS_H
| # include <strings.h>
| #endif
| #ifdef HAVE_INTTYPES_H
| # include <inttypes.h>
| #endif
| #ifdef HAVE_STDINT_H
| # include <stdint.h>
| #endif
| #ifdef HAVE_UNISTD_H
| # include <unistd.h>
| #endif
| int
| main ()
| {
| if (sizeof ((uint8_t)))
| 	    return 0;
|   ;
|   return 0;
| }
configure:5862: result: yes
configure:5873: checking for uint16_t
configure:5873: cc -c -Wunused-function -Wstrict-prototypes -Wwrite-strings -W -Wall -fomit-frame-pointer -funroll-loops  -ffast-math -Ofast -fno-signed-zeros -ffp-contract=fast -mmmx -msse -flto -m64    -I/usr/local/opt/openblas/include -I/usr/local/opt/llvm/include -I/usr/local/opt/readline/include -I/usr/local/opt/zlib/include -I/usr/local/opt/openssl@1.1/include -I/usr/local/opt/portable-expat/include  conftest.c >&5
configure:5873: $? = 0
configure:5873: cc -c -Wunused-function -Wstrict-prototypes -Wwrite-strings -W -Wall -fomit-frame-pointer -funroll-loops  -ffast-math -Ofast -fno-signed-zeros -ffp-contract=fast -mmmx -msse -flto -m64    -I/usr/local/opt/openblas/include -I/usr/local/opt/llvm/include -I/usr/local/opt/readline/include -I/usr/local/opt/zlib/include -I/usr/local/opt/openssl@1.1/include -I/usr/local/opt/portable-expat/include  conftest.c >&5
conftest.c:65:23: error: expected expression
if (sizeof ((uint16_t)))
                      ^
1 error generated.
configure:5873: $? = 1
configure: failed program was:
| /* confdefs.h */
| #define PACKAGE_NAME "ldns"
| #define PACKAGE_TARNAME "libdns"
| #define PACKAGE_VERSION "1.7.0"
| #define PACKAGE_STRING "ldns 1.7.0"
| #define PACKAGE_BUGREPORT "libdns@nlnetlabs.nl"
| #define PACKAGE_URL ""
| #define STDC_HEADERS 1
| #define HAVE_SYS_TYPES_H 1
| #define HAVE_SYS_STAT_H 1
| #define HAVE_STDLIB_H 1
| #define HAVE_STRING_H 1
| #define HAVE_MEMORY_H 1
| #define HAVE_STRINGS_H 1
| #define HAVE_INTTYPES_H 1
| #define HAVE_STDINT_H 1
| #define HAVE_UNISTD_H 1
| #define __EXTENSIONS__ 1
| #define _ALL_SOURCE 1
| #define _GNU_SOURCE 1
| #define _POSIX_PTHREAD_SEMANTICS 1
| #define _TANDEM_SOURCE 1
| #define WINVER 0x0502
| #define HAVE_GETOPT_H 1
| #define HAVE_TIME_H 1
| #define HAVE_GETOPT_H 1
| #define HAVE_TIME_H 1
| /* end confdefs.h.  */
| #include <stdio.h>
| #ifdef HAVE_SYS_TYPES_H
| # include <sys/types.h>
| #endif
| #ifdef HAVE_SYS_STAT_H
| # include <sys/stat.h>
| #endif
| #ifdef STDC_HEADERS
| # include <stdlib.h>
| # include <stddef.h>
| #else
| # ifdef HAVE_STDLIB_H
| #  include <stdlib.h>
| # endif
| #endif
| #ifdef HAVE_STRING_H
| # if !defined STDC_HEADERS && defined HAVE_MEMORY_H
| #  include <memory.h>
| # endif
| # include <string.h>
| #endif
| #ifdef HAVE_STRINGS_H
| # include <strings.h>
| #endif
| #ifdef HAVE_INTTYPES_H
| # include <inttypes.h>
| #endif
| #ifdef HAVE_STDINT_H
| # include <stdint.h>
| #endif
| #ifdef HAVE_UNISTD_H
| # include <unistd.h>
| #endif
| int
| main ()
| {
| if (sizeof ((uint16_t)))
| 	    return 0;
|   ;
|   return 0;
| }
configure:5873: result: yes
configure:5884: checking for uint32_t
configure:5884: cc -c -Wunused-function -Wstrict-prototypes -Wwrite-strings -W -Wall -fomit-frame-pointer -funroll-loops  -ffast-math -Ofast -fno-signed-zeros -ffp-contract=fast -mmmx -msse -flto -m64    -I/usr/local/opt/openblas/include -I/usr/local/opt/llvm/include -I/usr/local/opt/readline/include -I/usr/local/opt/zlib/include -I/usr/local/opt/openssl@1.1/include -I/usr/local/opt/portable-expat/include  conftest.c >&5
configure:5884: $? = 0
configure:5884: cc -c -Wunused-function -Wstrict-prototypes -Wwrite-strings -W -Wall -fomit-frame-pointer -funroll-loops  -ffast-math -Ofast -fno-signed-zeros -ffp-contract=fast -mmmx -msse -flto -m64    -I/usr/local/opt/openblas/include -I/usr/local/opt/llvm/include -I/usr/local/opt/readline/include -I/usr/local/opt/zlib/include -I/usr/local/opt/openssl@1.1/include -I/usr/local/opt/portable-expat/include  conftest.c >&5
conftest.c:65:23: error: expected expression
if (sizeof ((uint32_t)))
                      ^
1 error generated.
configure:5884: $? = 1
configure: failed program was:
| /* confdefs.h */
| #define PACKAGE_NAME "ldns"
| #define PACKAGE_TARNAME "libdns"
| #define PACKAGE_VERSION "1.7.0"
| #define PACKAGE_STRING "ldns 1.7.0"
| #define PACKAGE_BUGREPORT "libdns@nlnetlabs.nl"
| #define PACKAGE_URL ""
| #define STDC_HEADERS 1
| #define HAVE_SYS_TYPES_H 1
| #define HAVE_SYS_STAT_H 1
| #define HAVE_STDLIB_H 1
| #define HAVE_STRING_H 1
| #define HAVE_MEMORY_H 1
| #define HAVE_STRINGS_H 1
| #define HAVE_INTTYPES_H 1
| #define HAVE_STDINT_H 1
| #define HAVE_UNISTD_H 1
| #define __EXTENSIONS__ 1
| #define _ALL_SOURCE 1
| #define _GNU_SOURCE 1
| #define _POSIX_PTHREAD_SEMANTICS 1
| #define _TANDEM_SOURCE 1
| #define WINVER 0x0502
| #define HAVE_GETOPT_H 1
| #define HAVE_TIME_H 1
| #define HAVE_GETOPT_H 1
| #define HAVE_TIME_H 1
| /* end confdefs.h.  */
| #include <stdio.h>
| #ifdef HAVE_SYS_TYPES_H
| # include <sys/types.h>
| #endif
| #ifdef HAVE_SYS_STAT_H
| # include <sys/stat.h>
| #endif
| #ifdef STDC_HEADERS
| # include <stdlib.h>
| # include <stddef.h>
| #else
| # ifdef HAVE_STDLIB_H
| #  include <stdlib.h>
| # endif
| #endif
| #ifdef HAVE_STRING_H
| # if !defined STDC_HEADERS && defined HAVE_MEMORY_H
| #  include <memory.h>
| # endif
| # include <string.h>
| #endif
| #ifdef HAVE_STRINGS_H
| # include <strings.h>
| #endif
| #ifdef HAVE_INTTYPES_H
| # include <inttypes.h>
| #endif
| #ifdef HAVE_STDINT_H
| # include <stdint.h>
| #endif
| #ifdef HAVE_UNISTD_H
| # include <unistd.h>
| #endif
| int
| main ()
| {
| if (sizeof ((uint32_t)))
| 	    return 0;
|   ;
|   return 0;
| }
configure:5884: result: yes
configure:5895: checking for uint64_t
configure:5895: cc -c -Wunused-function -Wstrict-prototypes -Wwrite-strings -W -Wall -fomit-frame-pointer -funroll-loops  -ffast-math -Ofast -fno-signed-zeros -ffp-contract=fast -mmmx -msse -flto -m64    -I/usr/local/opt/openblas/include -I/usr/local/opt/llvm/include -I/usr/local/opt/readline/include -I/usr/local/opt/zlib/include -I/usr/local/opt/openssl@1.1/include -I/usr/local/opt/portable-expat/include  conftest.c >&5
configure:5895: $? = 0
configure:5895: cc -c -Wunused-function -Wstrict-prototypes -Wwrite-strings -W -Wall -fomit-frame-pointer -funroll-loops  -ffast-math -Ofast -fno-signed-zeros -ffp-contract=fast -mmmx -msse -flto -m64    -I/usr/local/opt/openblas/include -I/usr/local/opt/llvm/include -I/usr/local/opt/readline/include -I/usr/local/opt/zlib/include -I/usr/local/opt/openssl@1.1/include -I/usr/local/opt/portable-expat/include  conftest.c >&5
conftest.c:65:23: error: expected expression
if (sizeof ((uint64_t)))
                      ^
1 error generated.
configure:5895: $? = 1
configure: failed program was:
| /* confdefs.h */
| #define PACKAGE_NAME "ldns"
| #define PACKAGE_TARNAME "libdns"
| #define PACKAGE_VERSION "1.7.0"
| #define PACKAGE_STRING "ldns 1.7.0"
| #define PACKAGE_BUGREPORT "libdns@nlnetlabs.nl"
| #define PACKAGE_URL ""
| #define STDC_HEADERS 1
| #define HAVE_SYS_TYPES_H 1
| #define HAVE_SYS_STAT_H 1
| #define HAVE_STDLIB_H 1
| #define HAVE_STRING_H 1
| #define HAVE_MEMORY_H 1
| #define HAVE_STRINGS_H 1
| #define HAVE_INTTYPES_H 1
| #define HAVE_STDINT_H 1
| #define HAVE_UNISTD_H 1
| #define __EXTENSIONS__ 1
| #define _ALL_SOURCE 1
| #define _GNU_SOURCE 1
| #define _POSIX_PTHREAD_SEMANTICS 1
| #define _TANDEM_SOURCE 1
| #define WINVER 0x0502
| #define HAVE_GETOPT_H 1
| #define HAVE_TIME_H 1
| #define HAVE_GETOPT_H 1
| #define HAVE_TIME_H 1
| /* end confdefs.h.  */
| #include <stdio.h>
| #ifdef HAVE_SYS_TYPES_H
| # include <sys/types.h>
| #endif
| #ifdef HAVE_SYS_STAT_H
| # include <sys/stat.h>
| #endif
| #ifdef STDC_HEADERS
| # include <stdlib.h>
| # include <stddef.h>
| #else
| # ifdef HAVE_STDLIB_H
| #  include <stdlib.h>
| # endif
| #endif
| #ifdef HAVE_STRING_H
| # if !defined STDC_HEADERS && defined HAVE_MEMORY_H
| #  include <memory.h>
| # endif
| # include <string.h>
| #endif
| #ifdef HAVE_STRINGS_H
| # include <strings.h>
| #endif
| #ifdef HAVE_INTTYPES_H
| # include <inttypes.h>
| #endif
| #ifdef HAVE_STDINT_H
| # include <stdint.h>
| #endif
| #ifdef HAVE_UNISTD_H
| # include <unistd.h>
| #endif
| int
| main ()
| {
| if (sizeof ((uint64_t)))
| 	    return 0;
|   ;
|   return 0;
| }
configure:5895: result: yes
configure:5910: checking for doxygen
configure:5926: found /usr/local/bin/doxygen
configure:5937: result: doxygen
configure:5947: checking for library containing socket
configure:5978: cc -o conftest -Wunused-function -Wstrict-prototypes -Wwrite-strings -W -Wall -fomit-frame-pointer -funroll-loops  -ffast-math -Ofast -fno-signed-zeros -ffp-contract=fast -mmmx -msse -flto -m64    -I/usr/local/opt/openblas/include -I/usr/local/opt/llvm/include -I/usr/local/opt/readline/include -I/usr/local/opt/zlib/include -I/usr/local/opt/openssl@1.1/include -I/usr/local/opt/portable-expat/include  -L/usr/local/opt/openblas/lib -L/usr/local/opt/llvm/lib -L/usr/local/opt/readline/lib -L/usr/local/opt/zlib/lib -L/usr/local/opt/openssl@1.1/lib -L/usr/local/opt/portable-expat/lib  conftest.c  >&5
conftest.c:36:13: warning: this function declaration is not a prototype [-Wstrict-prototypes]
char socket ();
            ^
             void
1 warning generated.
ld: warning: directory not found for option '-L/usr/local/opt/zlib/lib'
ld: warning: directory not found for option '-L/usr/local/opt/portable-expat/lib'
configure:5978: $? = 0
configure:5995: result: none required
configure:6003: checking for library containing inet_pton
configure:6034: cc -o conftest -Wunused-function -Wstrict-prototypes -Wwrite-strings -W -Wall -fomit-frame-pointer -funroll-loops  -ffast-math -Ofast -fno-signed-zeros -ffp-contract=fast -mmmx -msse -flto -m64    -I/usr/local/opt/openblas/include -I/usr/local/opt/llvm/include -I/usr/local/opt/readline/include -I/usr/local/opt/zlib/include -I/usr/local/opt/openssl@1.1/include -I/usr/local/opt/portable-expat/include  -L/usr/local/opt/openblas/lib -L/usr/local/opt/llvm/lib -L/usr/local/opt/readline/lib -L/usr/local/opt/zlib/lib -L/usr/local/opt/openssl@1.1/lib -L/usr/local/opt/portable-expat/lib  conftest.c  >&5
conftest.c:36:16: warning: this function declaration is not a prototype [-Wstrict-prototypes]
char inet_pton ();
               ^
                void
1 warning generated.
ld: warning: directory not found for option '-L/usr/local/opt/zlib/lib'
ld: warning: directory not found for option '-L/usr/local/opt/portable-expat/lib'
configure:6034: $? = 0
configure:6051: result: none required
configure:7297: checking for ar
configure:7315: found /usr/bin/ar
configure:7327: result: /usr/bin/ar
configure:7377: checking for SSL
configure:7401: result: found in /usr/local/opt/openssl@1.1
configure:7416: checking for HMAC_Update in -lcrypto
configure:7434: cc -o conftest -Wunused-function -Wstrict-prototypes -Wwrite-strings -W -Wall -fomit-frame-pointer -funroll-loops  -ffast-math -Ofast -fno-signed-zeros -ffp-contract=fast -mmmx -msse -flto -m64    -I/usr/local/opt/openblas/include -I/usr/local/opt/llvm/include -I/usr/local/opt/readline/include -I/usr/local/opt/zlib/include -I/usr/local/opt/openssl@1.1/include -I/usr/local/opt/portable-expat/include  -I/usr/local/opt/openssl@1.1/include -L/usr/local/opt/openblas/lib -L/usr/local/opt/llvm/lib -L/usr/local/opt/readline/lib -L/usr/local/opt/zlib/lib -L/usr/local/opt/openssl@1.1/lib -L/usr/local/opt/portable-expat/lib  -L/usr/local/opt/openssl@1.1/lib conftest.c  -lcrypto >&5
ld: warning: directory not found for option '-L/usr/local/opt/zlib/lib'
ld: warning: directory not found for option '-L/usr/local/opt/portable-expat/lib'
configure:7434: $? = 0
configure:7436: result: yes
configure:7566: checking for openssl/ssl.h
configure:7566: cc -c -Wunused-function -Wstrict-prototypes -Wwrite-strings -W -Wall -fomit-frame-pointer -funroll-loops  -ffast-math -Ofast -fno-signed-zeros -ffp-contract=fast -mmmx -msse -flto -m64    -I/usr/local/opt/openblas/include -I/usr/local/opt/llvm/include -I/usr/local/opt/readline/include -I/usr/local/opt/zlib/include -I/usr/local/opt/openssl@1.1/include -I/usr/local/opt/portable-expat/include  -I/usr/local/opt/openssl@1.1/include conftest.c >&5
configure:7566: $? = 0
configure:7566: result: yes
configure:7579: checking for openssl/err.h
configure:7579: cc -c -Wunused-function -Wstrict-prototypes -Wwrite-strings -W -Wall -fomit-frame-pointer -funroll-loops  -ffast-math -Ofast -fno-signed-zeros -ffp-contract=fast -mmmx -msse -flto -m64    -I/usr/local/opt/openblas/include -I/usr/local/opt/llvm/include -I/usr/local/opt/readline/include -I/usr/local/opt/zlib/include -I/usr/local/opt/openssl@1.1/include -I/usr/local/opt/portable-expat/include  -I/usr/local/opt/openssl@1.1/include conftest.c >&5
configure:7579: $? = 0
configure:7579: result: yes
configure:7592: checking for openssl/rand.h
configure:7592: cc -c -Wunused-function -Wstrict-prototypes -Wwrite-strings -W -Wall -fomit-frame-pointer -funroll-loops  -ffast-math -Ofast -fno-signed-zeros -ffp-contract=fast -mmmx -msse -flto -m64    -I/usr/local/opt/openblas/include -I/usr/local/opt/llvm/include -I/usr/local/opt/readline/include -I/usr/local/opt/zlib/include -I/usr/local/opt/openssl@1.1/include -I/usr/local/opt/portable-expat/include  -I/usr/local/opt/openssl@1.1/include conftest.c >&5
configure:7592: $? = 0
configure:7592: result: yes
configure:7605: checking for LibreSSL
configure:7614: result: no
configure:7620: checking for EVP_sha256
configure:7620: cc -o conftest -Wunused-function -Wstrict-prototypes -Wwrite-strings -W -Wall -fomit-frame-pointer -funroll-loops  -ffast-math -Ofast -fno-signed-zeros -ffp-contract=fast -mmmx -msse -flto -m64    -I/usr/local/opt/openblas/include -I/usr/local/opt/llvm/include -I/usr/local/opt/readline/include -I/usr/local/opt/zlib/include -I/usr/local/opt/openssl@1.1/include -I/usr/local/opt/portable-expat/include  -I/usr/local/opt/openssl@1.1/include -L/usr/local/opt/openblas/lib -L/usr/local/opt/llvm/lib -L/usr/local/opt/readline/lib -L/usr/local/opt/zlib/lib -L/usr/local/opt/openssl@1.1/lib -L/usr/local/opt/portable-expat/lib  -L/usr/local/opt/openssl@1.1/lib conftest.c  -lcrypto >&5
conftest.c:57:17: warning: this function declaration is not a prototype [-Wstrict-prototypes]
char EVP_sha256 ();
                ^
                 void
1 warning generated.
ld: warning: directory not found for option '-L/usr/local/opt/zlib/lib'
ld: warning: directory not found for option '-L/usr/local/opt/portable-expat/lib'
configure:7620: $? = 0
configure:7620: result: yes
configure:7620: checking for EVP_sha384
configure:7620: cc -o conftest -Wunused-function -Wstrict-prototypes -Wwrite-strings -W -Wall -fomit-frame-pointer -funroll-loops  -ffast-math -Ofast -fno-signed-zeros -ffp-contract=fast -mmmx -msse -flto -m64    -I/usr/local/opt/openblas/include -I/usr/local/opt/llvm/include -I/usr/local/opt/readline/include -I/usr/local/opt/zlib/include -I/usr/local/opt/openssl@1.1/include -I/usr/local/opt/portable-expat/include  -I/usr/local/opt/openssl@1.1/include -L/usr/local/opt/openblas/lib -L/usr/local/opt/llvm/lib -L/usr/local/opt/readline/lib -L/usr/local/opt/zlib/lib -L/usr/local/opt/openssl@1.1/lib -L/usr/local/opt/portable-expat/lib  -L/usr/local/opt/openssl@1.1/lib conftest.c  -lcrypto >&5
conftest.c:58:17: warning: this function declaration is not a prototype [-Wstrict-prototypes]
char EVP_sha384 ();
                ^
                 void
1 warning generated.
ld: warning: directory not found for option '-L/usr/local/opt/zlib/lib'
ld: warning: directory not found for option '-L/usr/local/opt/portable-expat/lib'
configure:7620: $? = 0
configure:7620: result: yes
configure:7620: checking for EVP_sha512
configure:7620: cc -o conftest -Wunused-function -Wstrict-prototypes -Wwrite-strings -W -Wall -fomit-frame-pointer -funroll-loops  -ffast-math -Ofast -fno-signed-zeros -ffp-contract=fast -mmmx -msse -flto -m64    -I/usr/local/opt/openblas/include -I/usr/local/opt/llvm/include -I/usr/local/opt/readline/include -I/usr/local/opt/zlib/include -I/usr/local/opt/openssl@1.1/include -I/usr/local/opt/portable-expat/include  -I/usr/local/opt/openssl@1.1/include -L/usr/local/opt/openblas/lib -L/usr/local/opt/llvm/lib -L/usr/local/opt/readline/lib -L/usr/local/opt/zlib/lib -L/usr/local/opt/openssl@1.1/lib -L/usr/local/opt/portable-expat/lib  -L/usr/local/opt/openssl@1.1/lib conftest.c  -lcrypto >&5
conftest.c:59:17: warning: this function declaration is not a prototype [-Wstrict-prototypes]
char EVP_sha512 ();
                ^
                 void
1 warning generated.
ld: warning: directory not found for option '-L/usr/local/opt/zlib/lib'
ld: warning: directory not found for option '-L/usr/local/opt/portable-expat/lib'
configure:7620: $? = 0
configure:7620: result: yes
configure:7620: checking for ENGINE_load_cryptodev
configure:7620: cc -o conftest -Wunused-function -Wstrict-prototypes -Wwrite-strings -W -Wall -fomit-frame-pointer -funroll-loops  -ffast-math -Ofast -fno-signed-zeros -ffp-contract=fast -mmmx -msse -flto -m64    -I/usr/local/opt/openblas/include -I/usr/local/opt/llvm/include -I/usr/local/opt/readline/include -I/usr/local/opt/zlib/include -I/usr/local/opt/openssl@1.1/include -I/usr/local/opt/portable-expat/include  -I/usr/local/opt/openssl@1.1/include -L/usr/local/opt/openblas/lib -L/usr/local/opt/llvm/lib -L/usr/local/opt/readline/lib -L/usr/local/opt/zlib/lib -L/usr/local/opt/openssl@1.1/lib -L/usr/local/opt/portable-expat/lib  -L/usr/local/opt/openssl@1.1/lib conftest.c  -lcrypto >&5
conftest.c:60:28: warning: this function declaration is not a prototype [-Wstrict-prototypes]
char ENGINE_load_cryptodev ();
                           ^
                            void
1 warning generated.
ld: warning: directory not found for option '-L/usr/local/opt/zlib/lib'
ld: warning: directory not found for option '-L/usr/local/opt/portable-expat/lib'
undef: _ENGINE_load_cryptodev
Undefined symbols for architecture x86_64:
  "_ENGINE_load_cryptodev", referenced from:
      _main in cc-04a679.o
ld: symbol(s) not found for architecture x86_64
clang: error: linker command failed with exit code 1 (use -v to see invocation)
configure:7620: $? = 1
configure: failed program was:
| /* confdefs.h */
| #define PACKAGE_NAME "ldns"
| #define PACKAGE_TARNAME "libdns"
| #define PACKAGE_VERSION "1.7.0"
| #define PACKAGE_STRING "ldns 1.7.0"
| #define PACKAGE_BUGREPORT "libdns@nlnetlabs.nl"
| #define PACKAGE_URL ""
| #define STDC_HEADERS 1
| #define HAVE_SYS_TYPES_H 1
| #define HAVE_SYS_STAT_H 1
| #define HAVE_STDLIB_H 1
| #define HAVE_STRING_H 1
| #define HAVE_MEMORY_H 1
| #define HAVE_STRINGS_H 1
| #define HAVE_INTTYPES_H 1
| #define HAVE_STDINT_H 1
| #define HAVE_UNISTD_H 1
| #define __EXTENSIONS__ 1
| #define _ALL_SOURCE 1
| #define _GNU_SOURCE 1
| #define _POSIX_PTHREAD_SEMANTICS 1
| #define _TANDEM_SOURCE 1
| #define WINVER 0x0502
| #define HAVE_GETOPT_H 1
| #define HAVE_TIME_H 1
| #define HAVE_GETOPT_H 1
| #define HAVE_TIME_H 1
| #define HAVE_SSL /**/
| #define HAVE_HMAC_UPDATE 1
| #define HAVE_OPENSSL_SSL_H 1
| #define HAVE_OPENSSL_ERR_H 1
| #define HAVE_OPENSSL_RAND_H 1
| #define HAVE_EVP_SHA256 1
| #define HAVE_EVP_SHA384 1
| #define HAVE_EVP_SHA512 1
| /* end confdefs.h.  */
| /* Define ENGINE_load_cryptodev to an innocuous variant, in case <limits.h> declares ENGINE_load_cryptodev.
|    For example, HP-UX 11i <limits.h> declares gettimeofday.  */
| #define ENGINE_load_cryptodev innocuous_ENGINE_load_cryptodev
| 
| /* System header to define __stub macros and hopefully few prototypes,
|     which can conflict with char ENGINE_load_cryptodev (); below.
|     Prefer <limits.h> to <assert.h> if __STDC__ is defined, since
|     <limits.h> exists even on freestanding compilers.  */
| 
| #ifdef __STDC__
| # include <limits.h>
| #else
| # include <assert.h>
| #endif
| 
| #undef ENGINE_load_cryptodev
| 
| /* Override any GCC internal prototype to avoid an error.
|    Use char because int might match the return type of a GCC
|    builtin and then its argument prototype would still apply.  */
| #ifdef __cplusplus
| extern "C"
| #endif
| char ENGINE_load_cryptodev ();
| /* The GNU C library defines this for functions which it implements
|     to always fail with ENOSYS.  Some functions are actually named
|     something starting with __ and the normal name is an alias.  */
| #if defined __stub_ENGINE_load_cryptodev || defined __stub___ENGINE_load_cryptodev
| choke me
| #endif
| 
| int
| main ()
| {
| return ENGINE_load_cryptodev ();
|   ;
|   return 0;
| }
configure:7620: result: no
configure:7620: checking for EVP_PKEY_keygen
configure:7620: cc -o conftest -Wunused-function -Wstrict-prototypes -Wwrite-strings -W -Wall -fomit-frame-pointer -funroll-loops  -ffast-math -Ofast -fno-signed-zeros -ffp-contract=fast -mmmx -msse -flto -m64    -I/usr/local/opt/openblas/include -I/usr/local/opt/llvm/include -I/usr/local/opt/readline/include -I/usr/local/opt/zlib/include -I/usr/local/opt/openssl@1.1/include -I/usr/local/opt/portable-expat/include  -I/usr/local/opt/openssl@1.1/include -L/usr/local/opt/openblas/lib -L/usr/local/opt/llvm/lib -L/usr/local/opt/readline/lib -L/usr/local/opt/zlib/lib -L/usr/local/opt/openssl@1.1/lib -L/usr/local/opt/portable-expat/lib  -L/usr/local/opt/openssl@1.1/lib conftest.c  -lcrypto >&5
conftest.c:60:22: warning: this function declaration is not a prototype [-Wstrict-prototypes]
char EVP_PKEY_keygen ();
                     ^
                      void
1 warning generated.
ld: warning: directory not found for option '-L/usr/local/opt/zlib/lib'
ld: warning: directory not found for option '-L/usr/local/opt/portable-expat/lib'
configure:7620: $? = 0
configure:7620: result: yes
configure:7620: checking for ECDSA_SIG_get0
configure:7620: cc -o conftest -Wunused-function -Wstrict-prototypes -Wwrite-strings -W -Wall -fomit-frame-pointer -funroll-loops  -ffast-math -Ofast -fno-signed-zeros -ffp-contract=fast -mmmx -msse -flto -m64    -I/usr/local/opt/openblas/include -I/usr/local/opt/llvm/include -I/usr/local/opt/readline/include -I/usr/local/opt/zlib/include -I/usr/local/opt/openssl@1.1/include -I/usr/local/opt/portable-expat/include  -I/usr/local/opt/openssl@1.1/include -L/usr/local/opt/openblas/lib -L/usr/local/opt/llvm/lib -L/usr/local/opt/readline/lib -L/usr/local/opt/zlib/lib -L/usr/local/opt/openssl@1.1/lib -L/usr/local/opt/portable-expat/lib  -L/usr/local/opt/openssl@1.1/lib conftest.c  -lcrypto >&5
conftest.c:61:21: warning: this function declaration is not a prototype [-Wstrict-prototypes]
char ECDSA_SIG_get0 ();
                    ^
                     void
1 warning generated.
ld: warning: directory not found for option '-L/usr/local/opt/zlib/lib'
ld: warning: directory not found for option '-L/usr/local/opt/portable-expat/lib'
configure:7620: $? = 0
configure:7620: result: yes
configure:7620: checking for EVP_MD_CTX_new
configure:7620: cc -o conftest -Wunused-function -Wstrict-prototypes -Wwrite-strings -W -Wall -fomit-frame-pointer -funroll-loops  -ffast-math -Ofast -fno-signed-zeros -ffp-contract=fast -mmmx -msse -flto -m64    -I/usr/local/opt/openblas/include -I/usr/local/opt/llvm/include -I/usr/local/opt/readline/include -I/usr/local/opt/zlib/include -I/usr/local/opt/openssl@1.1/include -I/usr/local/opt/portable-expat/include  -I/usr/local/opt/openssl@1.1/include -L/usr/local/opt/openblas/lib -L/usr/local/opt/llvm/lib -L/usr/local/opt/readline/lib -L/usr/local/opt/zlib/lib -L/usr/local/opt/openssl@1.1/lib -L/usr/local/opt/portable-expat/lib  -L/usr/local/opt/openssl@1.1/lib conftest.c  -lcrypto >&5
conftest.c:62:21: warning: this function declaration is not a prototype [-Wstrict-prototypes]
char EVP_MD_CTX_new ();
                    ^
                     void
1 warning generated.
ld: warning: directory not found for option '-L/usr/local/opt/zlib/lib'
ld: warning: directory not found for option '-L/usr/local/opt/portable-expat/lib'
configure:7620: $? = 0
configure:7620: result: yes
configure:7620: checking for EVP_PKEY_base_id
configure:7620: cc -o conftest -Wunused-function -Wstrict-prototypes -Wwrite-strings -W -Wall -fomit-frame-pointer -funroll-loops  -ffast-math -Ofast -fno-signed-zeros -ffp-contract=fast -mmmx -msse -flto -m64    -I/usr/local/opt/openblas/include -I/usr/local/opt/llvm/include -I/usr/local/opt/readline/include -I/usr/local/opt/zlib/include -I/usr/local/opt/openssl@1.1/include -I/usr/local/opt/portable-expat/include  -I/usr/local/opt/openssl@1.1/include -L/usr/local/opt/openblas/lib -L/usr/local/opt/llvm/lib -L/usr/local/opt/readline/lib -L/usr/local/opt/zlib/lib -L/usr/local/opt/openssl@1.1/lib -L/usr/local/opt/portable-expat/lib  -L/usr/local/opt/openssl@1.1/lib conftest.c  -lcrypto >&5
conftest.c:63:23: warning: this function declaration is not a prototype [-Wstrict-prototypes]
char EVP_PKEY_base_id ();
                      ^
                       void
1 warning generated.
ld: warning: directory not found for option '-L/usr/local/opt/zlib/lib'
ld: warning: directory not found for option '-L/usr/local/opt/portable-expat/lib'
configure:7620: $? = 0
configure:7620: result: yes
configure:7620: checking for DSA_SIG_set0
configure:7620: cc -o conftest -Wunused-function -Wstrict-prototypes -Wwrite-strings -W -Wall -fomit-frame-pointer -funroll-loops  -ffast-math -Ofast -fno-signed-zeros -ffp-contract=fast -mmmx -msse -flto -m64    -I/usr/local/opt/openblas/include -I/usr/local/opt/llvm/include -I/usr/local/opt/readline/include -I/usr/local/opt/zlib/include -I/usr/local/opt/openssl@1.1/include -I/usr/local/opt/portable-expat/include  -I/usr/local/opt/openssl@1.1/include -L/usr/local/opt/openblas/lib -L/usr/local/opt/llvm/lib -L/usr/local/opt/readline/lib -L/usr/local/opt/zlib/lib -L/usr/local/opt/openssl@1.1/lib -L/usr/local/opt/portable-expat/lib  -L/usr/local/opt/openssl@1.1/lib conftest.c  -lcrypto >&5
conftest.c:64:19: warning: this function declaration is not a prototype [-Wstrict-prototypes]
char DSA_SIG_set0 ();
                  ^
                   void
1 warning generated.
ld: warning: directory not found for option '-L/usr/local/opt/zlib/lib'
ld: warning: directory not found for option '-L/usr/local/opt/portable-expat/lib'
configure:7620: $? = 0
configure:7620: result: yes
configure:7620: checking for DSA_SIG_get0
configure:7620: cc -o conftest -Wunused-function -Wstrict-prototypes -Wwrite-strings -W -Wall -fomit-frame-pointer -funroll-loops  -ffast-math -Ofast -fno-signed-zeros -ffp-contract=fast -mmmx -msse -flto -m64    -I/usr/local/opt/openblas/include -I/usr/local/opt/llvm/include -I/usr/local/opt/readline/include -I/usr/local/opt/zlib/include -I/usr/local/opt/openssl@1.1/include -I/usr/local/opt/portable-expat/include  -I/usr/local/opt/openssl@1.1/include -L/usr/local/opt/openblas/lib -L/usr/local/opt/llvm/lib -L/usr/local/opt/readline/lib -L/usr/local/opt/zlib/lib -L/usr/local/opt/openssl@1.1/lib -L/usr/local/opt/portable-expat/lib  -L/usr/local/opt/openssl@1.1/lib conftest.c  -lcrypto >&5
conftest.c:65:19: warning: this function declaration is not a prototype [-Wstrict-prototypes]
char DSA_SIG_get0 ();
                  ^
                   void
1 warning generated.
ld: warning: directory not found for option '-L/usr/local/opt/zlib/lib'
ld: warning: directory not found for option '-L/usr/local/opt/portable-expat/lib'
configure:7620: $? = 0
configure:7620: result: yes
configure:7620: checking for EVP_dss1
configure:7620: cc -o conftest -Wunused-function -Wstrict-prototypes -Wwrite-strings -W -Wall -fomit-frame-pointer -funroll-loops  -ffast-math -Ofast -fno-signed-zeros -ffp-contract=fast -mmmx -msse -flto -m64    -I/usr/local/opt/openblas/include -I/usr/local/opt/llvm/include -I/usr/local/opt/readline/include -I/usr/local/opt/zlib/include -I/usr/local/opt/openssl@1.1/include -I/usr/local/opt/portable-expat/include  -I/usr/local/opt/openssl@1.1/include -L/usr/local/opt/openblas/lib -L/usr/local/opt/llvm/lib -L/usr/local/opt/readline/lib -L/usr/local/opt/zlib/lib -L/usr/local/opt/openssl@1.1/lib -L/usr/local/opt/portable-expat/lib  -L/usr/local/opt/openssl@1.1/lib conftest.c  -lcrypto >&5
conftest.c:66:15: warning: this function declaration is not a prototype [-Wstrict-prototypes]
char EVP_dss1 ();
              ^
               void
1 warning generated.
ld: warning: directory not found for option '-L/usr/local/opt/zlib/lib'
ld: warning: directory not found for option '-L/usr/local/opt/portable-expat/lib'
undef: _EVP_dss1
Undefined symbols for architecture x86_64:
  "_EVP_dss1", referenced from:
      _main in cc-252eda.o
ld: symbol(s) not found for architecture x86_64
clang: error: linker command failed with exit code 1 (use -v to see invocation)
configure:7620: $? = 1
configure: failed program was:
| /* confdefs.h */
| #define PACKAGE_NAME "ldns"
| #define PACKAGE_TARNAME "libdns"
| #define PACKAGE_VERSION "1.7.0"
| #define PACKAGE_STRING "ldns 1.7.0"
| #define PACKAGE_BUGREPORT "libdns@nlnetlabs.nl"
| #define PACKAGE_URL ""
| #define STDC_HEADERS 1
| #define HAVE_SYS_TYPES_H 1
| #define HAVE_SYS_STAT_H 1
| #define HAVE_STDLIB_H 1
| #define HAVE_STRING_H 1
| #define HAVE_MEMORY_H 1
| #define HAVE_STRINGS_H 1
| #define HAVE_INTTYPES_H 1
| #define HAVE_STDINT_H 1
| #define HAVE_UNISTD_H 1
| #define __EXTENSIONS__ 1
| #define _ALL_SOURCE 1
| #define _GNU_SOURCE 1
| #define _POSIX_PTHREAD_SEMANTICS 1
| #define _TANDEM_SOURCE 1
| #define WINVER 0x0502
| #define HAVE_GETOPT_H 1
| #define HAVE_TIME_H 1
| #define HAVE_GETOPT_H 1
| #define HAVE_TIME_H 1
| #define HAVE_SSL /**/
| #define HAVE_HMAC_UPDATE 1
| #define HAVE_OPENSSL_SSL_H 1
| #define HAVE_OPENSSL_ERR_H 1
| #define HAVE_OPENSSL_RAND_H 1
| #define HAVE_EVP_SHA256 1
| #define HAVE_EVP_SHA384 1
| #define HAVE_EVP_SHA512 1
| #define HAVE_EVP_PKEY_KEYGEN 1
| #define HAVE_ECDSA_SIG_GET0 1
| #define HAVE_EVP_MD_CTX_NEW 1
| #define HAVE_EVP_PKEY_BASE_ID 1
| #define HAVE_DSA_SIG_SET0 1
| #define HAVE_DSA_SIG_GET0 1
| /* end confdefs.h.  */
| /* Define EVP_dss1 to an innocuous variant, in case <limits.h> declares EVP_dss1.
|    For example, HP-UX 11i <limits.h> declares gettimeofday.  */
| #define EVP_dss1 innocuous_EVP_dss1
| 
| /* System header to define __stub macros and hopefully few prototypes,
|     which can conflict with char EVP_dss1 (); below.
|     Prefer <limits.h> to <assert.h> if __STDC__ is defined, since
|     <limits.h> exists even on freestanding compilers.  */
| 
| #ifdef __STDC__
| # include <limits.h>
| #else
| # include <assert.h>
| #endif
| 
| #undef EVP_dss1
| 
| /* Override any GCC internal prototype to avoid an error.
|    Use char because int might match the return type of a GCC
|    builtin and then its argument prototype would still apply.  */
| #ifdef __cplusplus
| extern "C"
| #endif
| char EVP_dss1 ();
| /* The GNU C library defines this for functions which it implements
|     to always fail with ENOSYS.  Some functions are actually named
|     something starting with __ and the normal name is an alias.  */
| #if defined __stub_EVP_dss1 || defined __stub___EVP_dss1
| choke me
| #endif
| 
| int
| main ()
| {
| return EVP_dss1 ();
|   ;
|   return 0;
| }
configure:7620: result: no
configure:7620: checking for DSA_get0_pqg
configure:7620: cc -o conftest -Wunused-function -Wstrict-prototypes -Wwrite-strings -W -Wall -fomit-frame-pointer -funroll-loops  -ffast-math -Ofast -fno-signed-zeros -ffp-contract=fast -mmmx -msse -flto -m64    -I/usr/local/opt/openblas/include -I/usr/local/opt/llvm/include -I/usr/local/opt/readline/include -I/usr/local/opt/zlib/include -I/usr/local/opt/openssl@1.1/include -I/usr/local/opt/portable-expat/include  -I/usr/local/opt/openssl@1.1/include -L/usr/local/opt/openblas/lib -L/usr/local/opt/llvm/lib -L/usr/local/opt/readline/lib -L/usr/local/opt/zlib/lib -L/usr/local/opt/openssl@1.1/lib -L/usr/local/opt/portable-expat/lib  -L/usr/local/opt/openssl@1.1/lib conftest.c  -lcrypto >&5
conftest.c:66:19: warning: this function declaration is not a prototype [-Wstrict-prototypes]
char DSA_get0_pqg ();
                  ^
                   void
1 warning generated.
ld: warning: directory not found for option '-L/usr/local/opt/zlib/lib'
ld: warning: directory not found for option '-L/usr/local/opt/portable-expat/lib'
configure:7620: $? = 0
configure:7620: result: yes
configure:7620: checking for DSA_get0_key
configure:7620: cc -o conftest -Wunused-function -Wstrict-prototypes -Wwrite-strings -W -Wall -fomit-frame-pointer -funroll-loops  -ffast-math -Ofast -fno-signed-zeros -ffp-contract=fast -mmmx -msse -flto -m64    -I/usr/local/opt/openblas/include -I/usr/local/opt/llvm/include -I/usr/local/opt/readline/include -I/usr/local/opt/zlib/include -I/usr/local/opt/openssl@1.1/include -I/usr/local/opt/portable-expat/include  -I/usr/local/opt/openssl@1.1/include -L/usr/local/opt/openblas/lib -L/usr/local/opt/llvm/lib -L/usr/local/opt/readline/lib -L/usr/local/opt/zlib/lib -L/usr/local/opt/openssl@1.1/lib -L/usr/local/opt/portable-expat/lib  -L/usr/local/opt/openssl@1.1/lib conftest.c  -lcrypto >&5
conftest.c:67:19: warning: this function declaration is not a prototype [-Wstrict-prototypes]
char DSA_get0_key ();
                  ^
                   void
1 warning generated.
ld: warning: directory not found for option '-L/usr/local/opt/zlib/lib'
ld: warning: directory not found for option '-L/usr/local/opt/portable-expat/lib'
configure:7620: $? = 0
configure:7620: result: yes
configure:7647: checking for SHA256 and SHA512
configure:7649: checking for SHA256_Init
configure:7649: cc -o conftest -Wunused-function -Wstrict-prototypes -Wwrite-strings -W -Wall -fomit-frame-pointer -funroll-loops  -ffast-math -Ofast -fno-signed-zeros -ffp-contract=fast -mmmx -msse -flto -m64    -I/usr/local/opt/openblas/include -I/usr/local/opt/llvm/include -I/usr/local/opt/readline/include -I/usr/local/opt/zlib/include -I/usr/local/opt/openssl@1.1/include -I/usr/local/opt/portable-expat/include  -I/usr/local/opt/openssl@1.1/include -L/usr/local/opt/openblas/lib -L/usr/local/opt/llvm/lib -L/usr/local/opt/readline/lib -L/usr/local/opt/zlib/lib -L/usr/local/opt/openssl@1.1/lib -L/usr/local/opt/portable-expat/lib  -L/usr/local/opt/openssl@1.1/lib conftest.c  -lcrypto >&5
conftest.c:68:18: warning: this function declaration is not a prototype [-Wstrict-prototypes]
char SHA256_Init ();
                 ^
                  void
1 warning generated.
ld: warning: directory not found for option '-L/usr/local/opt/zlib/lib'
ld: warning: directory not found for option '-L/usr/local/opt/portable-expat/lib'
configure:7649: $? = 0
configure:7649: result: yes
configure:7679: checking for GOST
configure:7681: checking for EVP_PKEY_set_type_str
configure:7681: cc -o conftest -Wunused-function -Wstrict-prototypes -Wwrite-strings -W -Wall -fomit-frame-pointer -funroll-loops  -ffast-math -Ofast -fno-signed-zeros -ffp-contract=fast -mmmx -msse -flto -m64    -I/usr/local/opt/openblas/include -I/usr/local/opt/llvm/include -I/usr/local/opt/readline/include -I/usr/local/opt/zlib/include -I/usr/local/opt/openssl@1.1/include -I/usr/local/opt/portable-expat/include  -I/usr/local/opt/openssl@1.1/include -L/usr/local/opt/openblas/lib -L/usr/local/opt/llvm/lib -L/usr/local/opt/readline/lib -L/usr/local/opt/zlib/lib -L/usr/local/opt/openssl@1.1/lib -L/usr/local/opt/portable-expat/lib  -L/usr/local/opt/openssl@1.1/lib conftest.c  -lcrypto >&5
conftest.c:69:28: warning: this function declaration is not a prototype [-Wstrict-prototypes]
char EVP_PKEY_set_type_str ();
                           ^
                            void
1 warning generated.
ld: warning: directory not found for option '-L/usr/local/opt/zlib/lib'
ld: warning: directory not found for option '-L/usr/local/opt/portable-expat/lib'
configure:7681: $? = 0
configure:7681: result: yes
configure:7688: checking for EC_KEY_new
configure:7688: cc -o conftest -Wunused-function -Wstrict-prototypes -Wwrite-strings -W -Wall -fomit-frame-pointer -funroll-loops  -ffast-math -Ofast -fno-signed-zeros -ffp-contract=fast -mmmx -msse -flto -m64    -I/usr/local/opt/openblas/include -I/usr/local/opt/llvm/include -I/usr/local/opt/readline/include -I/usr/local/opt/zlib/include -I/usr/local/opt/openssl@1.1/include -I/usr/local/opt/portable-expat/include  -I/usr/local/opt/openssl@1.1/include -L/usr/local/opt/openblas/lib -L/usr/local/opt/llvm/lib -L/usr/local/opt/readline/lib -L/usr/local/opt/zlib/lib -L/usr/local/opt/openssl@1.1/lib -L/usr/local/opt/portable-expat/lib  -L/usr/local/opt/openssl@1.1/lib conftest.c  -lcrypto >&5
conftest.c:69:17: warning: this function declaration is not a prototype [-Wstrict-prototypes]
char EC_KEY_new ();
                ^
                 void
1 warning generated.
ld: warning: directory not found for option '-L/usr/local/opt/zlib/lib'
ld: warning: directory not found for option '-L/usr/local/opt/portable-expat/lib'
configure:7688: $? = 0
configure:7688: result: yes
configure:7696: checking if GOST works
configure:7794: cc -o conftest -Wunused-function -Wstrict-prototypes -Wwrite-strings -W -Wall -fomit-frame-pointer -funroll-loops  -ffast-math -Ofast -fno-signed-zeros -ffp-contract=fast -mmmx -msse -flto -m64    -Wl,-rpath,/usr/local/opt/openssl@1.1/lib -I/usr/local/opt/openblas/include -I/usr/local/opt/llvm/include -I/usr/local/opt/readline/include -I/usr/local/opt/zlib/include -I/usr/local/opt/openssl@1.1/include -I/usr/local/opt/portable-expat/include  -I/usr/local/opt/openssl@1.1/include -L/usr/local/opt/openblas/lib -L/usr/local/opt/llvm/lib -L/usr/local/opt/readline/lib -L/usr/local/opt/zlib/lib -L/usr/local/opt/openssl@1.1/lib -L/usr/local/opt/portable-expat/lib  -L/usr/local/opt/openssl@1.1/lib conftest.c  -lcrypto >&5
conftest.c:107:2: warning: 'OPENSSL_config' is deprecated [-Wdeprecated-declarations]
        OPENSSL_config(NULL);
        ^
/usr/local/opt/openssl@1.1/include/openssl/conf.h:92:1: note: 'OPENSSL_config' has been explicitly marked deprecated here
DEPRECATEDIN_1_1_0(void OPENSSL_config(const char *config_name))
^
/usr/local/opt/openssl@1.1/include/openssl/opensslconf.h:127:34: note: expanded from macro 'DEPRECATEDIN_1_1_0'
# define DEPRECATEDIN_1_1_0(f)   DECLARE_DEPRECATED(f)
                                 ^
/usr/local/opt/openssl@1.1/include/openssl/opensslconf.h:102:53: note: expanded from macro 'DECLARE_DEPRECATED'
# define DECLARE_DEPRECATED(f)    f __attribute__ ((deprecated));
                                                    ^
1 warning generated.
ld: warning: directory not found for option '-L/usr/local/opt/zlib/lib'
ld: warning: directory not found for option '-L/usr/local/opt/portable-expat/lib'
configure:7794: $? = 0
configure:7794: ./conftest
configure:7794: $? = 1
configure: program exited with status 1
configure: failed program was:
| /* confdefs.h */
| #define PACKAGE_NAME "ldns"
| #define PACKAGE_TARNAME "libdns"
| #define PACKAGE_VERSION "1.7.0"
| #define PACKAGE_STRING "ldns 1.7.0"
| #define PACKAGE_BUGREPORT "libdns@nlnetlabs.nl"
| #define PACKAGE_URL ""
| #define STDC_HEADERS 1
| #define HAVE_SYS_TYPES_H 1
| #define HAVE_SYS_STAT_H 1
| #define HAVE_STDLIB_H 1
| #define HAVE_STRING_H 1
| #define HAVE_MEMORY_H 1
| #define HAVE_STRINGS_H 1
| #define HAVE_INTTYPES_H 1
| #define HAVE_STDINT_H 1
| #define HAVE_UNISTD_H 1
| #define __EXTENSIONS__ 1
| #define _ALL_SOURCE 1
| #define _GNU_SOURCE 1
| #define _POSIX_PTHREAD_SEMANTICS 1
| #define _TANDEM_SOURCE 1
| #define WINVER 0x0502
| #define HAVE_GETOPT_H 1
| #define HAVE_TIME_H 1
| #define HAVE_GETOPT_H 1
| #define HAVE_TIME_H 1
| #define HAVE_SSL /**/
| #define HAVE_HMAC_UPDATE 1
| #define HAVE_OPENSSL_SSL_H 1
| #define HAVE_OPENSSL_ERR_H 1
| #define HAVE_OPENSSL_RAND_H 1
| #define HAVE_EVP_SHA256 1
| #define HAVE_EVP_SHA384 1
| #define HAVE_EVP_SHA512 1
| #define HAVE_EVP_PKEY_KEYGEN 1
| #define HAVE_ECDSA_SIG_GET0 1
| #define HAVE_EVP_MD_CTX_NEW 1
| #define HAVE_EVP_PKEY_BASE_ID 1
| #define HAVE_DSA_SIG_SET0 1
| #define HAVE_DSA_SIG_GET0 1
| #define HAVE_DSA_GET0_PQG 1
| #define HAVE_DSA_GET0_KEY 1
| #define USE_SHA2 1
| /* end confdefs.h.  */
| 
| #include <string.h>
| #include <openssl/ssl.h>
| #include <openssl/evp.h>
| #include <openssl/engine.h>
| #include <openssl/conf.h>
| /* routine to load gost (from sldns) */
| int load_gost_id(void)
| {
| 	static int gost_id = 0;
| 	const EVP_PKEY_ASN1_METHOD* meth;
| 	ENGINE* e;
| 
| 	if(gost_id) return gost_id;
| 
| 	/* see if configuration loaded gost implementation from other engine*/
| 	meth = EVP_PKEY_asn1_find_str(NULL, "gost2001", -1);
| 	if(meth) {
| 		EVP_PKEY_asn1_get0_info(&gost_id, NULL, NULL, NULL, NULL, meth);
| 		return gost_id;
| 	}
| 
| 	/* see if engine can be loaded already */
| 	e = ENGINE_by_id("gost");
| 	if(!e) {
| 		/* load it ourself, in case statically linked */
| 		ENGINE_load_builtin_engines();
| 		ENGINE_load_dynamic();
| 		e = ENGINE_by_id("gost");
| 	}
| 	if(!e) {
| 		/* no gost engine in openssl */
| 		return 0;
| 	}
| 	if(!ENGINE_set_default(e, ENGINE_METHOD_ALL)) {
| 		ENGINE_finish(e);
| 		ENGINE_free(e);
| 		return 0;
| 	}
| 
| 	meth = EVP_PKEY_asn1_find_str(&e, "gost2001", -1);
| 	if(!meth) {
| 		/* algo not found */
| 		ENGINE_finish(e);
| 		ENGINE_free(e);
| 		return 0;
| 	}
| 	EVP_PKEY_asn1_get0_info(&gost_id, NULL, NULL, NULL, NULL, meth);
| 	return gost_id;
| }
| int main(void) {
| 	EVP_MD_CTX* ctx;
| 	const EVP_MD* md;
| 	unsigned char digest[64]; /* its a 256-bit digest, so uses 32 bytes */
| 	const char* str = "Hello world";
| 	const unsigned char check[] = {
| 		0x40 , 0xed , 0xf8 , 0x56 , 0x5a , 0xc5 , 0x36 , 0xe1 ,
| 		0x33 , 0x7c , 0x7e , 0x87 , 0x62 , 0x1c , 0x42 , 0xe0 ,
| 		0x17 , 0x1b , 0x5e , 0xce , 0xa8 , 0x46 , 0x65 , 0x4d ,
| 		0x8d , 0x3e , 0x22 , 0x9b , 0xe1 , 0x30 , 0x19 , 0x9d
| 	};
| 	OPENSSL_config(NULL);
| 	(void)load_gost_id();
| 	md = EVP_get_digestbyname("md_gost94");
| 	if(!md) return 1;
| 	memset(digest, 0, sizeof(digest));
| 	ctx = EVP_MD_CTX_create();
| 	if(!ctx) return 2;
| 	if(!EVP_DigestInit_ex(ctx, md, NULL)) return 3;
| 	if(!EVP_DigestUpdate(ctx, str, 10)) return 4;
| 	if(!EVP_DigestFinal_ex(ctx, digest, NULL)) return 5;
| 	/* uncomment to see the hash calculated.
| 		{int i;
| 		for(i=0; i<32; i++)
| 			printf(" %2.2x", (int)digest[i]);
| 		printf("\n");}
| 	*/
| 	if(memcmp(digest, check, sizeof(check)) != 0)
| 		return 6;
| 	return 0;
| }
| 
configure:7826: result: no
configure:7828: WARNING: Gost support does not work because the engine is missing.
configure:7830: WARNING: Install gost-engine first or use the --enable-gost-anyway to compile with GOST support anyway
configure:7832: WARNING: See also https://github.com/gost-engine/engine/wiki for information about gost-engine
configure:7849: checking for ECDSA_sign
configure:7849: cc -o conftest -Wunused-function -Wstrict-prototypes -Wwrite-strings -W -Wall -fomit-frame-pointer -funroll-loops  -ffast-math -Ofast -fno-signed-zeros -ffp-contract=fast -mmmx -msse -flto -m64    -I/usr/local/opt/openblas/include -I/usr/local/opt/llvm/include -I/usr/local/opt/readline/include -I/usr/local/opt/zlib/include -I/usr/local/opt/openssl@1.1/include -I/usr/local/opt/portable-expat/include  -I/usr/local/opt/openssl@1.1/include -L/usr/local/opt/openblas/lib -L/usr/local/opt/llvm/lib -L/usr/local/opt/readline/lib -L/usr/local/opt/zlib/lib -L/usr/local/opt/openssl@1.1/lib -L/usr/local/opt/portable-expat/lib  -L/usr/local/opt/openssl@1.1/lib conftest.c  -lcrypto >&5
conftest.c:69:17: warning: this function declaration is not a prototype [-Wstrict-prototypes]
char ECDSA_sign ();
                ^
                 void
1 warning generated.
ld: warning: directory not found for option '-L/usr/local/opt/zlib/lib'
ld: warning: directory not found for option '-L/usr/local/opt/portable-expat/lib'
configure:7849: $? = 0
configure:7849: result: yes
configure:7856: checking for SHA384_Init
configure:7856: cc -o conftest -Wunused-function -Wstrict-prototypes -Wwrite-strings -W -Wall -fomit-frame-pointer -funroll-loops  -ffast-math -Ofast -fno-signed-zeros -ffp-contract=fast -mmmx -msse -flto -m64    -I/usr/local/opt/openblas/include -I/usr/local/opt/llvm/include -I/usr/local/opt/readline/include -I/usr/local/opt/zlib/include -I/usr/local/opt/openssl@1.1/include -I/usr/local/opt/portable-expat/include  -I/usr/local/opt/openssl@1.1/include -L/usr/local/opt/openblas/lib -L/usr/local/opt/llvm/lib -L/usr/local/opt/readline/lib -L/usr/local/opt/zlib/lib -L/usr/local/opt/openssl@1.1/lib -L/usr/local/opt/portable-expat/lib  -L/usr/local/opt/openssl@1.1/lib conftest.c  -lcrypto >&5
conftest.c:69:18: warning: this function declaration is not a prototype [-Wstrict-prototypes]
char SHA384_Init ();
                 ^
                  void
1 warning generated.
ld: warning: directory not found for option '-L/usr/local/opt/zlib/lib'
ld: warning: directory not found for option '-L/usr/local/opt/portable-expat/lib'
configure:7856: $? = 0
configure:7856: result: yes
configure:7863: checking whether NID_X9_62_prime256v1 is declared
configure:7863: cc -c -Wunused-function -Wstrict-prototypes -Wwrite-strings -W -Wall -fomit-frame-pointer -funroll-loops  -ffast-math -Ofast -fno-signed-zeros -ffp-contract=fast -mmmx -msse -flto -m64    -I/usr/local/opt/openblas/include -I/usr/local/opt/llvm/include -I/usr/local/opt/readline/include -I/usr/local/opt/zlib/include -I/usr/local/opt/openssl@1.1/include -I/usr/local/opt/portable-expat/include  -I/usr/local/opt/openssl@1.1/include conftest.c >&5
configure:7863: $? = 0
configure:7863: result: yes
configure:7881: checking whether NID_secp384r1 is declared
configure:7881: cc -c -Wunused-function -Wstrict-prototypes -Wwrite-strings -W -Wall -fomit-frame-pointer -funroll-loops  -ffast-math -Ofast -fno-signed-zeros -ffp-contract=fast -mmmx -msse -flto -m64    -I/usr/local/opt/openblas/include -I/usr/local/opt/llvm/include -I/usr/local/opt/readline/include -I/usr/local/opt/zlib/include -I/usr/local/opt/openssl@1.1/include -I/usr/local/opt/portable-expat/include  -I/usr/local/opt/openssl@1.1/include conftest.c >&5
configure:7881: $? = 0
configure:7881: result: yes
configure:7918: checking for DSA_SIG_new
configure:7918: cc -o conftest -Wunused-function -Wstrict-prototypes -Wwrite-strings -W -Wall -fomit-frame-pointer -funroll-loops  -ffast-math -Ofast -fno-signed-zeros -ffp-contract=fast -mmmx -msse -flto -m64    -I/usr/local/opt/openblas/include -I/usr/local/opt/llvm/include -I/usr/local/opt/readline/include -I/usr/local/opt/zlib/include -I/usr/local/opt/openssl@1.1/include -I/usr/local/opt/portable-expat/include  -I/usr/local/opt/openssl@1.1/include -L/usr/local/opt/openblas/lib -L/usr/local/opt/llvm/lib -L/usr/local/opt/readline/lib -L/usr/local/opt/zlib/lib -L/usr/local/opt/openssl@1.1/lib -L/usr/local/opt/portable-expat/lib  -L/usr/local/opt/openssl@1.1/lib conftest.c  -lcrypto >&5
conftest.c:72:18: warning: this function declaration is not a prototype [-Wstrict-prototypes]
char DSA_SIG_new ();
                 ^
                  void
1 warning generated.
ld: warning: directory not found for option '-L/usr/local/opt/zlib/lib'
ld: warning: directory not found for option '-L/usr/local/opt/portable-expat/lib'
configure:7918: $? = 0
configure:7918: result: yes
configure:8066: checking for X509_check_ca
configure:8066: cc -o conftest -Wunused-function -Wstrict-prototypes -Wwrite-strings -W -Wall -fomit-frame-pointer -funroll-loops  -ffast-math -Ofast -fno-signed-zeros -ffp-contract=fast -mmmx -msse -flto -m64    -I/usr/local/opt/openblas/include -I/usr/local/opt/llvm/include -I/usr/local/opt/readline/include -I/usr/local/opt/zlib/include -I/usr/local/opt/openssl@1.1/include -I/usr/local/opt/portable-expat/include  -I/usr/local/opt/openssl@1.1/include -L/usr/local/opt/openblas/lib -L/usr/local/opt/llvm/lib -L/usr/local/opt/readline/lib -L/usr/local/opt/zlib/lib -L/usr/local/opt/openssl@1.1/lib -L/usr/local/opt/portable-expat/lib  -L/usr/local/opt/openssl@1.1/lib conftest.c  -lcrypto >&5
conftest.c:73:20: warning: this function declaration is not a prototype [-Wstrict-prototypes]
char X509_check_ca ();
                   ^
                    void
1 warning generated.
ld: warning: directory not found for option '-L/usr/local/opt/zlib/lib'
ld: warning: directory not found for option '-L/usr/local/opt/portable-expat/lib'
configure:8066: $? = 0
configure:8066: result: yes
configure:8101: checking for SSL_get0_dane
configure:8101: cc -o conftest -Wunused-function -Wstrict-prototypes -Wwrite-strings -W -Wall -fomit-frame-pointer -funroll-loops  -ffast-math -Ofast -fno-signed-zeros -ffp-contract=fast -mmmx -msse -flto -m64    -I/usr/local/opt/openblas/include -I/usr/local/opt/llvm/include -I/usr/local/opt/readline/include -I/usr/local/opt/zlib/include -I/usr/local/opt/openssl@1.1/include -I/usr/local/opt/portable-expat/include  -I/usr/local/opt/openssl@1.1/include -L/usr/local/opt/openblas/lib -L/usr/local/opt/llvm/lib -L/usr/local/opt/readline/lib -L/usr/local/opt/zlib/lib -L/usr/local/opt/openssl@1.1/lib -L/usr/local/opt/portable-expat/lib  -L/usr/local/opt/openssl@1.1/lib conftest.c -lssl  -lcrypto >&5
conftest.c:75:20: warning: this function declaration is not a prototype [-Wstrict-prototypes]
char SSL_get0_dane ();
                   ^
                    void
1 warning generated.
ld: warning: directory not found for option '-L/usr/local/opt/zlib/lib'
ld: warning: directory not found for option '-L/usr/local/opt/portable-expat/lib'
configure:8101: $? = 0
configure:8101: result: yes
configure:8246: checking whether byte ordering is bigendian
configure:8261: cc -c -Wunused-function -Wstrict-prototypes -Wwrite-strings -W -Wall -fomit-frame-pointer -funroll-loops  -ffast-math -Ofast -fno-signed-zeros -ffp-contract=fast -mmmx -msse -flto -m64    -I/usr/local/opt/openblas/include -I/usr/local/opt/llvm/include -I/usr/local/opt/readline/include -I/usr/local/opt/zlib/include -I/usr/local/opt/openssl@1.1/include -I/usr/local/opt/portable-expat/include  conftest.c >&5
configure:8261: $? = 0
configure:8306: cc -c -Wunused-function -Wstrict-prototypes -Wwrite-strings -W -Wall -fomit-frame-pointer -funroll-loops  -ffast-math -Ofast -fno-signed-zeros -ffp-contract=fast -mmmx -msse -flto -m64    -I/usr/local/opt/openblas/include -I/usr/local/opt/llvm/include -I/usr/local/opt/readline/include -I/usr/local/opt/zlib/include -I/usr/local/opt/openssl@1.1/include -I/usr/local/opt/portable-expat/include  conftest.c >&5
configure:8306: $? = 0
configure:8324: cc -c -Wunused-function -Wstrict-prototypes -Wwrite-strings -W -Wall -fomit-frame-pointer -funroll-loops  -ffast-math -Ofast -fno-signed-zeros -ffp-contract=fast -mmmx -msse -flto -m64    -I/usr/local/opt/openblas/include -I/usr/local/opt/llvm/include -I/usr/local/opt/readline/include -I/usr/local/opt/zlib/include -I/usr/local/opt/openssl@1.1/include -I/usr/local/opt/portable-expat/include  conftest.c >&5
conftest.c:61:4: error: use of undeclared identifier 'not'
                 not big endian
                 ^
1 error generated.
configure:8324: $? = 1
configure: failed program was:
| /* confdefs.h */
| #define PACKAGE_NAME "ldns"
| #define PACKAGE_TARNAME "libdns"
| #define PACKAGE_VERSION "1.7.0"
| #define PACKAGE_STRING "ldns 1.7.0"
| #define PACKAGE_BUGREPORT "libdns@nlnetlabs.nl"
| #define PACKAGE_URL ""
| #define STDC_HEADERS 1
| #define HAVE_SYS_TYPES_H 1
| #define HAVE_SYS_STAT_H 1
| #define HAVE_STDLIB_H 1
| #define HAVE_STRING_H 1
| #define HAVE_MEMORY_H 1
| #define HAVE_STRINGS_H 1
| #define HAVE_INTTYPES_H 1
| #define HAVE_STDINT_H 1
| #define HAVE_UNISTD_H 1
| #define __EXTENSIONS__ 1
| #define _ALL_SOURCE 1
| #define _GNU_SOURCE 1
| #define _POSIX_PTHREAD_SEMANTICS 1
| #define _TANDEM_SOURCE 1
| #define WINVER 0x0502
| #define HAVE_GETOPT_H 1
| #define HAVE_TIME_H 1
| #define HAVE_GETOPT_H 1
| #define HAVE_TIME_H 1
| #define HAVE_SSL /**/
| #define HAVE_HMAC_UPDATE 1
| #define HAVE_OPENSSL_SSL_H 1
| #define HAVE_OPENSSL_ERR_H 1
| #define HAVE_OPENSSL_RAND_H 1
| #define HAVE_EVP_SHA256 1
| #define HAVE_EVP_SHA384 1
| #define HAVE_EVP_SHA512 1
| #define HAVE_EVP_PKEY_KEYGEN 1
| #define HAVE_ECDSA_SIG_GET0 1
| #define HAVE_EVP_MD_CTX_NEW 1
| #define HAVE_EVP_PKEY_BASE_ID 1
| #define HAVE_DSA_SIG_SET0 1
| #define HAVE_DSA_SIG_GET0 1
| #define HAVE_DSA_GET0_PQG 1
| #define HAVE_DSA_GET0_KEY 1
| #define USE_SHA2 1
| #define HAVE_DECL_NID_X9_62_PRIME256V1 1
| #define HAVE_DECL_NID_SECP384R1 1
| #define USE_ECDSA 1
| #define USE_DSA 1
| #define USE_DANE 1
| #define USE_DANE_VERIFY 1
| #define USE_DANE_TA_USAGE 1
| #define RRTYPE_OPENPGPKEY /**/
| /* end confdefs.h.  */
| #include <sys/types.h>
| 		#include <sys/param.h>
| 
| int
| main ()
| {
| #if BYTE_ORDER != BIG_ENDIAN
| 		 not big endian
| 		#endif
| 
|   ;
|   return 0;
| }
configure:8452: result: no
configure:8472: checking for ANSI C header files
configure:8576: result: yes
configure:8584: checking for stdbool.h that conforms to C99
configure:8651: cc -c -Wunused-function -Wstrict-prototypes -Wwrite-strings -W -Wall -fomit-frame-pointer -funroll-loops  -ffast-math -Ofast -fno-signed-zeros -ffp-contract=fast -mmmx -msse -flto -m64    -I/usr/local/opt/openblas/include -I/usr/local/opt/llvm/include -I/usr/local/opt/readline/include -I/usr/local/opt/zlib/include -I/usr/local/opt/openssl@1.1/include -I/usr/local/opt/portable-expat/include  conftest.c >&5
conftest.c:104:24: warning: address of 's' will always evaluate to 'true' [-Wpointer-bool-conversion]
             bool e = &s;
                  ~    ^
conftest.c:108:23: warning: address of array 'a' will always evaluate to 'true' [-Wpointer-bool-conversion]
             return (!a + !b + !c + !d + !e + !f + !g + !h + !i + !!j + !k + !!l
                     ~^
conftest.c:108:28: warning: address of array 'b' will always evaluate to 'true' [-Wpointer-bool-conversion]
             return (!a + !b + !c + !d + !e + !f + !g + !h + !i + !!j + !k + !!l
                          ~^
conftest.c:108:33: warning: address of array 'c' will always evaluate to 'true' [-Wpointer-bool-conversion]
             return (!a + !b + !c + !d + !e + !f + !g + !h + !i + !!j + !k + !!l
                               ~^
conftest.c:108:38: warning: address of array 'd' will always evaluate to 'true' [-Wpointer-bool-conversion]
             return (!a + !b + !c + !d + !e + !f + !g + !h + !i + !!j + !k + !!l
                                    ~^
conftest.c:108:48: warning: address of array 'f' will always evaluate to 'true' [-Wpointer-bool-conversion]
             return (!a + !b + !c + !d + !e + !f + !g + !h + !i + !!j + !k + !!l
                                              ~^
conftest.c:108:53: warning: address of array 'g' will always evaluate to 'true' [-Wpointer-bool-conversion]
             return (!a + !b + !c + !d + !e + !f + !g + !h + !i + !!j + !k + !!l
                                                   ~^
conftest.c:108:58: warning: address of array 'h' will always evaluate to 'true' [-Wpointer-bool-conversion]
             return (!a + !b + !c + !d + !e + !f + !g + !h + !i + !!j + !k + !!l
                                                        ~^
conftest.c:108:63: warning: address of array 'i' will always evaluate to 'true' [-Wpointer-bool-conversion]
             return (!a + !b + !c + !d + !e + !f + !g + !h + !i + !!j + !k + !!l
                                                             ~^
conftest.c:109:30: warning: address of array 'n' will always evaluate to 'true' [-Wpointer-bool-conversion]
                            ~^
conftest.c:109:35: warning: address of array 'o' will always evaluate to 'true' [-Wpointer-bool-conversion]
                                 ~^
conftest.c:109:40: warning: address of array 'p' will always evaluate to 'true' [-Wpointer-bool-conversion]
                                      ~^
12 warnings generated.
configure:8651: $? = 0
configure:8658: result: yes
configure:8660: checking for _Bool
configure:8660: cc -c -Wunused-function -Wstrict-prototypes -Wwrite-strings -W -Wall -fomit-frame-pointer -funroll-loops  -ffast-math -Ofast -fno-signed-zeros -ffp-contract=fast -mmmx -msse -flto -m64    -I/usr/local/opt/openblas/include -I/usr/local/opt/llvm/include -I/usr/local/opt/readline/include -I/usr/local/opt/zlib/include -I/usr/local/opt/openssl@1.1/include -I/usr/local/opt/portable-expat/include  conftest.c >&5
configure:8660: $? = 0
configure:8660: cc -c -Wunused-function -Wstrict-prototypes -Wwrite-strings -W -Wall -fomit-frame-pointer -funroll-loops  -ffast-math -Ofast -fno-signed-zeros -ffp-contract=fast -mmmx -msse -flto -m64    -I/usr/local/opt/openblas/include -I/usr/local/opt/llvm/include -I/usr/local/opt/readline/include -I/usr/local/opt/zlib/include -I/usr/local/opt/openssl@1.1/include -I/usr/local/opt/portable-expat/include  conftest.c >&5
conftest.c:91:20: error: expected expression
if (sizeof ((_Bool)))
                   ^
1 error generated.
configure:8660: $? = 1
configure: failed program was:
| /* confdefs.h */
| #define PACKAGE_NAME "ldns"
| #define PACKAGE_TARNAME "libdns"
| #define PACKAGE_VERSION "1.7.0"
| #define PACKAGE_STRING "ldns 1.7.0"
| #define PACKAGE_BUGREPORT "libdns@nlnetlabs.nl"
| #define PACKAGE_URL ""
| #define STDC_HEADERS 1
| #define HAVE_SYS_TYPES_H 1
| #define HAVE_SYS_STAT_H 1
| #define HAVE_STDLIB_H 1
| #define HAVE_STRING_H 1
| #define HAVE_MEMORY_H 1
| #define HAVE_STRINGS_H 1
| #define HAVE_INTTYPES_H 1
| #define HAVE_STDINT_H 1
| #define HAVE_UNISTD_H 1
| #define __EXTENSIONS__ 1
| #define _ALL_SOURCE 1
| #define _GNU_SOURCE 1
| #define _POSIX_PTHREAD_SEMANTICS 1
| #define _TANDEM_SOURCE 1
| #define WINVER 0x0502
| #define HAVE_GETOPT_H 1
| #define HAVE_TIME_H 1
| #define HAVE_GETOPT_H 1
| #define HAVE_TIME_H 1
| #define HAVE_SSL /**/
| #define HAVE_HMAC_UPDATE 1
| #define HAVE_OPENSSL_SSL_H 1
| #define HAVE_OPENSSL_ERR_H 1
| #define HAVE_OPENSSL_RAND_H 1
| #define HAVE_EVP_SHA256 1
| #define HAVE_EVP_SHA384 1
| #define HAVE_EVP_SHA512 1
| #define HAVE_EVP_PKEY_KEYGEN 1
| #define HAVE_ECDSA_SIG_GET0 1
| #define HAVE_EVP_MD_CTX_NEW 1
| #define HAVE_EVP_PKEY_BASE_ID 1
| #define HAVE_DSA_SIG_SET0 1
| #define HAVE_DSA_SIG_GET0 1
| #define HAVE_DSA_GET0_PQG 1
| #define HAVE_DSA_GET0_KEY 1
| #define USE_SHA2 1
| #define HAVE_DECL_NID_X9_62_PRIME256V1 1
| #define HAVE_DECL_NID_SECP384R1 1
| #define USE_ECDSA 1
| #define USE_DSA 1
| #define USE_DANE 1
| #define USE_DANE_VERIFY 1
| #define USE_DANE_TA_USAGE 1
| #define RRTYPE_OPENPGPKEY /**/
| #define STDC_HEADERS 1
| /* end confdefs.h.  */
| #include <stdio.h>
| #ifdef HAVE_SYS_TYPES_H
| # include <sys/types.h>
| #endif
| #ifdef HAVE_SYS_STAT_H
| # include <sys/stat.h>
| #endif
| #ifdef STDC_HEADERS
| # include <stdlib.h>
| # include <stddef.h>
| #else
| # ifdef HAVE_STDLIB_H
| #  include <stdlib.h>
| # endif
| #endif
| #ifdef HAVE_STRING_H
| # if !defined STDC_HEADERS && defined HAVE_MEMORY_H
| #  include <memory.h>
| # endif
| # include <string.h>
| #endif
| #ifdef HAVE_STRINGS_H
| # include <strings.h>
| #endif
| #ifdef HAVE_INTTYPES_H
| # include <inttypes.h>
| #endif
| #ifdef HAVE_STDINT_H
| # include <stdint.h>
| #endif
| #ifdef HAVE_UNISTD_H
| # include <unistd.h>
| #endif
| int
| main ()
| {
| if (sizeof ((_Bool)))
| 	    return 0;
|   ;
|   return 0;
| }
configure:8660: result: yes
configure:8683: checking for getopt.h
configure:8683: result: yes
configure:8683: checking for stdarg.h
configure:8683: cc -c -Wunused-function -Wstrict-prototypes -Wwrite-strings -W -Wall -fomit-frame-pointer -funroll-loops  -ffast-math -Ofast -fno-signed-zeros -ffp-contract=fast -mmmx -msse -flto -m64    -I/usr/local/opt/openblas/include -I/usr/local/opt/llvm/include -I/usr/local/opt/readline/include -I/usr/local/opt/zlib/include -I/usr/local/opt/openssl@1.1/include -I/usr/local/opt/portable-expat/include  conftest.c >&5
configure:8683: $? = 0
configure:8683: result: yes
configure:8683: checking for openssl/ssl.h
configure:8683: result: yes
configure:8683: checking for netinet/in.h
configure:8683: cc -c -Wunused-function -Wstrict-prototypes -Wwrite-strings -W -Wall -fomit-frame-pointer -funroll-loops  -ffast-math -Ofast -fno-signed-zeros -ffp-contract=fast -mmmx -msse -flto -m64    -I/usr/local/opt/openblas/include -I/usr/local/opt/llvm/include -I/usr/local/opt/readline/include -I/usr/local/opt/zlib/include -I/usr/local/opt/openssl@1.1/include -I/usr/local/opt/portable-expat/include  conftest.c >&5
configure:8683: $? = 0
configure:8683: result: yes
configure:8683: checking for time.h
configure:8683: result: yes
configure:8683: checking for arpa/inet.h
configure:8683: cc -c -Wunused-function -Wstrict-prototypes -Wwrite-strings -W -Wall -fomit-frame-pointer -funroll-loops  -ffast-math -Ofast -fno-signed-zeros -ffp-contract=fast -mmmx -msse -flto -m64    -I/usr/local/opt/openblas/include -I/usr/local/opt/llvm/include -I/usr/local/opt/readline/include -I/usr/local/opt/zlib/include -I/usr/local/opt/openssl@1.1/include -I/usr/local/opt/portable-expat/include  conftest.c >&5
configure:8683: $? = 0
configure:8683: result: yes
configure:8683: checking for netdb.h
configure:8683: cc -c -Wunused-function -Wstrict-prototypes -Wwrite-strings -W -Wall -fomit-frame-pointer -funroll-loops  -ffast-math -Ofast -fno-signed-zeros -ffp-contract=fast -mmmx -msse -flto -m64    -I/usr/local/opt/openblas/include -I/usr/local/opt/llvm/include -I/usr/local/opt/readline/include -I/usr/local/opt/zlib/include -I/usr/local/opt/openssl@1.1/include -I/usr/local/opt/portable-expat/include  conftest.c >&5
configure:8683: $? = 0
configure:8683: result: yes
configure:8697: checking for sys/param.h
configure:8697: cc -c -Wunused-function -Wstrict-prototypes -Wwrite-strings -W -Wall -fomit-frame-pointer -funroll-loops  -ffast-math -Ofast -fno-signed-zeros -ffp-contract=fast -mmmx -msse -flto -m64    -I/usr/local/opt/openblas/include -I/usr/local/opt/llvm/include -I/usr/local/opt/readline/include -I/usr/local/opt/zlib/include -I/usr/local/opt/openssl@1.1/include -I/usr/local/opt/portable-expat/include  conftest.c >&5
configure:8697: $? = 0
configure:8697: result: yes
configure:8697: checking for sys/mount.h
configure:8697: cc -c -Wunused-function -Wstrict-prototypes -Wwrite-strings -W -Wall -fomit-frame-pointer -funroll-loops  -ffast-math -Ofast -fno-signed-zeros -ffp-contract=fast -mmmx -msse -flto -m64    -I/usr/local/opt/openblas/include -I/usr/local/opt/llvm/include -I/usr/local/opt/readline/include -I/usr/local/opt/zlib/include -I/usr/local/opt/openssl@1.1/include -I/usr/local/opt/portable-expat/include  conftest.c >&5
configure:8697: $? = 0
configure:8697: result: yes
configure:8714: checking for sys/socket.h
configure:8714: cc -c -Wunused-function -Wstrict-prototypes -Wwrite-strings -W -Wall -fomit-frame-pointer -funroll-loops  -ffast-math -Ofast -fno-signed-zeros -ffp-contract=fast -mmmx -msse -flto -m64    -I/usr/local/opt/openblas/include -I/usr/local/opt/llvm/include -I/usr/local/opt/readline/include -I/usr/local/opt/zlib/include -I/usr/local/opt/openssl@1.1/include -I/usr/local/opt/portable-expat/include  conftest.c >&5
configure:8714: $? = 0
configure:8714: result: yes
configure:8737: checking for inttypes.h
configure:8737: result: yes
configure:8759: checking for sys/types.h
configure:8759: result: yes
configure:8777: checking for unistd.h
configure:8777: result: yes
configure:8800: checking size of time_t
configure:8805: cc -o conftest -Wunused-function -Wstrict-prototypes -Wwrite-strings -W -Wall -fomit-frame-pointer -funroll-loops  -ffast-math -Ofast -fno-signed-zeros -ffp-contract=fast -mmmx -msse -flto -m64    -I/usr/local/opt/openblas/include -I/usr/local/opt/llvm/include -I/usr/local/opt/readline/include -I/usr/local/opt/zlib/include -I/usr/local/opt/openssl@1.1/include -I/usr/local/opt/portable-expat/include  -L/usr/local/opt/openblas/lib -L/usr/local/opt/llvm/lib -L/usr/local/opt/readline/lib -L/usr/local/opt/zlib/lib -L/usr/local/opt/openssl@1.1/lib -L/usr/local/opt/portable-expat/lib  conftest.c  >&5
ld: warning: directory not found for option '-L/usr/local/opt/zlib/lib'
ld: warning: directory not found for option '-L/usr/local/opt/portable-expat/lib'
configure:8805: $? = 0
configure:8805: ./conftest
configure:8805: $? = 0
configure:8832: result: 8
configure:8846: checking for pcap.h
configure:8846: cc -c -Wunused-function -Wstrict-prototypes -Wwrite-strings -W -Wall -fomit-frame-pointer -funroll-loops  -ffast-math -Ofast -fno-signed-zeros -ffp-contract=fast -mmmx -msse -flto -m64    -I/usr/local/opt/openblas/include -I/usr/local/opt/llvm/include -I/usr/local/opt/readline/include -I/usr/local/opt/zlib/include -I/usr/local/opt/openssl@1.1/include -I/usr/local/opt/portable-expat/include  conftest.c >&5
configure:8846: $? = 0
configure:8846: result: yes
configure:8857: checking for pcap_open_offline in -lpcap
configure:8882: cc -o conftest -Wunused-function -Wstrict-prototypes -Wwrite-strings -W -Wall -fomit-frame-pointer -funroll-loops  -ffast-math -Ofast -fno-signed-zeros -ffp-contract=fast -mmmx -msse -flto -m64    -I/usr/local/opt/openblas/include -I/usr/local/opt/llvm/include -I/usr/local/opt/readline/include -I/usr/local/opt/zlib/include -I/usr/local/opt/openssl@1.1/include -I/usr/local/opt/portable-expat/include  -L/usr/local/opt/openblas/lib -L/usr/local/opt/llvm/lib -L/usr/local/opt/readline/lib -L/usr/local/opt/zlib/lib -L/usr/local/opt/openssl@1.1/lib -L/usr/local/opt/portable-expat/lib  conftest.c -lpcap   >&5
conftest.c:79:24: warning: this function declaration is not a prototype [-Wstrict-prototypes]
char pcap_open_offline ();
                       ^
                        void
1 warning generated.
ld: warning: directory not found for option '-L/usr/local/opt/zlib/lib'
ld: warning: directory not found for option '-L/usr/local/opt/portable-expat/lib'
configure:8882: $? = 0
configure:8891: result: yes
configure:8911: checking for netinet/in_systm.h
configure:8911: cc -c -Wunused-function -Wstrict-prototypes -Wwrite-strings -W -Wall -fomit-frame-pointer -funroll-loops  -ffast-math -Ofast -fno-signed-zeros -ffp-contract=fast -mmmx -msse -flto -m64    -I/usr/local/opt/openblas/include -I/usr/local/opt/llvm/include -I/usr/local/opt/readline/include -I/usr/local/opt/zlib/include -I/usr/local/opt/openssl@1.1/include -I/usr/local/opt/portable-expat/include  conftest.c >&5
configure:8911: $? = 0
configure:8911: result: yes
configure:8911: checking for net/if.h
configure:8911: cc -c -Wunused-function -Wstrict-prototypes -Wwrite-strings -W -Wall -fomit-frame-pointer -funroll-loops  -ffast-math -Ofast -fno-signed-zeros -ffp-contract=fast -mmmx -msse -flto -m64    -I/usr/local/opt/openblas/include -I/usr/local/opt/llvm/include -I/usr/local/opt/readline/include -I/usr/local/opt/zlib/include -I/usr/local/opt/openssl@1.1/include -I/usr/local/opt/portable-expat/include  conftest.c >&5
configure:8911: $? = 0
configure:8911: result: yes
configure:8911: checking for netinet/ip.h
configure:8911: cc -c -Wunused-function -Wstrict-prototypes -Wwrite-strings -W -Wall -fomit-frame-pointer -funroll-loops  -ffast-math -Ofast -fno-signed-zeros -ffp-contract=fast -mmmx -msse -flto -m64    -I/usr/local/opt/openblas/include -I/usr/local/opt/llvm/include -I/usr/local/opt/readline/include -I/usr/local/opt/zlib/include -I/usr/local/opt/openssl@1.1/include -I/usr/local/opt/portable-expat/include  conftest.c >&5
configure:8911: $? = 0
configure:8911: result: yes
configure:8911: checking for netinet/udp.h
configure:8911: cc -c -Wunused-function -Wstrict-prototypes -Wwrite-strings -W -Wall -fomit-frame-pointer -funroll-loops  -ffast-math -Ofast -fno-signed-zeros -ffp-contract=fast -mmmx -msse -flto -m64    -I/usr/local/opt/openblas/include -I/usr/local/opt/llvm/include -I/usr/local/opt/readline/include -I/usr/local/opt/zlib/include -I/usr/local/opt/openssl@1.1/include -I/usr/local/opt/portable-expat/include  conftest.c >&5
configure:8911: $? = 0
configure:8911: result: yes
configure:8911: checking for netinet/igmp.h
configure:8911: cc -c -Wunused-function -Wstrict-prototypes -Wwrite-strings -W -Wall -fomit-frame-pointer -funroll-loops  -ffast-math -Ofast -fno-signed-zeros -ffp-contract=fast -mmmx -msse -flto -m64    -I/usr/local/opt/openblas/include -I/usr/local/opt/llvm/include -I/usr/local/opt/readline/include -I/usr/local/opt/zlib/include -I/usr/local/opt/openssl@1.1/include -I/usr/local/opt/portable-expat/include  conftest.c >&5
configure:8911: $? = 0
configure:8911: result: yes
configure:8911: checking for netinet/if_ether.h
configure:8911: cc -c -Wunused-function -Wstrict-prototypes -Wwrite-strings -W -Wall -fomit-frame-pointer -funroll-loops  -ffast-math -Ofast -fno-signed-zeros -ffp-contract=fast -mmmx -msse -flto -m64    -I/usr/local/opt/openblas/include -I/usr/local/opt/llvm/include -I/usr/local/opt/readline/include -I/usr/local/opt/zlib/include -I/usr/local/opt/openssl@1.1/include -I/usr/local/opt/portable-expat/include  conftest.c >&5
configure:8911: $? = 0
configure:8911: result: yes
configure:8911: checking for netinet/ip6.h
configure:8911: cc -c -Wunused-function -Wstrict-prototypes -Wwrite-strings -W -Wall -fomit-frame-pointer -funroll-loops  -ffast-math -Ofast -fno-signed-zeros -ffp-contract=fast -mmmx -msse -flto -m64    -I/usr/local/opt/openblas/include -I/usr/local/opt/llvm/include -I/usr/local/opt/readline/include -I/usr/local/opt/zlib/include -I/usr/local/opt/openssl@1.1/include -I/usr/local/opt/portable-expat/include  conftest.c >&5
configure:8911: $? = 0
configure:8911: result: yes
configure:8911: checking for net/ethernet.h
configure:8911: cc -c -Wunused-function -Wstrict-prototypes -Wwrite-strings -W -Wall -fomit-frame-pointer -funroll-loops  -ffast-math -Ofast -fno-signed-zeros -ffp-contract=fast -mmmx -msse -flto -m64    -I/usr/local/opt/openblas/include -I/usr/local/opt/llvm/include -I/usr/local/opt/readline/include -I/usr/local/opt/zlib/include -I/usr/local/opt/openssl@1.1/include -I/usr/local/opt/portable-expat/include  conftest.c >&5
configure:8911: $? = 0
configure:8911: result: yes
configure:8911: checking for netinet/ip_compat.h
configure:8911: cc -c -Wunused-function -Wstrict-prototypes -Wwrite-strings -W -Wall -fomit-frame-pointer -funroll-loops  -ffast-math -Ofast -fno-signed-zeros -ffp-contract=fast -mmmx -msse -flto -m64    -I/usr/local/opt/openblas/include -I/usr/local/opt/llvm/include -I/usr/local/opt/readline/include -I/usr/local/opt/zlib/include -I/usr/local/opt/openssl@1.1/include -I/usr/local/opt/portable-expat/include  conftest.c >&5
conftest.c:128:10: fatal error: 'netinet/ip_compat.h' file not found
#include <netinet/ip_compat.h>
         ^~~~~~~~~~~~~~~~~~~~~
1 error generated.
configure:8911: $? = 1
configure: failed program was:
| /* confdefs.h */
| #define PACKAGE_NAME "ldns"
| #define PACKAGE_TARNAME "libdns"
| #define PACKAGE_VERSION "1.7.0"
| #define PACKAGE_STRING "ldns 1.7.0"
| #define PACKAGE_BUGREPORT "libdns@nlnetlabs.nl"
| #define PACKAGE_URL ""
| #define STDC_HEADERS 1
| #define HAVE_SYS_TYPES_H 1
| #define HAVE_SYS_STAT_H 1
| #define HAVE_STDLIB_H 1
| #define HAVE_STRING_H 1
| #define HAVE_MEMORY_H 1
| #define HAVE_STRINGS_H 1
| #define HAVE_INTTYPES_H 1
| #define HAVE_STDINT_H 1
| #define HAVE_UNISTD_H 1
| #define __EXTENSIONS__ 1
| #define _ALL_SOURCE 1
| #define _GNU_SOURCE 1
| #define _POSIX_PTHREAD_SEMANTICS 1
| #define _TANDEM_SOURCE 1
| #define WINVER 0x0502
| #define HAVE_GETOPT_H 1
| #define HAVE_TIME_H 1
| #define HAVE_GETOPT_H 1
| #define HAVE_TIME_H 1
| #define HAVE_SSL /**/
| #define HAVE_HMAC_UPDATE 1
| #define HAVE_OPENSSL_SSL_H 1
| #define HAVE_OPENSSL_ERR_H 1
| #define HAVE_OPENSSL_RAND_H 1
| #define HAVE_EVP_SHA256 1
| #define HAVE_EVP_SHA384 1
| #define HAVE_EVP_SHA512 1
| #define HAVE_EVP_PKEY_KEYGEN 1
| #define HAVE_ECDSA_SIG_GET0 1
| #define HAVE_EVP_MD_CTX_NEW 1
| #define HAVE_EVP_PKEY_BASE_ID 1
| #define HAVE_DSA_SIG_SET0 1
| #define HAVE_DSA_SIG_GET0 1
| #define HAVE_DSA_GET0_PQG 1
| #define HAVE_DSA_GET0_KEY 1
| #define USE_SHA2 1
| #define HAVE_DECL_NID_X9_62_PRIME256V1 1
| #define HAVE_DECL_NID_SECP384R1 1
| #define USE_ECDSA 1
| #define USE_DSA 1
| #define USE_DANE 1
| #define USE_DANE_VERIFY 1
| #define USE_DANE_TA_USAGE 1
| #define RRTYPE_OPENPGPKEY /**/
| #define STDC_HEADERS 1
| #define HAVE__BOOL 1
| #define HAVE_STDBOOL_H 1
| #define HAVE_GETOPT_H 1
| #define HAVE_STDARG_H 1
| #define HAVE_OPENSSL_SSL_H 1
| #define HAVE_NETINET_IN_H 1
| #define HAVE_TIME_H 1
| #define HAVE_ARPA_INET_H 1
| #define HAVE_NETDB_H 1
| #define HAVE_SYS_PARAM_H 1
| #define HAVE_SYS_MOUNT_H 1
| #define HAVE_SYS_SOCKET_H 1
| #define HAVE_INTTYPES_H 1
| #define HAVE_SYS_TYPES_H 1
| #define HAVE_UNISTD_H 1
| #define SIZEOF_TIME_T 8
| #define HAVE_PCAP_H 1
| #define HAVE_LIBPCAP 1
| #define HAVE_NETINET_IN_SYSTM_H 1
| #define HAVE_NET_IF_H 1
| #define HAVE_NETINET_IP_H 1
| #define HAVE_NETINET_UDP_H 1
| #define HAVE_NETINET_IGMP_H 1
| #define HAVE_NETINET_IF_ETHER_H 1
| #define HAVE_NETINET_IP6_H 1
| #define HAVE_NET_ETHERNET_H 1
| /* end confdefs.h.  */
| 
| #include <stdio.h>
| #ifdef HAVE_SYS_TYPES_H
| # include <sys/types.h>
| #endif
| #ifdef HAVE_SYS_STAT_H
| # include <sys/stat.h>
| #endif
| #ifdef STDC_HEADERS
| # include <stdlib.h>
| # include <stddef.h>
| #else
| # ifdef HAVE_STDLIB_H
| #  include <stdlib.h>
| # endif
| #endif
| #ifdef HAVE_STRING_H
| # if !defined STDC_HEADERS && defined HAVE_MEMORY_H
| #  include <memory.h>
| # endif
| # include <string.h>
| #endif
| #ifdef HAVE_STRINGS_H
| # include <strings.h>
| #endif
| #ifdef HAVE_INTTYPES_H
| # include <inttypes.h>
| #endif
| #ifdef HAVE_STDINT_H
| # include <stdint.h>
| #endif
| #ifdef HAVE_UNISTD_H
| # include <unistd.h>
| #endif
| #ifdef HAVE_NETINET_IN_SYSTM_H
| #include <netinet/in_systm.h>
| #endif
| #ifdef HAVE_NETINET_IN_H
| #include <netinet/in.h>
| #endif
| #ifdef HAVE_SYS_SOCKET_H
| #include <sys/socket.h>
| #endif
| #ifdef HAVE_NET_IF_H
| #include <net/if.h>
| #endif
| 
| #include <netinet/ip_compat.h>
configure:8911: result: no
configure:8938: checking for socklen_t
configure:8938: cc -c -Wunused-function -Wstrict-prototypes -Wwrite-strings -W -Wall -fomit-frame-pointer -funroll-loops  -ffast-math -Ofast -fno-signed-zeros -ffp-contract=fast -mmmx -msse -flto -m64    -I/usr/local/opt/openblas/include -I/usr/local/opt/llvm/include -I/usr/local/opt/readline/include -I/usr/local/opt/zlib/include -I/usr/local/opt/openssl@1.1/include -I/usr/local/opt/portable-expat/include  conftest.c >&5
configure:8938: $? = 0
configure:8938: cc -c -Wunused-function -Wstrict-prototypes -Wwrite-strings -W -Wall -fomit-frame-pointer -funroll-loops  -ffast-math -Ofast -fno-signed-zeros -ffp-contract=fast -mmmx -msse -flto -m64    -I/usr/local/opt/openblas/include -I/usr/local/opt/llvm/include -I/usr/local/opt/readline/include -I/usr/local/opt/zlib/include -I/usr/local/opt/openssl@1.1/include -I/usr/local/opt/portable-expat/include  conftest.c >&5
conftest.c:126:24: error: expected expression
if (sizeof ((socklen_t)))
                       ^
1 error generated.
configure:8938: $? = 1
configure: failed program was:
| /* confdefs.h */
| #define PACKAGE_NAME "ldns"
| #define PACKAGE_TARNAME "libdns"
| #define PACKAGE_VERSION "1.7.0"
| #define PACKAGE_STRING "ldns 1.7.0"
| #define PACKAGE_BUGREPORT "libdns@nlnetlabs.nl"
| #define PACKAGE_URL ""
| #define STDC_HEADERS 1
| #define HAVE_SYS_TYPES_H 1
| #define HAVE_SYS_STAT_H 1
| #define HAVE_STDLIB_H 1
| #define HAVE_STRING_H 1
| #define HAVE_MEMORY_H 1
| #define HAVE_STRINGS_H 1
| #define HAVE_INTTYPES_H 1
| #define HAVE_STDINT_H 1
| #define HAVE_UNISTD_H 1
| #define __EXTENSIONS__ 1
| #define _ALL_SOURCE 1
| #define _GNU_SOURCE 1
| #define _POSIX_PTHREAD_SEMANTICS 1
| #define _TANDEM_SOURCE 1
| #define WINVER 0x0502
| #define HAVE_GETOPT_H 1
| #define HAVE_TIME_H 1
| #define HAVE_GETOPT_H 1
| #define HAVE_TIME_H 1
| #define HAVE_SSL /**/
| #define HAVE_HMAC_UPDATE 1
| #define HAVE_OPENSSL_SSL_H 1
| #define HAVE_OPENSSL_ERR_H 1
| #define HAVE_OPENSSL_RAND_H 1
| #define HAVE_EVP_SHA256 1
| #define HAVE_EVP_SHA384 1
| #define HAVE_EVP_SHA512 1
| #define HAVE_EVP_PKEY_KEYGEN 1
| #define HAVE_ECDSA_SIG_GET0 1
| #define HAVE_EVP_MD_CTX_NEW 1
| #define HAVE_EVP_PKEY_BASE_ID 1
| #define HAVE_DSA_SIG_SET0 1
| #define HAVE_DSA_SIG_GET0 1
| #define HAVE_DSA_GET0_PQG 1
| #define HAVE_DSA_GET0_KEY 1
| #define USE_SHA2 1
| #define HAVE_DECL_NID_X9_62_PRIME256V1 1
| #define HAVE_DECL_NID_SECP384R1 1
| #define USE_ECDSA 1
| #define USE_DSA 1
| #define USE_DANE 1
| #define USE_DANE_VERIFY 1
| #define USE_DANE_TA_USAGE 1
| #define RRTYPE_OPENPGPKEY /**/
| #define STDC_HEADERS 1
| #define HAVE__BOOL 1
| #define HAVE_STDBOOL_H 1
| #define HAVE_GETOPT_H 1
| #define HAVE_STDARG_H 1
| #define HAVE_OPENSSL_SSL_H 1
| #define HAVE_NETINET_IN_H 1
| #define HAVE_TIME_H 1
| #define HAVE_ARPA_INET_H 1
| #define HAVE_NETDB_H 1
| #define HAVE_SYS_PARAM_H 1
| #define HAVE_SYS_MOUNT_H 1
| #define HAVE_SYS_SOCKET_H 1
| #define HAVE_INTTYPES_H 1
| #define HAVE_SYS_TYPES_H 1
| #define HAVE_UNISTD_H 1
| #define SIZEOF_TIME_T 8
| #define HAVE_PCAP_H 1
| #define HAVE_LIBPCAP 1
| #define HAVE_NETINET_IN_SYSTM_H 1
| #define HAVE_NET_IF_H 1
| #define HAVE_NETINET_IP_H 1
| #define HAVE_NETINET_UDP_H 1
| #define HAVE_NETINET_IGMP_H 1
| #define HAVE_NETINET_IF_ETHER_H 1
| #define HAVE_NETINET_IP6_H 1
| #define HAVE_NET_ETHERNET_H 1
| /* end confdefs.h.  */
| 
| #include <stdio.h>
| #ifdef HAVE_SYS_TYPES_H
| # include <sys/types.h>
| #endif
| #ifdef HAVE_SYS_STAT_H
| # include <sys/stat.h>
| #endif
| #ifdef STDC_HEADERS
| # include <stdlib.h>
| # include <stddef.h>
| #else
| # ifdef HAVE_STDLIB_H
| #  include <stdlib.h>
| # endif
| #endif
| #ifdef HAVE_STRING_H
| # if !defined STDC_HEADERS && defined HAVE_MEMORY_H
| #  include <memory.h>
| # endif
| # include <string.h>
| #endif
| #ifdef HAVE_STRINGS_H
| # include <strings.h>
| #endif
| #ifdef HAVE_INTTYPES_H
| # include <inttypes.h>
| #endif
| #ifdef HAVE_STDINT_H
| # include <stdint.h>
| #endif
| #ifdef HAVE_UNISTD_H
| # include <unistd.h>
| #endif
| #ifdef HAVE_SYS_SOCKET_H
| #  include <sys/socket.h>
| #endif
| #ifdef HAVE_WS2TCPIP_H
| #  include <ws2tcpip.h>
| #endif
| 
| 
| int
| main ()
| {
| if (sizeof ((socklen_t)))
| 	    return 0;
|   ;
|   return 0;
| }
configure:8938: result: yes
configure:8963: checking for size_t
configure:8963: cc -c -Wunused-function -Wstrict-prototypes -Wwrite-strings -W -Wall -fomit-frame-pointer -funroll-loops  -ffast-math -Ofast -fno-signed-zeros -ffp-contract=fast -mmmx -msse -flto -m64    -I/usr/local/opt/openblas/include -I/usr/local/opt/llvm/include -I/usr/local/opt/readline/include -I/usr/local/opt/zlib/include -I/usr/local/opt/openssl@1.1/include -I/usr/local/opt/portable-expat/include  conftest.c >&5
configure:8963: $? = 0
configure:8963: cc -c -Wunused-function -Wstrict-prototypes -Wwrite-strings -W -Wall -fomit-frame-pointer -funroll-loops  -ffast-math -Ofast -fno-signed-zeros -ffp-contract=fast -mmmx -msse -flto -m64    -I/usr/local/opt/openblas/include -I/usr/local/opt/llvm/include -I/usr/local/opt/readline/include -I/usr/local/opt/zlib/include -I/usr/local/opt/openssl@1.1/include -I/usr/local/opt/portable-expat/include  conftest.c >&5
conftest.c:117:21: error: expected expression
if (sizeof ((size_t)))
                    ^
1 error generated.
configure:8963: $? = 1
configure: failed program was:
| /* confdefs.h */
| #define PACKAGE_NAME "ldns"
| #define PACKAGE_TARNAME "libdns"
| #define PACKAGE_VERSION "1.7.0"
| #define PACKAGE_STRING "ldns 1.7.0"
| #define PACKAGE_BUGREPORT "libdns@nlnetlabs.nl"
| #define PACKAGE_URL ""
| #define STDC_HEADERS 1
| #define HAVE_SYS_TYPES_H 1
| #define HAVE_SYS_STAT_H 1
| #define HAVE_STDLIB_H 1
| #define HAVE_STRING_H 1
| #define HAVE_MEMORY_H 1
| #define HAVE_STRINGS_H 1
| #define HAVE_INTTYPES_H 1
| #define HAVE_STDINT_H 1
| #define HAVE_UNISTD_H 1
| #define __EXTENSIONS__ 1
| #define _ALL_SOURCE 1
| #define _GNU_SOURCE 1
| #define _POSIX_PTHREAD_SEMANTICS 1
| #define _TANDEM_SOURCE 1
| #define WINVER 0x0502
| #define HAVE_GETOPT_H 1
| #define HAVE_TIME_H 1
| #define HAVE_GETOPT_H 1
| #define HAVE_TIME_H 1
| #define HAVE_SSL /**/
| #define HAVE_HMAC_UPDATE 1
| #define HAVE_OPENSSL_SSL_H 1
| #define HAVE_OPENSSL_ERR_H 1
| #define HAVE_OPENSSL_RAND_H 1
| #define HAVE_EVP_SHA256 1
| #define HAVE_EVP_SHA384 1
| #define HAVE_EVP_SHA512 1
| #define HAVE_EVP_PKEY_KEYGEN 1
| #define HAVE_ECDSA_SIG_GET0 1
| #define HAVE_EVP_MD_CTX_NEW 1
| #define HAVE_EVP_PKEY_BASE_ID 1
| #define HAVE_DSA_SIG_SET0 1
| #define HAVE_DSA_SIG_GET0 1
| #define HAVE_DSA_GET0_PQG 1
| #define HAVE_DSA_GET0_KEY 1
| #define USE_SHA2 1
| #define HAVE_DECL_NID_X9_62_PRIME256V1 1
| #define HAVE_DECL_NID_SECP384R1 1
| #define USE_ECDSA 1
| #define USE_DSA 1
| #define USE_DANE 1
| #define USE_DANE_VERIFY 1
| #define USE_DANE_TA_USAGE 1
| #define RRTYPE_OPENPGPKEY /**/
| #define STDC_HEADERS 1
| #define HAVE__BOOL 1
| #define HAVE_STDBOOL_H 1
| #define HAVE_GETOPT_H 1
| #define HAVE_STDARG_H 1
| #define HAVE_OPENSSL_SSL_H 1
| #define HAVE_NETINET_IN_H 1
| #define HAVE_TIME_H 1
| #define HAVE_ARPA_INET_H 1
| #define HAVE_NETDB_H 1
| #define HAVE_SYS_PARAM_H 1
| #define HAVE_SYS_MOUNT_H 1
| #define HAVE_SYS_SOCKET_H 1
| #define HAVE_INTTYPES_H 1
| #define HAVE_SYS_TYPES_H 1
| #define HAVE_UNISTD_H 1
| #define SIZEOF_TIME_T 8
| #define HAVE_PCAP_H 1
| #define HAVE_LIBPCAP 1
| #define HAVE_NETINET_IN_SYSTM_H 1
| #define HAVE_NET_IF_H 1
| #define HAVE_NETINET_IP_H 1
| #define HAVE_NETINET_UDP_H 1
| #define HAVE_NETINET_IGMP_H 1
| #define HAVE_NETINET_IF_ETHER_H 1
| #define HAVE_NETINET_IP6_H 1
| #define HAVE_NET_ETHERNET_H 1
| /* end confdefs.h.  */
| #include <stdio.h>
| #ifdef HAVE_SYS_TYPES_H
| # include <sys/types.h>
| #endif
| #ifdef HAVE_SYS_STAT_H
| # include <sys/stat.h>
| #endif
| #ifdef STDC_HEADERS
| # include <stdlib.h>
| # include <stddef.h>
| #else
| # ifdef HAVE_STDLIB_H
| #  include <stdlib.h>
| # endif
| #endif
| #ifdef HAVE_STRING_H
| # if !defined STDC_HEADERS && defined HAVE_MEMORY_H
| #  include <memory.h>
| # endif
| # include <string.h>
| #endif
| #ifdef HAVE_STRINGS_H
| # include <strings.h>
| #endif
| #ifdef HAVE_INTTYPES_H
| # include <inttypes.h>
| #endif
| #ifdef HAVE_STDINT_H
| # include <stdint.h>
| #endif
| #ifdef HAVE_UNISTD_H
| # include <unistd.h>
| #endif
| int
| main ()
| {
| if (sizeof ((size_t)))
| 	    return 0;
|   ;
|   return 0;
| }
configure:8963: result: yes
configure:8974: checking for ssize_t
configure:8974: cc -c -Wunused-function -Wstrict-prototypes -Wwrite-strings -W -Wall -fomit-frame-pointer -funroll-loops  -ffast-math -Ofast -fno-signed-zeros -ffp-contract=fast -mmmx -msse -flto -m64    -I/usr/local/opt/openblas/include -I/usr/local/opt/llvm/include -I/usr/local/opt/readline/include -I/usr/local/opt/zlib/include -I/usr/local/opt/openssl@1.1/include -I/usr/local/opt/portable-expat/include  conftest.c >&5
configure:8974: $? = 0
configure:8974: cc -c -Wunused-function -Wstrict-prototypes -Wwrite-strings -W -Wall -fomit-frame-pointer -funroll-loops  -ffast-math -Ofast -fno-signed-zeros -ffp-contract=fast -mmmx -msse -flto -m64    -I/usr/local/opt/openblas/include -I/usr/local/opt/llvm/include -I/usr/local/opt/readline/include -I/usr/local/opt/zlib/include -I/usr/local/opt/openssl@1.1/include -I/usr/local/opt/portable-expat/include  conftest.c >&5
conftest.c:117:22: error: expected expression
if (sizeof ((ssize_t)))
                     ^
1 error generated.
configure:8974: $? = 1
configure: failed program was:
| /* confdefs.h */
| #define PACKAGE_NAME "ldns"
| #define PACKAGE_TARNAME "libdns"
| #define PACKAGE_VERSION "1.7.0"
| #define PACKAGE_STRING "ldns 1.7.0"
| #define PACKAGE_BUGREPORT "libdns@nlnetlabs.nl"
| #define PACKAGE_URL ""
| #define STDC_HEADERS 1
| #define HAVE_SYS_TYPES_H 1
| #define HAVE_SYS_STAT_H 1
| #define HAVE_STDLIB_H 1
| #define HAVE_STRING_H 1
| #define HAVE_MEMORY_H 1
| #define HAVE_STRINGS_H 1
| #define HAVE_INTTYPES_H 1
| #define HAVE_STDINT_H 1
| #define HAVE_UNISTD_H 1
| #define __EXTENSIONS__ 1
| #define _ALL_SOURCE 1
| #define _GNU_SOURCE 1
| #define _POSIX_PTHREAD_SEMANTICS 1
| #define _TANDEM_SOURCE 1
| #define WINVER 0x0502
| #define HAVE_GETOPT_H 1
| #define HAVE_TIME_H 1
| #define HAVE_GETOPT_H 1
| #define HAVE_TIME_H 1
| #define HAVE_SSL /**/
| #define HAVE_HMAC_UPDATE 1
| #define HAVE_OPENSSL_SSL_H 1
| #define HAVE_OPENSSL_ERR_H 1
| #define HAVE_OPENSSL_RAND_H 1
| #define HAVE_EVP_SHA256 1
| #define HAVE_EVP_SHA384 1
| #define HAVE_EVP_SHA512 1
| #define HAVE_EVP_PKEY_KEYGEN 1
| #define HAVE_ECDSA_SIG_GET0 1
| #define HAVE_EVP_MD_CTX_NEW 1
| #define HAVE_EVP_PKEY_BASE_ID 1
| #define HAVE_DSA_SIG_SET0 1
| #define HAVE_DSA_SIG_GET0 1
| #define HAVE_DSA_GET0_PQG 1
| #define HAVE_DSA_GET0_KEY 1
| #define USE_SHA2 1
| #define HAVE_DECL_NID_X9_62_PRIME256V1 1
| #define HAVE_DECL_NID_SECP384R1 1
| #define USE_ECDSA 1
| #define USE_DSA 1
| #define USE_DANE 1
| #define USE_DANE_VERIFY 1
| #define USE_DANE_TA_USAGE 1
| #define RRTYPE_OPENPGPKEY /**/
| #define STDC_HEADERS 1
| #define HAVE__BOOL 1
| #define HAVE_STDBOOL_H 1
| #define HAVE_GETOPT_H 1
| #define HAVE_STDARG_H 1
| #define HAVE_OPENSSL_SSL_H 1
| #define HAVE_NETINET_IN_H 1
| #define HAVE_TIME_H 1
| #define HAVE_ARPA_INET_H 1
| #define HAVE_NETDB_H 1
| #define HAVE_SYS_PARAM_H 1
| #define HAVE_SYS_MOUNT_H 1
| #define HAVE_SYS_SOCKET_H 1
| #define HAVE_INTTYPES_H 1
| #define HAVE_SYS_TYPES_H 1
| #define HAVE_UNISTD_H 1
| #define SIZEOF_TIME_T 8
| #define HAVE_PCAP_H 1
| #define HAVE_LIBPCAP 1
| #define HAVE_NETINET_IN_SYSTM_H 1
| #define HAVE_NET_IF_H 1
| #define HAVE_NETINET_IP_H 1
| #define HAVE_NETINET_UDP_H 1
| #define HAVE_NETINET_IGMP_H 1
| #define HAVE_NETINET_IF_ETHER_H 1
| #define HAVE_NETINET_IP6_H 1
| #define HAVE_NET_ETHERNET_H 1
| /* end confdefs.h.  */
| #include <stdio.h>
| #ifdef HAVE_SYS_TYPES_H
| # include <sys/types.h>
| #endif
| #ifdef HAVE_SYS_STAT_H
| # include <sys/stat.h>
| #endif
| #ifdef STDC_HEADERS
| # include <stdlib.h>
| # include <stddef.h>
| #else
| # ifdef HAVE_STDLIB_H
| #  include <stdlib.h>
| # endif
| #endif
| #ifdef HAVE_STRING_H
| # if !defined STDC_HEADERS && defined HAVE_MEMORY_H
| #  include <memory.h>
| # endif
| # include <string.h>
| #endif
| #ifdef HAVE_STRINGS_H
| # include <strings.h>
| #endif
| #ifdef HAVE_INTTYPES_H
| # include <inttypes.h>
| #endif
| #ifdef HAVE_STDINT_H
| # include <stdint.h>
| #endif
| #ifdef HAVE_UNISTD_H
| # include <unistd.h>
| #endif
| int
| main ()
| {
| if (sizeof ((ssize_t)))
| 	    return 0;
|   ;
|   return 0;
| }
configure:8974: result: yes
configure:8985: checking for intptr_t
configure:8985: cc -c -Wunused-function -Wstrict-prototypes -Wwrite-strings -W -Wall -fomit-frame-pointer -funroll-loops  -ffast-math -Ofast -fno-signed-zeros -ffp-contract=fast -mmmx -msse -flto -m64    -I/usr/local/opt/openblas/include -I/usr/local/opt/llvm/include -I/usr/local/opt/readline/include -I/usr/local/opt/zlib/include -I/usr/local/opt/openssl@1.1/include -I/usr/local/opt/portable-expat/include  conftest.c >&5
configure:8985: $? = 0
configure:8985: cc -c -Wunused-function -Wstrict-prototypes -Wwrite-strings -W -Wall -fomit-frame-pointer -funroll-loops  -ffast-math -Ofast -fno-signed-zeros -ffp-contract=fast -mmmx -msse -flto -m64    -I/usr/local/opt/openblas/include -I/usr/local/opt/llvm/include -I/usr/local/opt/readline/include -I/usr/local/opt/zlib/include -I/usr/local/opt/openssl@1.1/include -I/usr/local/opt/portable-expat/include  conftest.c >&5
conftest.c:117:23: error: expected expression
if (sizeof ((intptr_t)))
                      ^
1 error generated.
configure:8985: $? = 1
configure: failed program was:
| /* confdefs.h */
| #define PACKAGE_NAME "ldns"
| #define PACKAGE_TARNAME "libdns"
| #define PACKAGE_VERSION "1.7.0"
| #define PACKAGE_STRING "ldns 1.7.0"
| #define PACKAGE_BUGREPORT "libdns@nlnetlabs.nl"
| #define PACKAGE_URL ""
| #define STDC_HEADERS 1
| #define HAVE_SYS_TYPES_H 1
| #define HAVE_SYS_STAT_H 1
| #define HAVE_STDLIB_H 1
| #define HAVE_STRING_H 1
| #define HAVE_MEMORY_H 1
| #define HAVE_STRINGS_H 1
| #define HAVE_INTTYPES_H 1
| #define HAVE_STDINT_H 1
| #define HAVE_UNISTD_H 1
| #define __EXTENSIONS__ 1
| #define _ALL_SOURCE 1
| #define _GNU_SOURCE 1
| #define _POSIX_PTHREAD_SEMANTICS 1
| #define _TANDEM_SOURCE 1
| #define WINVER 0x0502
| #define HAVE_GETOPT_H 1
| #define HAVE_TIME_H 1
| #define HAVE_GETOPT_H 1
| #define HAVE_TIME_H 1
| #define HAVE_SSL /**/
| #define HAVE_HMAC_UPDATE 1
| #define HAVE_OPENSSL_SSL_H 1
| #define HAVE_OPENSSL_ERR_H 1
| #define HAVE_OPENSSL_RAND_H 1
| #define HAVE_EVP_SHA256 1
| #define HAVE_EVP_SHA384 1
| #define HAVE_EVP_SHA512 1
| #define HAVE_EVP_PKEY_KEYGEN 1
| #define HAVE_ECDSA_SIG_GET0 1
| #define HAVE_EVP_MD_CTX_NEW 1
| #define HAVE_EVP_PKEY_BASE_ID 1
| #define HAVE_DSA_SIG_SET0 1
| #define HAVE_DSA_SIG_GET0 1
| #define HAVE_DSA_GET0_PQG 1
| #define HAVE_DSA_GET0_KEY 1
| #define USE_SHA2 1
| #define HAVE_DECL_NID_X9_62_PRIME256V1 1
| #define HAVE_DECL_NID_SECP384R1 1
| #define USE_ECDSA 1
| #define USE_DSA 1
| #define USE_DANE 1
| #define USE_DANE_VERIFY 1
| #define USE_DANE_TA_USAGE 1
| #define RRTYPE_OPENPGPKEY /**/
| #define STDC_HEADERS 1
| #define HAVE__BOOL 1
| #define HAVE_STDBOOL_H 1
| #define HAVE_GETOPT_H 1
| #define HAVE_STDARG_H 1
| #define HAVE_OPENSSL_SSL_H 1
| #define HAVE_NETINET_IN_H 1
| #define HAVE_TIME_H 1
| #define HAVE_ARPA_INET_H 1
| #define HAVE_NETDB_H 1
| #define HAVE_SYS_PARAM_H 1
| #define HAVE_SYS_MOUNT_H 1
| #define HAVE_SYS_SOCKET_H 1
| #define HAVE_INTTYPES_H 1
| #define HAVE_SYS_TYPES_H 1
| #define HAVE_UNISTD_H 1
| #define SIZEOF_TIME_T 8
| #define HAVE_PCAP_H 1
| #define HAVE_LIBPCAP 1
| #define HAVE_NETINET_IN_SYSTM_H 1
| #define HAVE_NET_IF_H 1
| #define HAVE_NETINET_IP_H 1
| #define HAVE_NETINET_UDP_H 1
| #define HAVE_NETINET_IGMP_H 1
| #define HAVE_NETINET_IF_ETHER_H 1
| #define HAVE_NETINET_IP6_H 1
| #define HAVE_NET_ETHERNET_H 1
| /* end confdefs.h.  */
| #include <stdio.h>
| #ifdef HAVE_SYS_TYPES_H
| # include <sys/types.h>
| #endif
| #ifdef HAVE_SYS_STAT_H
| # include <sys/stat.h>
| #endif
| #ifdef STDC_HEADERS
| # include <stdlib.h>
| # include <stddef.h>
| #else
| # ifdef HAVE_STDLIB_H
| #  include <stdlib.h>
| # endif
| #endif
| #ifdef HAVE_STRING_H
| # if !defined STDC_HEADERS && defined HAVE_MEMORY_H
| #  include <memory.h>
| # endif
| # include <string.h>
| #endif
| #ifdef HAVE_STRINGS_H
| # include <strings.h>
| #endif
| #ifdef HAVE_INTTYPES_H
| # include <inttypes.h>
| #endif
| #ifdef HAVE_STDINT_H
| # include <stdint.h>
| #endif
| #ifdef HAVE_UNISTD_H
| # include <unistd.h>
| #endif
| int
| main ()
| {
| if (sizeof ((intptr_t)))
| 	    return 0;
|   ;
|   return 0;
| }
configure:8985: result: yes
configure:8996: checking for in_addr_t
configure:8996: cc -c -Wunused-function -Wstrict-prototypes -Wwrite-strings -W -Wall -fomit-frame-pointer -funroll-loops  -ffast-math -Ofast -fno-signed-zeros -ffp-contract=fast -mmmx -msse -flto -m64    -I/usr/local/opt/openblas/include -I/usr/local/opt/llvm/include -I/usr/local/opt/readline/include -I/usr/local/opt/zlib/include -I/usr/local/opt/openssl@1.1/include -I/usr/local/opt/portable-expat/include  conftest.c >&5
configure:8996: $? = 0
configure:8996: cc -c -Wunused-function -Wstrict-prototypes -Wwrite-strings -W -Wall -fomit-frame-pointer -funroll-loops  -ffast-math -Ofast -fno-signed-zeros -ffp-contract=fast -mmmx -msse -flto -m64    -I/usr/local/opt/openblas/include -I/usr/local/opt/llvm/include -I/usr/local/opt/readline/include -I/usr/local/opt/zlib/include -I/usr/local/opt/openssl@1.1/include -I/usr/local/opt/portable-expat/include  conftest.c >&5
conftest.c:92:24: error: expected expression
if (sizeof ((in_addr_t)))
                       ^
1 error generated.
configure:8996: $? = 1
configure: failed program was:
| /* confdefs.h */
| #define PACKAGE_NAME "ldns"
| #define PACKAGE_TARNAME "libdns"
| #define PACKAGE_VERSION "1.7.0"
| #define PACKAGE_STRING "ldns 1.7.0"
| #define PACKAGE_BUGREPORT "libdns@nlnetlabs.nl"
| #define PACKAGE_URL ""
| #define STDC_HEADERS 1
| #define HAVE_SYS_TYPES_H 1
| #define HAVE_SYS_STAT_H 1
| #define HAVE_STDLIB_H 1
| #define HAVE_STRING_H 1
| #define HAVE_MEMORY_H 1
| #define HAVE_STRINGS_H 1
| #define HAVE_INTTYPES_H 1
| #define HAVE_STDINT_H 1
| #define HAVE_UNISTD_H 1
| #define __EXTENSIONS__ 1
| #define _ALL_SOURCE 1
| #define _GNU_SOURCE 1
| #define _POSIX_PTHREAD_SEMANTICS 1
| #define _TANDEM_SOURCE 1
| #define WINVER 0x0502
| #define HAVE_GETOPT_H 1
| #define HAVE_TIME_H 1
| #define HAVE_GETOPT_H 1
| #define HAVE_TIME_H 1
| #define HAVE_SSL /**/
| #define HAVE_HMAC_UPDATE 1
| #define HAVE_OPENSSL_SSL_H 1
| #define HAVE_OPENSSL_ERR_H 1
| #define HAVE_OPENSSL_RAND_H 1
| #define HAVE_EVP_SHA256 1
| #define HAVE_EVP_SHA384 1
| #define HAVE_EVP_SHA512 1
| #define HAVE_EVP_PKEY_KEYGEN 1
| #define HAVE_ECDSA_SIG_GET0 1
| #define HAVE_EVP_MD_CTX_NEW 1
| #define HAVE_EVP_PKEY_BASE_ID 1
| #define HAVE_DSA_SIG_SET0 1
| #define HAVE_DSA_SIG_GET0 1
| #define HAVE_DSA_GET0_PQG 1
| #define HAVE_DSA_GET0_KEY 1
| #define USE_SHA2 1
| #define HAVE_DECL_NID_X9_62_PRIME256V1 1
| #define HAVE_DECL_NID_SECP384R1 1
| #define USE_ECDSA 1
| #define USE_DSA 1
| #define USE_DANE 1
| #define USE_DANE_VERIFY 1
| #define USE_DANE_TA_USAGE 1
| #define RRTYPE_OPENPGPKEY /**/
| #define STDC_HEADERS 1
| #define HAVE__BOOL 1
| #define HAVE_STDBOOL_H 1
| #define HAVE_GETOPT_H 1
| #define HAVE_STDARG_H 1
| #define HAVE_OPENSSL_SSL_H 1
| #define HAVE_NETINET_IN_H 1
| #define HAVE_TIME_H 1
| #define HAVE_ARPA_INET_H 1
| #define HAVE_NETDB_H 1
| #define HAVE_SYS_PARAM_H 1
| #define HAVE_SYS_MOUNT_H 1
| #define HAVE_SYS_SOCKET_H 1
| #define HAVE_INTTYPES_H 1
| #define HAVE_SYS_TYPES_H 1
| #define HAVE_UNISTD_H 1
| #define SIZEOF_TIME_T 8
| #define HAVE_PCAP_H 1
| #define HAVE_LIBPCAP 1
| #define HAVE_NETINET_IN_SYSTM_H 1
| #define HAVE_NET_IF_H 1
| #define HAVE_NETINET_IP_H 1
| #define HAVE_NETINET_UDP_H 1
| #define HAVE_NETINET_IGMP_H 1
| #define HAVE_NETINET_IF_ETHER_H 1
| #define HAVE_NETINET_IP6_H 1
| #define HAVE_NET_ETHERNET_H 1
| /* end confdefs.h.  */
| 
| #if HAVE_SYS_TYPES_H
| # include <sys/types.h>
| #endif
| #if HAVE_NETINET_IN_H
| # include <netinet/in.h>
| #endif
| 
| int
| main ()
| {
| if (sizeof ((in_addr_t)))
| 	    return 0;
|   ;
|   return 0;
| }
configure:8996: result: yes
configure:9012: checking for in_port_t
configure:9012: cc -c -Wunused-function -Wstrict-prototypes -Wwrite-strings -W -Wall -fomit-frame-pointer -funroll-loops  -ffast-math -Ofast -fno-signed-zeros -ffp-contract=fast -mmmx -msse -flto -m64    -I/usr/local/opt/openblas/include -I/usr/local/opt/llvm/include -I/usr/local/opt/readline/include -I/usr/local/opt/zlib/include -I/usr/local/opt/openssl@1.1/include -I/usr/local/opt/portable-expat/include  conftest.c >&5
configure:9012: $? = 0
configure:9012: cc -c -Wunused-function -Wstrict-prototypes -Wwrite-strings -W -Wall -fomit-frame-pointer -funroll-loops  -ffast-math -Ofast -fno-signed-zeros -ffp-contract=fast -mmmx -msse -flto -m64    -I/usr/local/opt/openblas/include -I/usr/local/opt/llvm/include -I/usr/local/opt/readline/include -I/usr/local/opt/zlib/include -I/usr/local/opt/openssl@1.1/include -I/usr/local/opt/portable-expat/include  conftest.c >&5
conftest.c:92:24: error: expected expression
if (sizeof ((in_port_t)))
                       ^
1 error generated.
configure:9012: $? = 1
configure: failed program was:
| /* confdefs.h */
| #define PACKAGE_NAME "ldns"
| #define PACKAGE_TARNAME "libdns"
| #define PACKAGE_VERSION "1.7.0"
| #define PACKAGE_STRING "ldns 1.7.0"
| #define PACKAGE_BUGREPORT "libdns@nlnetlabs.nl"
| #define PACKAGE_URL ""
| #define STDC_HEADERS 1
| #define HAVE_SYS_TYPES_H 1
| #define HAVE_SYS_STAT_H 1
| #define HAVE_STDLIB_H 1
| #define HAVE_STRING_H 1
| #define HAVE_MEMORY_H 1
| #define HAVE_STRINGS_H 1
| #define HAVE_INTTYPES_H 1
| #define HAVE_STDINT_H 1
| #define HAVE_UNISTD_H 1
| #define __EXTENSIONS__ 1
| #define _ALL_SOURCE 1
| #define _GNU_SOURCE 1
| #define _POSIX_PTHREAD_SEMANTICS 1
| #define _TANDEM_SOURCE 1
| #define WINVER 0x0502
| #define HAVE_GETOPT_H 1
| #define HAVE_TIME_H 1
| #define HAVE_GETOPT_H 1
| #define HAVE_TIME_H 1
| #define HAVE_SSL /**/
| #define HAVE_HMAC_UPDATE 1
| #define HAVE_OPENSSL_SSL_H 1
| #define HAVE_OPENSSL_ERR_H 1
| #define HAVE_OPENSSL_RAND_H 1
| #define HAVE_EVP_SHA256 1
| #define HAVE_EVP_SHA384 1
| #define HAVE_EVP_SHA512 1
| #define HAVE_EVP_PKEY_KEYGEN 1
| #define HAVE_ECDSA_SIG_GET0 1
| #define HAVE_EVP_MD_CTX_NEW 1
| #define HAVE_EVP_PKEY_BASE_ID 1
| #define HAVE_DSA_SIG_SET0 1
| #define HAVE_DSA_SIG_GET0 1
| #define HAVE_DSA_GET0_PQG 1
| #define HAVE_DSA_GET0_KEY 1
| #define USE_SHA2 1
| #define HAVE_DECL_NID_X9_62_PRIME256V1 1
| #define HAVE_DECL_NID_SECP384R1 1
| #define USE_ECDSA 1
| #define USE_DSA 1
| #define USE_DANE 1
| #define USE_DANE_VERIFY 1
| #define USE_DANE_TA_USAGE 1
| #define RRTYPE_OPENPGPKEY /**/
| #define STDC_HEADERS 1
| #define HAVE__BOOL 1
| #define HAVE_STDBOOL_H 1
| #define HAVE_GETOPT_H 1
| #define HAVE_STDARG_H 1
| #define HAVE_OPENSSL_SSL_H 1
| #define HAVE_NETINET_IN_H 1
| #define HAVE_TIME_H 1
| #define HAVE_ARPA_INET_H 1
| #define HAVE_NETDB_H 1
| #define HAVE_SYS_PARAM_H 1
| #define HAVE_SYS_MOUNT_H 1
| #define HAVE_SYS_SOCKET_H 1
| #define HAVE_INTTYPES_H 1
| #define HAVE_SYS_TYPES_H 1
| #define HAVE_UNISTD_H 1
| #define SIZEOF_TIME_T 8
| #define HAVE_PCAP_H 1
| #define HAVE_LIBPCAP 1
| #define HAVE_NETINET_IN_SYSTM_H 1
| #define HAVE_NET_IF_H 1
| #define HAVE_NETINET_IP_H 1
| #define HAVE_NETINET_UDP_H 1
| #define HAVE_NETINET_IGMP_H 1
| #define HAVE_NETINET_IF_ETHER_H 1
| #define HAVE_NETINET_IP6_H 1
| #define HAVE_NET_ETHERNET_H 1
| /* end confdefs.h.  */
| 
| #if HAVE_SYS_TYPES_H
| # include <sys/types.h>
| #endif
| #if HAVE_NETINET_IN_H
| # include <netinet/in.h>
| #endif
| 
| int
| main ()
| {
| if (sizeof ((in_port_t)))
| 	    return 0;
|   ;
|   return 0;
| }
configure:9012: result: yes
configure:9028: checking for struct sockaddr_storage.ss_family
configure:9028: cc -c -Wunused-function -Wstrict-prototypes -Wwrite-strings -W -Wall -fomit-frame-pointer -funroll-loops  -ffast-math -Ofast -fno-signed-zeros -ffp-contract=fast -mmmx -msse -flto -m64    -I/usr/local/opt/openblas/include -I/usr/local/opt/llvm/include -I/usr/local/opt/readline/include -I/usr/local/opt/zlib/include -I/usr/local/opt/openssl@1.1/include -I/usr/local/opt/portable-expat/include  conftest.c >&5
configure:9028: $? = 0
configure:9028: result: yes
configure:9076: checking for stdlib.h
configure:9076: result: yes
configure:9086: checking for GNU libc compatible malloc
configure:9110: cc -o conftest -Wunused-function -Wstrict-prototypes -Wwrite-strings -W -Wall -fomit-frame-pointer -funroll-loops  -ffast-math -Ofast -fno-signed-zeros -ffp-contract=fast -mmmx -msse -flto -m64    -I/usr/local/opt/openblas/include -I/usr/local/opt/llvm/include -I/usr/local/opt/readline/include -I/usr/local/opt/zlib/include -I/usr/local/opt/openssl@1.1/include -I/usr/local/opt/portable-expat/include  -L/usr/local/opt/openblas/lib -L/usr/local/opt/llvm/lib -L/usr/local/opt/readline/lib -L/usr/local/opt/zlib/lib -L/usr/local/opt/openssl@1.1/lib -L/usr/local/opt/portable-expat/lib  conftest.c  >&5
ld: warning: directory not found for option '-L/usr/local/opt/zlib/lib'
ld: warning: directory not found for option '-L/usr/local/opt/portable-expat/lib'
configure:9110: $? = 0
configure:9110: ./conftest
configure:9110: $? = 0
configure:9120: result: yes
configure:9143: checking for stdlib.h
configure:9143: result: yes
configure:9153: checking for GNU libc compatible realloc
configure:9177: cc -o conftest -Wunused-function -Wstrict-prototypes -Wwrite-strings -W -Wall -fomit-frame-pointer -funroll-loops  -ffast-math -Ofast -fno-signed-zeros -ffp-contract=fast -mmmx -msse -flto -m64    -I/usr/local/opt/openblas/include -I/usr/local/opt/llvm/include -I/usr/local/opt/readline/include -I/usr/local/opt/zlib/include -I/usr/local/opt/openssl@1.1/include -I/usr/local/opt/portable-expat/include  -L/usr/local/opt/openblas/lib -L/usr/local/opt/llvm/lib -L/usr/local/opt/readline/lib -L/usr/local/opt/zlib/lib -L/usr/local/opt/openssl@1.1/lib -L/usr/local/opt/portable-expat/lib  conftest.c  >&5
ld: warning: directory not found for option '-L/usr/local/opt/zlib/lib'
ld: warning: directory not found for option '-L/usr/local/opt/portable-expat/lib'
configure:9177: $? = 0
configure:9177: ./conftest
configure:9177: $? = 0
configure:9187: result: yes
configure:9209: checking for b64_pton
configure:9209: cc -o conftest -Wunused-function -Wstrict-prototypes -Wwrite-strings -W -Wall -fomit-frame-pointer -funroll-loops  -ffast-math -Ofast -fno-signed-zeros -ffp-contract=fast -mmmx -msse -flto -m64    -I/usr/local/opt/openblas/include -I/usr/local/opt/llvm/include -I/usr/local/opt/readline/include -I/usr/local/opt/zlib/include -I/usr/local/opt/openssl@1.1/include -I/usr/local/opt/portable-expat/include  -L/usr/local/opt/openblas/lib -L/usr/local/opt/llvm/lib -L/usr/local/opt/readline/lib -L/usr/local/opt/zlib/lib -L/usr/local/opt/openssl@1.1/lib -L/usr/local/opt/portable-expat/lib  conftest.c  >&5
conftest.c:108:15: warning: this function declaration is not a prototype [-Wstrict-prototypes]
char b64_pton ();
              ^
               void
1 warning generated.
ld: warning: directory not found for option '-L/usr/local/opt/zlib/lib'
ld: warning: directory not found for option '-L/usr/local/opt/portable-expat/lib'
undef: _b64_pton
Undefined symbols for architecture x86_64:
  "_b64_pton", referenced from:
      _main in cc-979552.o
ld: symbol(s) not found for architecture x86_64
clang: error: linker command failed with exit code 1 (use -v to see invocation)
configure:9209: $? = 1
configure: failed program was:
| /* confdefs.h */
| #define PACKAGE_NAME "ldns"
| #define PACKAGE_TARNAME "libdns"
| #define PACKAGE_VERSION "1.7.0"
| #define PACKAGE_STRING "ldns 1.7.0"
| #define PACKAGE_BUGREPORT "libdns@nlnetlabs.nl"
| #define PACKAGE_URL ""
| #define STDC_HEADERS 1
| #define HAVE_SYS_TYPES_H 1
| #define HAVE_SYS_STAT_H 1
| #define HAVE_STDLIB_H 1
| #define HAVE_STRING_H 1
| #define HAVE_MEMORY_H 1
| #define HAVE_STRINGS_H 1
| #define HAVE_INTTYPES_H 1
| #define HAVE_STDINT_H 1
| #define HAVE_UNISTD_H 1
| #define __EXTENSIONS__ 1
| #define _ALL_SOURCE 1
| #define _GNU_SOURCE 1
| #define _POSIX_PTHREAD_SEMANTICS 1
| #define _TANDEM_SOURCE 1
| #define WINVER 0x0502
| #define HAVE_GETOPT_H 1
| #define HAVE_TIME_H 1
| #define HAVE_GETOPT_H 1
| #define HAVE_TIME_H 1
| #define HAVE_SSL /**/
| #define HAVE_HMAC_UPDATE 1
| #define HAVE_OPENSSL_SSL_H 1
| #define HAVE_OPENSSL_ERR_H 1
| #define HAVE_OPENSSL_RAND_H 1
| #define HAVE_EVP_SHA256 1
| #define HAVE_EVP_SHA384 1
| #define HAVE_EVP_SHA512 1
| #define HAVE_EVP_PKEY_KEYGEN 1
| #define HAVE_ECDSA_SIG_GET0 1
| #define HAVE_EVP_MD_CTX_NEW 1
| #define HAVE_EVP_PKEY_BASE_ID 1
| #define HAVE_DSA_SIG_SET0 1
| #define HAVE_DSA_SIG_GET0 1
| #define HAVE_DSA_GET0_PQG 1
| #define HAVE_DSA_GET0_KEY 1
| #define USE_SHA2 1
| #define HAVE_DECL_NID_X9_62_PRIME256V1 1
| #define HAVE_DECL_NID_SECP384R1 1
| #define USE_ECDSA 1
| #define USE_DSA 1
| #define USE_DANE 1
| #define USE_DANE_VERIFY 1
| #define USE_DANE_TA_USAGE 1
| #define RRTYPE_OPENPGPKEY /**/
| #define STDC_HEADERS 1
| #define HAVE__BOOL 1
| #define HAVE_STDBOOL_H 1
| #define HAVE_GETOPT_H 1
| #define HAVE_STDARG_H 1
| #define HAVE_OPENSSL_SSL_H 1
| #define HAVE_NETINET_IN_H 1
| #define HAVE_TIME_H 1
| #define HAVE_ARPA_INET_H 1
| #define HAVE_NETDB_H 1
| #define HAVE_SYS_PARAM_H 1
| #define HAVE_SYS_MOUNT_H 1
| #define HAVE_SYS_SOCKET_H 1
| #define HAVE_INTTYPES_H 1
| #define HAVE_SYS_TYPES_H 1
| #define HAVE_UNISTD_H 1
| #define SIZEOF_TIME_T 8
| #define HAVE_PCAP_H 1
| #define HAVE_LIBPCAP 1
| #define HAVE_NETINET_IN_SYSTM_H 1
| #define HAVE_NET_IF_H 1
| #define HAVE_NETINET_IP_H 1
| #define HAVE_NETINET_UDP_H 1
| #define HAVE_NETINET_IGMP_H 1
| #define HAVE_NETINET_IF_ETHER_H 1
| #define HAVE_NETINET_IP6_H 1
| #define HAVE_NET_ETHERNET_H 1
| #define HAVE_STDLIB_H 1
| #define HAVE_MALLOC 1
| #define HAVE_STDLIB_H 1
| #define HAVE_REALLOC 1
| /* end confdefs.h.  */
| /* Define b64_pton to an innocuous variant, in case <limits.h> declares b64_pton.
|    For example, HP-UX 11i <limits.h> declares gettimeofday.  */
| #define b64_pton innocuous_b64_pton
| 
| /* System header to define __stub macros and hopefully few prototypes,
|     which can conflict with char b64_pton (); below.
|     Prefer <limits.h> to <assert.h> if __STDC__ is defined, since
|     <limits.h> exists even on freestanding compilers.  */
| 
| #ifdef __STDC__
| # include <limits.h>
| #else
| # include <assert.h>
| #endif
| 
| #undef b64_pton
| 
| /* Override any GCC internal prototype to avoid an error.
|    Use char because int might match the return type of a GCC
|    builtin and then its argument prototype would still apply.  */
| #ifdef __cplusplus
| extern "C"
| #endif
| char b64_pton ();
| /* The GNU C library defines this for functions which it implements
|     to always fail with ENOSYS.  Some functions are actually named
|     something starting with __ and the normal name is an alias.  */
| #if defined __stub_b64_pton || defined __stub___b64_pton
| choke me
| #endif
| 
| int
| main ()
| {
| return b64_pton ();
|   ;
|   return 0;
| }
configure:9209: result: no
configure:9223: checking for b64_ntop
configure:9223: cc -o conftest -Wunused-function -Wstrict-prototypes -Wwrite-strings -W -Wall -fomit-frame-pointer -funroll-loops  -ffast-math -Ofast -fno-signed-zeros -ffp-contract=fast -mmmx -msse -flto -m64    -I/usr/local/opt/openblas/include -I/usr/local/opt/llvm/include -I/usr/local/opt/readline/include -I/usr/local/opt/zlib/include -I/usr/local/opt/openssl@1.1/include -I/usr/local/opt/portable-expat/include  -L/usr/local/opt/openblas/lib -L/usr/local/opt/llvm/lib -L/usr/local/opt/readline/lib -L/usr/local/opt/zlib/lib -L/usr/local/opt/openssl@1.1/lib -L/usr/local/opt/portable-expat/lib  conftest.c  >&5
conftest.c:108:15: warning: this function declaration is not a prototype [-Wstrict-prototypes]
char b64_ntop ();
              ^
               void
1 warning generated.
ld: warning: directory not found for option '-L/usr/local/opt/zlib/lib'
ld: warning: directory not found for option '-L/usr/local/opt/portable-expat/lib'
undef: _b64_ntop
Undefined symbols for architecture x86_64:
  "_b64_ntop", referenced from:
      _main in cc-282288.o
ld: symbol(s) not found for architecture x86_64
clang: error: linker command failed with exit code 1 (use -v to see invocation)
configure:9223: $? = 1
configure: failed program was:
| /* confdefs.h */
| #define PACKAGE_NAME "ldns"
| #define PACKAGE_TARNAME "libdns"
| #define PACKAGE_VERSION "1.7.0"
| #define PACKAGE_STRING "ldns 1.7.0"
| #define PACKAGE_BUGREPORT "libdns@nlnetlabs.nl"
| #define PACKAGE_URL ""
| #define STDC_HEADERS 1
| #define HAVE_SYS_TYPES_H 1
| #define HAVE_SYS_STAT_H 1
| #define HAVE_STDLIB_H 1
| #define HAVE_STRING_H 1
| #define HAVE_MEMORY_H 1
| #define HAVE_STRINGS_H 1
| #define HAVE_INTTYPES_H 1
| #define HAVE_STDINT_H 1
| #define HAVE_UNISTD_H 1
| #define __EXTENSIONS__ 1
| #define _ALL_SOURCE 1
| #define _GNU_SOURCE 1
| #define _POSIX_PTHREAD_SEMANTICS 1
| #define _TANDEM_SOURCE 1
| #define WINVER 0x0502
| #define HAVE_GETOPT_H 1
| #define HAVE_TIME_H 1
| #define HAVE_GETOPT_H 1
| #define HAVE_TIME_H 1
| #define HAVE_SSL /**/
| #define HAVE_HMAC_UPDATE 1
| #define HAVE_OPENSSL_SSL_H 1
| #define HAVE_OPENSSL_ERR_H 1
| #define HAVE_OPENSSL_RAND_H 1
| #define HAVE_EVP_SHA256 1
| #define HAVE_EVP_SHA384 1
| #define HAVE_EVP_SHA512 1
| #define HAVE_EVP_PKEY_KEYGEN 1
| #define HAVE_ECDSA_SIG_GET0 1
| #define HAVE_EVP_MD_CTX_NEW 1
| #define HAVE_EVP_PKEY_BASE_ID 1
| #define HAVE_DSA_SIG_SET0 1
| #define HAVE_DSA_SIG_GET0 1
| #define HAVE_DSA_GET0_PQG 1
| #define HAVE_DSA_GET0_KEY 1
| #define USE_SHA2 1
| #define HAVE_DECL_NID_X9_62_PRIME256V1 1
| #define HAVE_DECL_NID_SECP384R1 1
| #define USE_ECDSA 1
| #define USE_DSA 1
| #define USE_DANE 1
| #define USE_DANE_VERIFY 1
| #define USE_DANE_TA_USAGE 1
| #define RRTYPE_OPENPGPKEY /**/
| #define STDC_HEADERS 1
| #define HAVE__BOOL 1
| #define HAVE_STDBOOL_H 1
| #define HAVE_GETOPT_H 1
| #define HAVE_STDARG_H 1
| #define HAVE_OPENSSL_SSL_H 1
| #define HAVE_NETINET_IN_H 1
| #define HAVE_TIME_H 1
| #define HAVE_ARPA_INET_H 1
| #define HAVE_NETDB_H 1
| #define HAVE_SYS_PARAM_H 1
| #define HAVE_SYS_MOUNT_H 1
| #define HAVE_SYS_SOCKET_H 1
| #define HAVE_INTTYPES_H 1
| #define HAVE_SYS_TYPES_H 1
| #define HAVE_UNISTD_H 1
| #define SIZEOF_TIME_T 8
| #define HAVE_PCAP_H 1
| #define HAVE_LIBPCAP 1
| #define HAVE_NETINET_IN_SYSTM_H 1
| #define HAVE_NET_IF_H 1
| #define HAVE_NETINET_IP_H 1
| #define HAVE_NETINET_UDP_H 1
| #define HAVE_NETINET_IGMP_H 1
| #define HAVE_NETINET_IF_ETHER_H 1
| #define HAVE_NETINET_IP6_H 1
| #define HAVE_NET_ETHERNET_H 1
| #define HAVE_STDLIB_H 1
| #define HAVE_MALLOC 1
| #define HAVE_STDLIB_H 1
| #define HAVE_REALLOC 1
| /* end confdefs.h.  */
| /* Define b64_ntop to an innocuous variant, in case <limits.h> declares b64_ntop.
|    For example, HP-UX 11i <limits.h> declares gettimeofday.  */
| #define b64_ntop innocuous_b64_ntop
| 
| /* System header to define __stub macros and hopefully few prototypes,
|     which can conflict with char b64_ntop (); below.
|     Prefer <limits.h> to <assert.h> if __STDC__ is defined, since
|     <limits.h> exists even on freestanding compilers.  */
| 
| #ifdef __STDC__
| # include <limits.h>
| #else
| # include <assert.h>
| #endif
| 
| #undef b64_ntop
| 
| /* Override any GCC internal prototype to avoid an error.
|    Use char because int might match the return type of a GCC
|    builtin and then its argument prototype would still apply.  */
| #ifdef __cplusplus
| extern "C"
| #endif
| char b64_ntop ();
| /* The GNU C library defines this for functions which it implements
|     to always fail with ENOSYS.  Some functions are actually named
|     something starting with __ and the normal name is an alias.  */
| #if defined __stub_b64_ntop || defined __stub___b64_ntop
| choke me
| #endif
| 
| int
| main ()
| {
| return b64_ntop ();
|   ;
|   return 0;
| }
configure:9223: result: no
configure:9237: checking for calloc
configure:9237: cc -o conftest -Wunused-function -Wstrict-prototypes -Wwrite-strings -W -Wall -fomit-frame-pointer -funroll-loops  -ffast-math -Ofast -fno-signed-zeros -ffp-contract=fast -mmmx -msse -flto -m64    -I/usr/local/opt/openblas/include -I/usr/local/opt/llvm/include -I/usr/local/opt/readline/include -I/usr/local/opt/zlib/include -I/usr/local/opt/openssl@1.1/include -I/usr/local/opt/portable-expat/include  -L/usr/local/opt/openblas/lib -L/usr/local/opt/llvm/lib -L/usr/local/opt/readline/lib -L/usr/local/opt/zlib/lib -L/usr/local/opt/openssl@1.1/lib -L/usr/local/opt/portable-expat/lib  conftest.c  >&5
conftest.c:108:13: warning: this function declaration is not a prototype [-Wstrict-prototypes]
char calloc ();
            ^
             void
conftest.c:108:6: warning: incompatible redeclaration of library function 'calloc' [-Wincompatible-library-redeclaration]
char calloc ();
     ^
conftest.c:108:6: note: 'calloc' is a builtin with type 'void *(unsigned long, unsigned long)'
2 warnings generated.
ld: warning: directory not found for option '-L/usr/local/opt/zlib/lib'
ld: warning: directory not found for option '-L/usr/local/opt/portable-expat/lib'
configure:9237: $? = 0
configure:9237: result: yes
configure:9251: checking for timegm
configure:9251: cc -o conftest -Wunused-function -Wstrict-prototypes -Wwrite-strings -W -Wall -fomit-frame-pointer -funroll-loops  -ffast-math -Ofast -fno-signed-zeros -ffp-contract=fast -mmmx -msse -flto -m64    -I/usr/local/opt/openblas/include -I/usr/local/opt/llvm/include -I/usr/local/opt/readline/include -I/usr/local/opt/zlib/include -I/usr/local/opt/openssl@1.1/include -I/usr/local/opt/portable-expat/include  -L/usr/local/opt/openblas/lib -L/usr/local/opt/llvm/lib -L/usr/local/opt/readline/lib -L/usr/local/opt/zlib/lib -L/usr/local/opt/openssl@1.1/lib -L/usr/local/opt/portable-expat/lib  conftest.c  >&5
conftest.c:109:13: warning: this function declaration is not a prototype [-Wstrict-prototypes]
char timegm ();
            ^
             void
1 warning generated.
ld: warning: directory not found for option '-L/usr/local/opt/zlib/lib'
ld: warning: directory not found for option '-L/usr/local/opt/portable-expat/lib'
configure:9251: $? = 0
configure:9251: result: yes
configure:9265: checking for gmtime_r
configure:9265: cc -o conftest -Wunused-function -Wstrict-prototypes -Wwrite-strings -W -Wall -fomit-frame-pointer -funroll-loops  -ffast-math -Ofast -fno-signed-zeros -ffp-contract=fast -mmmx -msse -flto -m64    -I/usr/local/opt/openblas/include -I/usr/local/opt/llvm/include -I/usr/local/opt/readline/include -I/usr/local/opt/zlib/include -I/usr/local/opt/openssl@1.1/include -I/usr/local/opt/portable-expat/include  -L/usr/local/opt/openblas/lib -L/usr/local/opt/llvm/lib -L/usr/local/opt/readline/lib -L/usr/local/opt/zlib/lib -L/usr/local/opt/openssl@1.1/lib -L/usr/local/opt/portable-expat/lib  conftest.c  >&5
conftest.c:110:15: warning: this function declaration is not a prototype [-Wstrict-prototypes]
char gmtime_r ();
              ^
               void
1 warning generated.
ld: warning: directory not found for option '-L/usr/local/opt/zlib/lib'
ld: warning: directory not found for option '-L/usr/local/opt/portable-expat/lib'
configure:9265: $? = 0
configure:9265: result: yes
configure:9279: checking for ctime_r
configure:9279: cc -o conftest -Wunused-function -Wstrict-prototypes -Wwrite-strings -W -Wall -fomit-frame-pointer -funroll-loops  -ffast-math -Ofast -fno-signed-zeros -ffp-contract=fast -mmmx -msse -flto -m64    -I/usr/local/opt/openblas/include -I/usr/local/opt/llvm/include -I/usr/local/opt/readline/include -I/usr/local/opt/zlib/include -I/usr/local/opt/openssl@1.1/include -I/usr/local/opt/portable-expat/include  -L/usr/local/opt/openblas/lib -L/usr/local/opt/llvm/lib -L/usr/local/opt/readline/lib -L/usr/local/opt/zlib/lib -L/usr/local/opt/openssl@1.1/lib -L/usr/local/opt/portable-expat/lib  conftest.c  >&5
conftest.c:111:14: warning: this function declaration is not a prototype [-Wstrict-prototypes]
char ctime_r ();
             ^
              void
1 warning generated.
ld: warning: directory not found for option '-L/usr/local/opt/zlib/lib'
ld: warning: directory not found for option '-L/usr/local/opt/portable-expat/lib'
configure:9279: $? = 0
configure:9279: result: yes
configure:9293: checking for localtime_r
configure:9293: cc -o conftest -Wunused-function -Wstrict-prototypes -Wwrite-strings -W -Wall -fomit-frame-pointer -funroll-loops  -ffast-math -Ofast -fno-signed-zeros -ffp-contract=fast -mmmx -msse -flto -m64    -I/usr/local/opt/openblas/include -I/usr/local/opt/llvm/include -I/usr/local/opt/readline/include -I/usr/local/opt/zlib/include -I/usr/local/opt/openssl@1.1/include -I/usr/local/opt/portable-expat/include  -L/usr/local/opt/openblas/lib -L/usr/local/opt/llvm/lib -L/usr/local/opt/readline/lib -L/usr/local/opt/zlib/lib -L/usr/local/opt/openssl@1.1/lib -L/usr/local/opt/portable-expat/lib  conftest.c  >&5
conftest.c:112:18: warning: this function declaration is not a prototype [-Wstrict-prototypes]
char localtime_r ();
                 ^
                  void
1 warning generated.
ld: warning: directory not found for option '-L/usr/local/opt/zlib/lib'
ld: warning: directory not found for option '-L/usr/local/opt/portable-expat/lib'
configure:9293: $? = 0
configure:9293: result: yes
configure:9307: checking for isblank
configure:9307: cc -o conftest -Wunused-function -Wstrict-prototypes -Wwrite-strings -W -Wall -fomit-frame-pointer -funroll-loops  -ffast-math -Ofast -fno-signed-zeros -ffp-contract=fast -mmmx -msse -flto -m64    -I/usr/local/opt/openblas/include -I/usr/local/opt/llvm/include -I/usr/local/opt/readline/include -I/usr/local/opt/zlib/include -I/usr/local/opt/openssl@1.1/include -I/usr/local/opt/portable-expat/include  -L/usr/local/opt/openblas/lib -L/usr/local/opt/llvm/lib -L/usr/local/opt/readline/lib -L/usr/local/opt/zlib/lib -L/usr/local/opt/openssl@1.1/lib -L/usr/local/opt/portable-expat/lib  conftest.c  >&5
conftest.c:113:14: warning: this function declaration is not a prototype [-Wstrict-prototypes]
char isblank ();
             ^
              void
conftest.c:113:6: warning: incompatible redeclaration of library function 'isblank' [-Wincompatible-library-redeclaration]
char isblank ();
     ^
conftest.c:113:6: note: 'isblank' is a builtin with type 'int (int)'
2 warnings generated.
ld: warning: directory not found for option '-L/usr/local/opt/zlib/lib'
ld: warning: directory not found for option '-L/usr/local/opt/portable-expat/lib'
configure:9307: $? = 0
configure:9307: result: yes
configure:9321: checking for isascii
configure:9321: cc -o conftest -Wunused-function -Wstrict-prototypes -Wwrite-strings -W -Wall -fomit-frame-pointer -funroll-loops  -ffast-math -Ofast -fno-signed-zeros -ffp-contract=fast -mmmx -msse -flto -m64    -I/usr/local/opt/openblas/include -I/usr/local/opt/llvm/include -I/usr/local/opt/readline/include -I/usr/local/opt/zlib/include -I/usr/local/opt/openssl@1.1/include -I/usr/local/opt/portable-expat/include  -L/usr/local/opt/openblas/lib -L/usr/local/opt/llvm/lib -L/usr/local/opt/readline/lib -L/usr/local/opt/zlib/lib -L/usr/local/opt/openssl@1.1/lib -L/usr/local/opt/portable-expat/lib  conftest.c  >&5
conftest.c:114:14: warning: this function declaration is not a prototype [-Wstrict-prototypes]
char isascii ();
             ^
              void
1 warning generated.
ld: warning: directory not found for option '-L/usr/local/opt/zlib/lib'
ld: warning: directory not found for option '-L/usr/local/opt/portable-expat/lib'
configure:9321: $? = 0
configure:9321: result: yes
configure:9335: checking for inet_aton
configure:9335: cc -o conftest -Wunused-function -Wstrict-prototypes -Wwrite-strings -W -Wall -fomit-frame-pointer -funroll-loops  -ffast-math -Ofast -fno-signed-zeros -ffp-contract=fast -mmmx -msse -flto -m64    -I/usr/local/opt/openblas/include -I/usr/local/opt/llvm/include -I/usr/local/opt/readline/include -I/usr/local/opt/zlib/include -I/usr/local/opt/openssl@1.1/include -I/usr/local/opt/portable-expat/include  -L/usr/local/opt/openblas/lib -L/usr/local/opt/llvm/lib -L/usr/local/opt/readline/lib -L/usr/local/opt/zlib/lib -L/usr/local/opt/openssl@1.1/lib -L/usr/local/opt/portable-expat/lib  conftest.c  >&5
conftest.c:115:16: warning: this function declaration is not a prototype [-Wstrict-prototypes]
char inet_aton ();
               ^
                void
1 warning generated.
ld: warning: directory not found for option '-L/usr/local/opt/zlib/lib'
ld: warning: directory not found for option '-L/usr/local/opt/portable-expat/lib'
configure:9335: $? = 0
configure:9335: result: yes
configure:9349: checking for inet_pton
configure:9349: cc -o conftest -Wunused-function -Wstrict-prototypes -Wwrite-strings -W -Wall -fomit-frame-pointer -funroll-loops  -ffast-math -Ofast -fno-signed-zeros -ffp-contract=fast -mmmx -msse -flto -m64    -I/usr/local/opt/openblas/include -I/usr/local/opt/llvm/include -I/usr/local/opt/readline/include -I/usr/local/opt/zlib/include -I/usr/local/opt/openssl@1.1/include -I/usr/local/opt/portable-expat/include  -L/usr/local/opt/openblas/lib -L/usr/local/opt/llvm/lib -L/usr/local/opt/readline/lib -L/usr/local/opt/zlib/lib -L/usr/local/opt/openssl@1.1/lib -L/usr/local/opt/portable-expat/lib  conftest.c  >&5
conftest.c:116:16: warning: this function declaration is not a prototype [-Wstrict-prototypes]
char inet_pton ();
               ^
                void
1 warning generated.
ld: warning: directory not found for option '-L/usr/local/opt/zlib/lib'
ld: warning: directory not found for option '-L/usr/local/opt/portable-expat/lib'
configure:9349: $? = 0
configure:9349: result: yes
configure:9363: checking for inet_ntop
configure:9363: cc -o conftest -Wunused-function -Wstrict-prototypes -Wwrite-strings -W -Wall -fomit-frame-pointer -funroll-loops  -ffast-math -Ofast -fno-signed-zeros -ffp-contract=fast -mmmx -msse -flto -m64    -I/usr/local/opt/openblas/include -I/usr/local/opt/llvm/include -I/usr/local/opt/readline/include -I/usr/local/opt/zlib/include -I/usr/local/opt/openssl@1.1/include -I/usr/local/opt/portable-expat/include  -L/usr/local/opt/openblas/lib -L/usr/local/opt/llvm/lib -L/usr/local/opt/readline/lib -L/usr/local/opt/zlib/lib -L/usr/local/opt/openssl@1.1/lib -L/usr/local/opt/portable-expat/lib  conftest.c  >&5
conftest.c:117:16: warning: this function declaration is not a prototype [-Wstrict-prototypes]
char inet_ntop ();
               ^
                void
1 warning generated.
ld: warning: directory not found for option '-L/usr/local/opt/zlib/lib'
ld: warning: directory not found for option '-L/usr/local/opt/portable-expat/lib'
configure:9363: $? = 0
configure:9363: result: yes
configure:9377: checking for snprintf
configure:9377: cc -o conftest -Wunused-function -Wstrict-prototypes -Wwrite-strings -W -Wall -fomit-frame-pointer -funroll-loops  -ffast-math -Ofast -fno-signed-zeros -ffp-contract=fast -mmmx -msse -flto -m64    -I/usr/local/opt/openblas/include -I/usr/local/opt/llvm/include -I/usr/local/opt/readline/include -I/usr/local/opt/zlib/include -I/usr/local/opt/openssl@1.1/include -I/usr/local/opt/portable-expat/include  -L/usr/local/opt/openblas/lib -L/usr/local/opt/llvm/lib -L/usr/local/opt/readline/lib -L/usr/local/opt/zlib/lib -L/usr/local/opt/openssl@1.1/lib -L/usr/local/opt/portable-expat/lib  conftest.c  >&5
conftest.c:118:15: warning: this function declaration is not a prototype [-Wstrict-prototypes]
char snprintf ();
              ^
               void
conftest.c:118:6: warning: incompatible redeclaration of library function 'snprintf' [-Wincompatible-library-redeclaration]
char snprintf ();
     ^
conftest.c:118:6: note: 'snprintf' is a builtin with type 'int (char *, unsigned long, const char *, ...)'
2 warnings generated.
ld: warning: directory not found for option '-L/usr/local/opt/zlib/lib'
ld: warning: directory not found for option '-L/usr/local/opt/portable-expat/lib'
configure:9377: $? = 0
configure:9377: result: yes
configure:9391: checking for strlcpy
configure:9391: cc -o conftest -Wunused-function -Wstrict-prototypes -Wwrite-strings -W -Wall -fomit-frame-pointer -funroll-loops  -ffast-math -Ofast -fno-signed-zeros -ffp-contract=fast -mmmx -msse -flto -m64    -I/usr/local/opt/openblas/include -I/usr/local/opt/llvm/include -I/usr/local/opt/readline/include -I/usr/local/opt/zlib/include -I/usr/local/opt/openssl@1.1/include -I/usr/local/opt/portable-expat/include  -L/usr/local/opt/openblas/lib -L/usr/local/opt/llvm/lib -L/usr/local/opt/readline/lib -L/usr/local/opt/zlib/lib -L/usr/local/opt/openssl@1.1/lib -L/usr/local/opt/portable-expat/lib  conftest.c  >&5
conftest.c:119:14: warning: this function declaration is not a prototype [-Wstrict-prototypes]
char strlcpy ();
             ^
              void
conftest.c:119:6: warning: incompatible redeclaration of library function 'strlcpy' [-Wincompatible-library-redeclaration]
char strlcpy ();
     ^
conftest.c:119:6: note: 'strlcpy' is a builtin with type 'unsigned long (char *, const char *, unsigned long)'
2 warnings generated.
ld: warning: directory not found for option '-L/usr/local/opt/zlib/lib'
ld: warning: directory not found for option '-L/usr/local/opt/portable-expat/lib'
configure:9391: $? = 0
configure:9391: result: yes
configure:9405: checking for memmove
configure:9405: cc -o conftest -Wunused-function -Wstrict-prototypes -Wwrite-strings -W -Wall -fomit-frame-pointer -funroll-loops  -ffast-math -Ofast -fno-signed-zeros -ffp-contract=fast -mmmx -msse -flto -m64    -I/usr/local/opt/openblas/include -I/usr/local/opt/llvm/include -I/usr/local/opt/readline/include -I/usr/local/opt/zlib/include -I/usr/local/opt/openssl@1.1/include -I/usr/local/opt/portable-expat/include  -L/usr/local/opt/openblas/lib -L/usr/local/opt/llvm/lib -L/usr/local/opt/readline/lib -L/usr/local/opt/zlib/lib -L/usr/local/opt/openssl@1.1/lib -L/usr/local/opt/portable-expat/lib  conftest.c  >&5
conftest.c:120:14: warning: this function declaration is not a prototype [-Wstrict-prototypes]
char memmove ();
             ^
              void
conftest.c:120:6: warning: incompatible redeclaration of library function 'memmove' [-Wincompatible-library-redeclaration]
char memmove ();
     ^
conftest.c:120:6: note: 'memmove' is a builtin with type 'void *(void *, const void *, unsigned long)'
2 warnings generated.
ld: warning: directory not found for option '-L/usr/local/opt/zlib/lib'
ld: warning: directory not found for option '-L/usr/local/opt/portable-expat/lib'
configure:9405: $? = 0
configure:9405: result: yes
configure:9419: checking for pid_t
configure:9419: cc -c -Wunused-function -Wstrict-prototypes -Wwrite-strings -W -Wall -fomit-frame-pointer -funroll-loops  -ffast-math -Ofast -fno-signed-zeros -ffp-contract=fast -mmmx -msse -flto -m64    -I/usr/local/opt/openblas/include -I/usr/local/opt/llvm/include -I/usr/local/opt/readline/include -I/usr/local/opt/zlib/include -I/usr/local/opt/openssl@1.1/include -I/usr/local/opt/portable-expat/include  conftest.c >&5
configure:9419: $? = 0
configure:9419: cc -c -Wunused-function -Wstrict-prototypes -Wwrite-strings -W -Wall -fomit-frame-pointer -funroll-loops  -ffast-math -Ofast -fno-signed-zeros -ffp-contract=fast -mmmx -msse -flto -m64    -I/usr/local/opt/openblas/include -I/usr/local/opt/llvm/include -I/usr/local/opt/readline/include -I/usr/local/opt/zlib/include -I/usr/local/opt/openssl@1.1/include -I/usr/local/opt/portable-expat/include  conftest.c >&5
conftest.c:134:20: error: expected expression
if (sizeof ((pid_t)))
                   ^
1 error generated.
configure:9419: $? = 1
configure: failed program was:
| /* confdefs.h */
| #define PACKAGE_NAME "ldns"
| #define PACKAGE_TARNAME "libdns"
| #define PACKAGE_VERSION "1.7.0"
| #define PACKAGE_STRING "ldns 1.7.0"
| #define PACKAGE_BUGREPORT "libdns@nlnetlabs.nl"
| #define PACKAGE_URL ""
| #define STDC_HEADERS 1
| #define HAVE_SYS_TYPES_H 1
| #define HAVE_SYS_STAT_H 1
| #define HAVE_STDLIB_H 1
| #define HAVE_STRING_H 1
| #define HAVE_MEMORY_H 1
| #define HAVE_STRINGS_H 1
| #define HAVE_INTTYPES_H 1
| #define HAVE_STDINT_H 1
| #define HAVE_UNISTD_H 1
| #define __EXTENSIONS__ 1
| #define _ALL_SOURCE 1
| #define _GNU_SOURCE 1
| #define _POSIX_PTHREAD_SEMANTICS 1
| #define _TANDEM_SOURCE 1
| #define WINVER 0x0502
| #define HAVE_GETOPT_H 1
| #define HAVE_TIME_H 1
| #define HAVE_GETOPT_H 1
| #define HAVE_TIME_H 1
| #define HAVE_SSL /**/
| #define HAVE_HMAC_UPDATE 1
| #define HAVE_OPENSSL_SSL_H 1
| #define HAVE_OPENSSL_ERR_H 1
| #define HAVE_OPENSSL_RAND_H 1
| #define HAVE_EVP_SHA256 1
| #define HAVE_EVP_SHA384 1
| #define HAVE_EVP_SHA512 1
| #define HAVE_EVP_PKEY_KEYGEN 1
| #define HAVE_ECDSA_SIG_GET0 1
| #define HAVE_EVP_MD_CTX_NEW 1
| #define HAVE_EVP_PKEY_BASE_ID 1
| #define HAVE_DSA_SIG_SET0 1
| #define HAVE_DSA_SIG_GET0 1
| #define HAVE_DSA_GET0_PQG 1
| #define HAVE_DSA_GET0_KEY 1
| #define USE_SHA2 1
| #define HAVE_DECL_NID_X9_62_PRIME256V1 1
| #define HAVE_DECL_NID_SECP384R1 1
| #define USE_ECDSA 1
| #define USE_DSA 1
| #define USE_DANE 1
| #define USE_DANE_VERIFY 1
| #define USE_DANE_TA_USAGE 1
| #define RRTYPE_OPENPGPKEY /**/
| #define STDC_HEADERS 1
| #define HAVE__BOOL 1
| #define HAVE_STDBOOL_H 1
| #define HAVE_GETOPT_H 1
| #define HAVE_STDARG_H 1
| #define HAVE_OPENSSL_SSL_H 1
| #define HAVE_NETINET_IN_H 1
| #define HAVE_TIME_H 1
| #define HAVE_ARPA_INET_H 1
| #define HAVE_NETDB_H 1
| #define HAVE_SYS_PARAM_H 1
| #define HAVE_SYS_MOUNT_H 1
| #define HAVE_SYS_SOCKET_H 1
| #define HAVE_INTTYPES_H 1
| #define HAVE_SYS_TYPES_H 1
| #define HAVE_UNISTD_H 1
| #define SIZEOF_TIME_T 8
| #define HAVE_PCAP_H 1
| #define HAVE_LIBPCAP 1
| #define HAVE_NETINET_IN_SYSTM_H 1
| #define HAVE_NET_IF_H 1
| #define HAVE_NETINET_IP_H 1
| #define HAVE_NETINET_UDP_H 1
| #define HAVE_NETINET_IGMP_H 1
| #define HAVE_NETINET_IF_ETHER_H 1
| #define HAVE_NETINET_IP6_H 1
| #define HAVE_NET_ETHERNET_H 1
| #define HAVE_STDLIB_H 1
| #define HAVE_MALLOC 1
| #define HAVE_STDLIB_H 1
| #define HAVE_REALLOC 1
| #define HAVE_CALLOC 1
| #define HAVE_TIMEGM 1
| #define HAVE_GMTIME_R 1
| #define HAVE_CTIME_R 1
| #define HAVE_LOCALTIME_R 1
| #define HAVE_ISBLANK 1
| #define HAVE_ISASCII 1
| #define HAVE_INET_ATON 1
| #define HAVE_INET_PTON 1
| #define HAVE_INET_NTOP 1
| #define HAVE_SNPRINTF 1
| #define HAVE_STRLCPY 1
| #define HAVE_MEMMOVE 1
| /* end confdefs.h.  */
| #include <stdio.h>
| #ifdef HAVE_SYS_TYPES_H
| # include <sys/types.h>
| #endif
| #ifdef HAVE_SYS_STAT_H
| # include <sys/stat.h>
| #endif
| #ifdef STDC_HEADERS
| # include <stdlib.h>
| # include <stddef.h>
| #else
| # ifdef HAVE_STDLIB_H
| #  include <stdlib.h>
| # endif
| #endif
| #ifdef HAVE_STRING_H
| # if !defined STDC_HEADERS && defined HAVE_MEMORY_H
| #  include <memory.h>
| # endif
| # include <string.h>
| #endif
| #ifdef HAVE_STRINGS_H
| # include <strings.h>
| #endif
| #ifdef HAVE_INTTYPES_H
| # include <inttypes.h>
| #endif
| #ifdef HAVE_STDINT_H
| # include <stdint.h>
| #endif
| #ifdef HAVE_UNISTD_H
| # include <unistd.h>
| #endif
| int
| main ()
| {
| if (sizeof ((pid_t)))
| 	    return 0;
|   ;
|   return 0;
| }
configure:9419: result: yes
configure:9432: checking vfork.h usability
configure:9432: cc -c -Wunused-function -Wstrict-prototypes -Wwrite-strings -W -Wall -fomit-frame-pointer -funroll-loops  -ffast-math -Ofast -fno-signed-zeros -ffp-contract=fast -mmmx -msse -flto -m64    -I/usr/local/opt/openblas/include -I/usr/local/opt/llvm/include -I/usr/local/opt/readline/include -I/usr/local/opt/zlib/include -I/usr/local/opt/openssl@1.1/include -I/usr/local/opt/portable-expat/include  conftest.c >&5
conftest.c:131:10: fatal error: 'vfork.h' file not found
#include <vfork.h>
         ^~~~~~~~~
1 error generated.
configure:9432: $? = 1
configure: failed program was:
| /* confdefs.h */
| #define PACKAGE_NAME "ldns"
| #define PACKAGE_TARNAME "libdns"
| #define PACKAGE_VERSION "1.7.0"
| #define PACKAGE_STRING "ldns 1.7.0"
| #define PACKAGE_BUGREPORT "libdns@nlnetlabs.nl"
| #define PACKAGE_URL ""
| #define STDC_HEADERS 1
| #define HAVE_SYS_TYPES_H 1
| #define HAVE_SYS_STAT_H 1
| #define HAVE_STDLIB_H 1
| #define HAVE_STRING_H 1
| #define HAVE_MEMORY_H 1
| #define HAVE_STRINGS_H 1
| #define HAVE_INTTYPES_H 1
| #define HAVE_STDINT_H 1
| #define HAVE_UNISTD_H 1
| #define __EXTENSIONS__ 1
| #define _ALL_SOURCE 1
| #define _GNU_SOURCE 1
| #define _POSIX_PTHREAD_SEMANTICS 1
| #define _TANDEM_SOURCE 1
| #define WINVER 0x0502
| #define HAVE_GETOPT_H 1
| #define HAVE_TIME_H 1
| #define HAVE_GETOPT_H 1
| #define HAVE_TIME_H 1
| #define HAVE_SSL /**/
| #define HAVE_HMAC_UPDATE 1
| #define HAVE_OPENSSL_SSL_H 1
| #define HAVE_OPENSSL_ERR_H 1
| #define HAVE_OPENSSL_RAND_H 1
| #define HAVE_EVP_SHA256 1
| #define HAVE_EVP_SHA384 1
| #define HAVE_EVP_SHA512 1
| #define HAVE_EVP_PKEY_KEYGEN 1
| #define HAVE_ECDSA_SIG_GET0 1
| #define HAVE_EVP_MD_CTX_NEW 1
| #define HAVE_EVP_PKEY_BASE_ID 1
| #define HAVE_DSA_SIG_SET0 1
| #define HAVE_DSA_SIG_GET0 1
| #define HAVE_DSA_GET0_PQG 1
| #define HAVE_DSA_GET0_KEY 1
| #define USE_SHA2 1
| #define HAVE_DECL_NID_X9_62_PRIME256V1 1
| #define HAVE_DECL_NID_SECP384R1 1
| #define USE_ECDSA 1
| #define USE_DSA 1
| #define USE_DANE 1
| #define USE_DANE_VERIFY 1
| #define USE_DANE_TA_USAGE 1
| #define RRTYPE_OPENPGPKEY /**/
| #define STDC_HEADERS 1
| #define HAVE__BOOL 1
| #define HAVE_STDBOOL_H 1
| #define HAVE_GETOPT_H 1
| #define HAVE_STDARG_H 1
| #define HAVE_OPENSSL_SSL_H 1
| #define HAVE_NETINET_IN_H 1
| #define HAVE_TIME_H 1
| #define HAVE_ARPA_INET_H 1
| #define HAVE_NETDB_H 1
| #define HAVE_SYS_PARAM_H 1
| #define HAVE_SYS_MOUNT_H 1
| #define HAVE_SYS_SOCKET_H 1
| #define HAVE_INTTYPES_H 1
| #define HAVE_SYS_TYPES_H 1
| #define HAVE_UNISTD_H 1
| #define SIZEOF_TIME_T 8
| #define HAVE_PCAP_H 1
| #define HAVE_LIBPCAP 1
| #define HAVE_NETINET_IN_SYSTM_H 1
| #define HAVE_NET_IF_H 1
| #define HAVE_NETINET_IP_H 1
| #define HAVE_NETINET_UDP_H 1
| #define HAVE_NETINET_IGMP_H 1
| #define HAVE_NETINET_IF_ETHER_H 1
| #define HAVE_NETINET_IP6_H 1
| #define HAVE_NET_ETHERNET_H 1
| #define HAVE_STDLIB_H 1
| #define HAVE_MALLOC 1
| #define HAVE_STDLIB_H 1
| #define HAVE_REALLOC 1
| #define HAVE_CALLOC 1
| #define HAVE_TIMEGM 1
| #define HAVE_GMTIME_R 1
| #define HAVE_CTIME_R 1
| #define HAVE_LOCALTIME_R 1
| #define HAVE_ISBLANK 1
| #define HAVE_ISASCII 1
| #define HAVE_INET_ATON 1
| #define HAVE_INET_PTON 1
| #define HAVE_INET_NTOP 1
| #define HAVE_SNPRINTF 1
| #define HAVE_STRLCPY 1
| #define HAVE_MEMMOVE 1
| /* end confdefs.h.  */
| #include <stdio.h>
| #ifdef HAVE_SYS_TYPES_H
| # include <sys/types.h>
| #endif
| #ifdef HAVE_SYS_STAT_H
| # include <sys/stat.h>
| #endif
| #ifdef STDC_HEADERS
| # include <stdlib.h>
| # include <stddef.h>
| #else
| # ifdef HAVE_STDLIB_H
| #  include <stdlib.h>
| # endif
| #endif
| #ifdef HAVE_STRING_H
| # if !defined STDC_HEADERS && defined HAVE_MEMORY_H
| #  include <memory.h>
| # endif
| # include <string.h>
| #endif
| #ifdef HAVE_STRINGS_H
| # include <strings.h>
| #endif
| #ifdef HAVE_INTTYPES_H
| # include <inttypes.h>
| #endif
| #ifdef HAVE_STDINT_H
| # include <stdint.h>
| #endif
| #ifdef HAVE_UNISTD_H
| # include <unistd.h>
| #endif
| #include <vfork.h>
configure:9432: result: no
configure:9432: checking vfork.h presence
configure:9432: cc -E -I/usr/local/opt/openblas/include -I/usr/local/opt/llvm/include -I/usr/local/opt/readline/include -I/usr/local/opt/zlib/include -I/usr/local/opt/openssl@1.1/include -I/usr/local/opt/portable-expat/include  conftest.c
conftest.c:98:10: fatal error: 'vfork.h' file not found
#include <vfork.h>
         ^~~~~~~~~
1 error generated.
configure:9432: $? = 1
configure: failed program was:
| /* confdefs.h */
| #define PACKAGE_NAME "ldns"
| #define PACKAGE_TARNAME "libdns"
| #define PACKAGE_VERSION "1.7.0"
| #define PACKAGE_STRING "ldns 1.7.0"
| #define PACKAGE_BUGREPORT "libdns@nlnetlabs.nl"
| #define PACKAGE_URL ""
| #define STDC_HEADERS 1
| #define HAVE_SYS_TYPES_H 1
| #define HAVE_SYS_STAT_H 1
| #define HAVE_STDLIB_H 1
| #define HAVE_STRING_H 1
| #define HAVE_MEMORY_H 1
| #define HAVE_STRINGS_H 1
| #define HAVE_INTTYPES_H 1
| #define HAVE_STDINT_H 1
| #define HAVE_UNISTD_H 1
| #define __EXTENSIONS__ 1
| #define _ALL_SOURCE 1
| #define _GNU_SOURCE 1
| #define _POSIX_PTHREAD_SEMANTICS 1
| #define _TANDEM_SOURCE 1
| #define WINVER 0x0502
| #define HAVE_GETOPT_H 1
| #define HAVE_TIME_H 1
| #define HAVE_GETOPT_H 1
| #define HAVE_TIME_H 1
| #define HAVE_SSL /**/
| #define HAVE_HMAC_UPDATE 1
| #define HAVE_OPENSSL_SSL_H 1
| #define HAVE_OPENSSL_ERR_H 1
| #define HAVE_OPENSSL_RAND_H 1
| #define HAVE_EVP_SHA256 1
| #define HAVE_EVP_SHA384 1
| #define HAVE_EVP_SHA512 1
| #define HAVE_EVP_PKEY_KEYGEN 1
| #define HAVE_ECDSA_SIG_GET0 1
| #define HAVE_EVP_MD_CTX_NEW 1
| #define HAVE_EVP_PKEY_BASE_ID 1
| #define HAVE_DSA_SIG_SET0 1
| #define HAVE_DSA_SIG_GET0 1
| #define HAVE_DSA_GET0_PQG 1
| #define HAVE_DSA_GET0_KEY 1
| #define USE_SHA2 1
| #define HAVE_DECL_NID_X9_62_PRIME256V1 1
| #define HAVE_DECL_NID_SECP384R1 1
| #define USE_ECDSA 1
| #define USE_DSA 1
| #define USE_DANE 1
| #define USE_DANE_VERIFY 1
| #define USE_DANE_TA_USAGE 1
| #define RRTYPE_OPENPGPKEY /**/
| #define STDC_HEADERS 1
| #define HAVE__BOOL 1
| #define HAVE_STDBOOL_H 1
| #define HAVE_GETOPT_H 1
| #define HAVE_STDARG_H 1
| #define HAVE_OPENSSL_SSL_H 1
| #define HAVE_NETINET_IN_H 1
| #define HAVE_TIME_H 1
| #define HAVE_ARPA_INET_H 1
| #define HAVE_NETDB_H 1
| #define HAVE_SYS_PARAM_H 1
| #define HAVE_SYS_MOUNT_H 1
| #define HAVE_SYS_SOCKET_H 1
| #define HAVE_INTTYPES_H 1
| #define HAVE_SYS_TYPES_H 1
| #define HAVE_UNISTD_H 1
| #define SIZEOF_TIME_T 8
| #define HAVE_PCAP_H 1
| #define HAVE_LIBPCAP 1
| #define HAVE_NETINET_IN_SYSTM_H 1
| #define HAVE_NET_IF_H 1
| #define HAVE_NETINET_IP_H 1
| #define HAVE_NETINET_UDP_H 1
| #define HAVE_NETINET_IGMP_H 1
| #define HAVE_NETINET_IF_ETHER_H 1
| #define HAVE_NETINET_IP6_H 1
| #define HAVE_NET_ETHERNET_H 1
| #define HAVE_STDLIB_H 1
| #define HAVE_MALLOC 1
| #define HAVE_STDLIB_H 1
| #define HAVE_REALLOC 1
| #define HAVE_CALLOC 1
| #define HAVE_TIMEGM 1
| #define HAVE_GMTIME_R 1
| #define HAVE_CTIME_R 1
| #define HAVE_LOCALTIME_R 1
| #define HAVE_ISBLANK 1
| #define HAVE_ISASCII 1
| #define HAVE_INET_ATON 1
| #define HAVE_INET_PTON 1
| #define HAVE_INET_NTOP 1
| #define HAVE_SNPRINTF 1
| #define HAVE_STRLCPY 1
| #define HAVE_MEMMOVE 1
| /* end confdefs.h.  */
| #include <vfork.h>
configure:9432: result: no
configure:9432: checking for vfork.h
configure:9432: result: no
configure:9445: checking for fork
configure:9445: cc -o conftest -Wunused-function -Wstrict-prototypes -Wwrite-strings -W -Wall -fomit-frame-pointer -funroll-loops  -ffast-math -Ofast -fno-signed-zeros -ffp-contract=fast -mmmx -msse -flto -m64    -I/usr/local/opt/openblas/include -I/usr/local/opt/llvm/include -I/usr/local/opt/readline/include -I/usr/local/opt/zlib/include -I/usr/local/opt/openssl@1.1/include -I/usr/local/opt/portable-expat/include  -L/usr/local/opt/openblas/lib -L/usr/local/opt/llvm/lib -L/usr/local/opt/readline/lib -L/usr/local/opt/zlib/lib -L/usr/local/opt/openssl@1.1/lib -L/usr/local/opt/portable-expat/lib  conftest.c  >&5
conftest.c:121:11: warning: this function declaration is not a prototype [-Wstrict-prototypes]
char fork ();
          ^
           void
1 warning generated.
ld: warning: directory not found for option '-L/usr/local/opt/zlib/lib'
ld: warning: directory not found for option '-L/usr/local/opt/portable-expat/lib'
configure:9445: $? = 0
configure:9445: result: yes
configure:9445: checking for vfork
configure:9445: cc -o conftest -Wunused-function -Wstrict-prototypes -Wwrite-strings -W -Wall -fomit-frame-pointer -funroll-loops  -ffast-math -Ofast -fno-signed-zeros -ffp-contract=fast -mmmx -msse -flto -m64    -I/usr/local/opt/openblas/include -I/usr/local/opt/llvm/include -I/usr/local/opt/readline/include -I/usr/local/opt/zlib/include -I/usr/local/opt/openssl@1.1/include -I/usr/local/opt/portable-expat/include  -L/usr/local/opt/openblas/lib -L/usr/local/opt/llvm/lib -L/usr/local/opt/readline/lib -L/usr/local/opt/zlib/lib -L/usr/local/opt/openssl@1.1/lib -L/usr/local/opt/portable-expat/lib  conftest.c  >&5
conftest.c:122:12: warning: this function declaration is not a prototype [-Wstrict-prototypes]
char vfork ();
           ^
            void
conftest.c:122:6: warning: incompatible redeclaration of library function 'vfork' [-Wincompatible-library-redeclaration]
char vfork ();
     ^
conftest.c:122:6: note: 'vfork' is a builtin with type 'int (void)'
2 warnings generated.
ld: warning: directory not found for option '-L/usr/local/opt/zlib/lib'
ld: warning: directory not found for option '-L/usr/local/opt/portable-expat/lib'
configure:9445: $? = 0
configure:9445: result: yes
configure:9455: checking for working fork
configure:9477: cc -o conftest -Wunused-function -Wstrict-prototypes -Wwrite-strings -W -Wall -fomit-frame-pointer -funroll-loops  -ffast-math -Ofast -fno-signed-zeros -ffp-contract=fast -mmmx -msse -flto -m64    -I/usr/local/opt/openblas/include -I/usr/local/opt/llvm/include -I/usr/local/opt/readline/include -I/usr/local/opt/zlib/include -I/usr/local/opt/openssl@1.1/include -I/usr/local/opt/portable-expat/include  -L/usr/local/opt/openblas/lib -L/usr/local/opt/llvm/lib -L/usr/local/opt/readline/lib -L/usr/local/opt/zlib/lib -L/usr/local/opt/openssl@1.1/lib -L/usr/local/opt/portable-expat/lib  conftest.c  >&5
ld: warning: directory not found for option '-L/usr/local/opt/zlib/lib'
ld: warning: directory not found for option '-L/usr/local/opt/portable-expat/lib'
configure:9477: $? = 0
configure:9477: ./conftest
configure:9477: $? = 0
configure:9487: result: yes
configure:9508: checking for working vfork
configure:9618: result: yes
configure:9646: checking for endprotoent
configure:9646: cc -o conftest -Wunused-function -Wstrict-prototypes -Wwrite-strings -W -Wall -fomit-frame-pointer -funroll-loops  -ffast-math -Ofast -fno-signed-zeros -ffp-contract=fast -mmmx -msse -flto -m64    -I/usr/local/opt/openblas/include -I/usr/local/opt/llvm/include -I/usr/local/opt/readline/include -I/usr/local/opt/zlib/include -I/usr/local/opt/openssl@1.1/include -I/usr/local/opt/portable-expat/include  -L/usr/local/opt/openblas/lib -L/usr/local/opt/llvm/lib -L/usr/local/opt/readline/lib -L/usr/local/opt/zlib/lib -L/usr/local/opt/openssl@1.1/lib -L/usr/local/opt/portable-expat/lib  conftest.c  >&5
conftest.c:125:18: warning: this function declaration is not a prototype [-Wstrict-prototypes]
char endprotoent ();
                 ^
                  void
1 warning generated.
ld: warning: directory not found for option '-L/usr/local/opt/zlib/lib'
ld: warning: directory not found for option '-L/usr/local/opt/portable-expat/lib'
configure:9646: $? = 0
configure:9646: result: yes
configure:9646: checking for endservent
configure:9646: cc -o conftest -Wunused-function -Wstrict-prototypes -Wwrite-strings -W -Wall -fomit-frame-pointer -funroll-loops  -ffast-math -Ofast -fno-signed-zeros -ffp-contract=fast -mmmx -msse -flto -m64    -I/usr/local/opt/openblas/include -I/usr/local/opt/llvm/include -I/usr/local/opt/readline/include -I/usr/local/opt/zlib/include -I/usr/local/opt/openssl@1.1/include -I/usr/local/opt/portable-expat/include  -L/usr/local/opt/openblas/lib -L/usr/local/opt/llvm/lib -L/usr/local/opt/readline/lib -L/usr/local/opt/zlib/lib -L/usr/local/opt/openssl@1.1/lib -L/usr/local/opt/portable-expat/lib  conftest.c  >&5
conftest.c:126:17: warning: this function declaration is not a prototype [-Wstrict-prototypes]
char endservent ();
                ^
                 void
1 warning generated.
ld: warning: directory not found for option '-L/usr/local/opt/zlib/lib'
ld: warning: directory not found for option '-L/usr/local/opt/portable-expat/lib'
configure:9646: $? = 0
configure:9646: result: yes
configure:9646: checking for sleep
configure:9646: cc -o conftest -Wunused-function -Wstrict-prototypes -Wwrite-strings -W -Wall -fomit-frame-pointer -funroll-loops  -ffast-math -Ofast -fno-signed-zeros -ffp-contract=fast -mmmx -msse -flto -m64    -I/usr/local/opt/openblas/include -I/usr/local/opt/llvm/include -I/usr/local/opt/readline/include -I/usr/local/opt/zlib/include -I/usr/local/opt/openssl@1.1/include -I/usr/local/opt/portable-expat/include  -L/usr/local/opt/openblas/lib -L/usr/local/opt/llvm/lib -L/usr/local/opt/readline/lib -L/usr/local/opt/zlib/lib -L/usr/local/opt/openssl@1.1/lib -L/usr/local/opt/portable-expat/lib  conftest.c  >&5
conftest.c:127:12: warning: this function declaration is not a prototype [-Wstrict-prototypes]
char sleep ();
           ^
            void
1 warning generated.
ld: warning: directory not found for option '-L/usr/local/opt/zlib/lib'
ld: warning: directory not found for option '-L/usr/local/opt/portable-expat/lib'
configure:9646: $? = 0
configure:9646: result: yes
configure:9646: checking for random
configure:9646: cc -o conftest -Wunused-function -Wstrict-prototypes -Wwrite-strings -W -Wall -fomit-frame-pointer -funroll-loops  -ffast-math -Ofast -fno-signed-zeros -ffp-contract=fast -mmmx -msse -flto -m64    -I/usr/local/opt/openblas/include -I/usr/local/opt/llvm/include -I/usr/local/opt/readline/include -I/usr/local/opt/zlib/include -I/usr/local/opt/openssl@1.1/include -I/usr/local/opt/portable-expat/include  -L/usr/local/opt/openblas/lib -L/usr/local/opt/llvm/lib -L/usr/local/opt/readline/lib -L/usr/local/opt/zlib/lib -L/usr/local/opt/openssl@1.1/lib -L/usr/local/opt/portable-expat/lib  conftest.c  >&5
conftest.c:128:13: warning: this function declaration is not a prototype [-Wstrict-prototypes]
char random ();
            ^
             void
1 warning generated.
ld: warning: directory not found for option '-L/usr/local/opt/zlib/lib'
ld: warning: directory not found for option '-L/usr/local/opt/portable-expat/lib'
configure:9646: $? = 0
configure:9646: result: yes
configure:9646: checking for fcntl
configure:9646: cc -o conftest -Wunused-function -Wstrict-prototypes -Wwrite-strings -W -Wall -fomit-frame-pointer -funroll-loops  -ffast-math -Ofast -fno-signed-zeros -ffp-contract=fast -mmmx -msse -flto -m64    -I/usr/local/opt/openblas/include -I/usr/local/opt/llvm/include -I/usr/local/opt/readline/include -I/usr/local/opt/zlib/include -I/usr/local/opt/openssl@1.1/include -I/usr/local/opt/portable-expat/include  -L/usr/local/opt/openblas/lib -L/usr/local/opt/llvm/lib -L/usr/local/opt/readline/lib -L/usr/local/opt/zlib/lib -L/usr/local/opt/openssl@1.1/lib -L/usr/local/opt/portable-expat/lib  conftest.c  >&5
conftest.c:129:12: warning: this function declaration is not a prototype [-Wstrict-prototypes]
char fcntl ();
           ^
            void
1 warning generated.
ld: warning: directory not found for option '-L/usr/local/opt/zlib/lib'
ld: warning: directory not found for option '-L/usr/local/opt/portable-expat/lib'
configure:9646: $? = 0
configure:9646: result: yes
configure:9646: checking for strtoul
configure:9646: cc -o conftest -Wunused-function -Wstrict-prototypes -Wwrite-strings -W -Wall -fomit-frame-pointer -funroll-loops  -ffast-math -Ofast -fno-signed-zeros -ffp-contract=fast -mmmx -msse -flto -m64    -I/usr/local/opt/openblas/include -I/usr/local/opt/llvm/include -I/usr/local/opt/readline/include -I/usr/local/opt/zlib/include -I/usr/local/opt/openssl@1.1/include -I/usr/local/opt/portable-expat/include  -L/usr/local/opt/openblas/lib -L/usr/local/opt/llvm/lib -L/usr/local/opt/readline/lib -L/usr/local/opt/zlib/lib -L/usr/local/opt/openssl@1.1/lib -L/usr/local/opt/portable-expat/lib  conftest.c  >&5
conftest.c:130:14: warning: this function declaration is not a prototype [-Wstrict-prototypes]
char strtoul ();
             ^
              void
1 warning generated.
ld: warning: directory not found for option '-L/usr/local/opt/zlib/lib'
ld: warning: directory not found for option '-L/usr/local/opt/portable-expat/lib'
configure:9646: $? = 0
configure:9646: result: yes
configure:9646: checking for bzero
configure:9646: cc -o conftest -Wunused-function -Wstrict-prototypes -Wwrite-strings -W -Wall -fomit-frame-pointer -funroll-loops  -ffast-math -Ofast -fno-signed-zeros -ffp-contract=fast -mmmx -msse -flto -m64    -I/usr/local/opt/openblas/include -I/usr/local/opt/llvm/include -I/usr/local/opt/readline/include -I/usr/local/opt/zlib/include -I/usr/local/opt/openssl@1.1/include -I/usr/local/opt/portable-expat/include  -L/usr/local/opt/openblas/lib -L/usr/local/opt/llvm/lib -L/usr/local/opt/readline/lib -L/usr/local/opt/zlib/lib -L/usr/local/opt/openssl@1.1/lib -L/usr/local/opt/portable-expat/lib  conftest.c  >&5
conftest.c:131:12: warning: this function declaration is not a prototype [-Wstrict-prototypes]
char bzero ();
           ^
            void
conftest.c:131:6: warning: incompatible redeclaration of library function 'bzero' [-Wincompatible-library-redeclaration]
char bzero ();
     ^
conftest.c:131:6: note: 'bzero' is a builtin with type 'void (void *, unsigned long)'
2 warnings generated.
ld: warning: directory not found for option '-L/usr/local/opt/zlib/lib'
ld: warning: directory not found for option '-L/usr/local/opt/portable-expat/lib'
configure:9646: $? = 0
configure:9646: result: yes
configure:9646: checking for memset
configure:9646: cc -o conftest -Wunused-function -Wstrict-prototypes -Wwrite-strings -W -Wall -fomit-frame-pointer -funroll-loops  -ffast-math -Ofast -fno-signed-zeros -ffp-contract=fast -mmmx -msse -flto -m64    -I/usr/local/opt/openblas/include -I/usr/local/opt/llvm/include -I/usr/local/opt/readline/include -I/usr/local/opt/zlib/include -I/usr/local/opt/openssl@1.1/include -I/usr/local/opt/portable-expat/include  -L/usr/local/opt/openblas/lib -L/usr/local/opt/llvm/lib -L/usr/local/opt/readline/lib -L/usr/local/opt/zlib/lib -L/usr/local/opt/openssl@1.1/lib -L/usr/local/opt/portable-expat/lib  conftest.c  >&5
conftest.c:132:13: warning: this function declaration is not a prototype [-Wstrict-prototypes]
char memset ();
            ^
             void
conftest.c:132:6: warning: incompatible redeclaration of library function 'memset' [-Wincompatible-library-redeclaration]
char memset ();
     ^
conftest.c:132:6: note: 'memset' is a builtin with type 'void *(void *, int, unsigned long)'
2 warnings generated.
ld: warning: directory not found for option '-L/usr/local/opt/zlib/lib'
ld: warning: directory not found for option '-L/usr/local/opt/portable-expat/lib'
configure:9646: $? = 0
configure:9646: result: yes
configure:9646: checking for b32_ntop
configure:9646: cc -o conftest -Wunused-function -Wstrict-prototypes -Wwrite-strings -W -Wall -fomit-frame-pointer -funroll-loops  -ffast-math -Ofast -fno-signed-zeros -ffp-contract=fast -mmmx -msse -flto -m64    -I/usr/local/opt/openblas/include -I/usr/local/opt/llvm/include -I/usr/local/opt/readline/include -I/usr/local/opt/zlib/include -I/usr/local/opt/openssl@1.1/include -I/usr/local/opt/portable-expat/include  -L/usr/local/opt/openblas/lib -L/usr/local/opt/llvm/lib -L/usr/local/opt/readline/lib -L/usr/local/opt/zlib/lib -L/usr/local/opt/openssl@1.1/lib -L/usr/local/opt/portable-expat/lib  conftest.c  >&5
conftest.c:133:15: warning: this function declaration is not a prototype [-Wstrict-prototypes]
char b32_ntop ();
              ^
               void
1 warning generated.
ld: warning: directory not found for option '-L/usr/local/opt/zlib/lib'
ld: warning: directory not found for option '-L/usr/local/opt/portable-expat/lib'
undef: _b32_ntop
Undefined symbols for architecture x86_64:
  "_b32_ntop", referenced from:
      _main in cc-7f13cf.o
ld: symbol(s) not found for architecture x86_64
clang: error: linker command failed with exit code 1 (use -v to see invocation)
configure:9646: $? = 1
configure: failed program was:
| /* confdefs.h */
| #define PACKAGE_NAME "ldns"
| #define PACKAGE_TARNAME "libdns"
| #define PACKAGE_VERSION "1.7.0"
| #define PACKAGE_STRING "ldns 1.7.0"
| #define PACKAGE_BUGREPORT "libdns@nlnetlabs.nl"
| #define PACKAGE_URL ""
| #define STDC_HEADERS 1
| #define HAVE_SYS_TYPES_H 1
| #define HAVE_SYS_STAT_H 1
| #define HAVE_STDLIB_H 1
| #define HAVE_STRING_H 1
| #define HAVE_MEMORY_H 1
| #define HAVE_STRINGS_H 1
| #define HAVE_INTTYPES_H 1
| #define HAVE_STDINT_H 1
| #define HAVE_UNISTD_H 1
| #define __EXTENSIONS__ 1
| #define _ALL_SOURCE 1
| #define _GNU_SOURCE 1
| #define _POSIX_PTHREAD_SEMANTICS 1
| #define _TANDEM_SOURCE 1
| #define WINVER 0x0502
| #define HAVE_GETOPT_H 1
| #define HAVE_TIME_H 1
| #define HAVE_GETOPT_H 1
| #define HAVE_TIME_H 1
| #define HAVE_SSL /**/
| #define HAVE_HMAC_UPDATE 1
| #define HAVE_OPENSSL_SSL_H 1
| #define HAVE_OPENSSL_ERR_H 1
| #define HAVE_OPENSSL_RAND_H 1
| #define HAVE_EVP_SHA256 1
| #define HAVE_EVP_SHA384 1
| #define HAVE_EVP_SHA512 1
| #define HAVE_EVP_PKEY_KEYGEN 1
| #define HAVE_ECDSA_SIG_GET0 1
| #define HAVE_EVP_MD_CTX_NEW 1
| #define HAVE_EVP_PKEY_BASE_ID 1
| #define HAVE_DSA_SIG_SET0 1
| #define HAVE_DSA_SIG_GET0 1
| #define HAVE_DSA_GET0_PQG 1
| #define HAVE_DSA_GET0_KEY 1
| #define USE_SHA2 1
| #define HAVE_DECL_NID_X9_62_PRIME256V1 1
| #define HAVE_DECL_NID_SECP384R1 1
| #define USE_ECDSA 1
| #define USE_DSA 1
| #define USE_DANE 1
| #define USE_DANE_VERIFY 1
| #define USE_DANE_TA_USAGE 1
| #define RRTYPE_OPENPGPKEY /**/
| #define STDC_HEADERS 1
| #define HAVE__BOOL 1
| #define HAVE_STDBOOL_H 1
| #define HAVE_GETOPT_H 1
| #define HAVE_STDARG_H 1
| #define HAVE_OPENSSL_SSL_H 1
| #define HAVE_NETINET_IN_H 1
| #define HAVE_TIME_H 1
| #define HAVE_ARPA_INET_H 1
| #define HAVE_NETDB_H 1
| #define HAVE_SYS_PARAM_H 1
| #define HAVE_SYS_MOUNT_H 1
| #define HAVE_SYS_SOCKET_H 1
| #define HAVE_INTTYPES_H 1
| #define HAVE_SYS_TYPES_H 1
| #define HAVE_UNISTD_H 1
| #define SIZEOF_TIME_T 8
| #define HAVE_PCAP_H 1
| #define HAVE_LIBPCAP 1
| #define HAVE_NETINET_IN_SYSTM_H 1
| #define HAVE_NET_IF_H 1
| #define HAVE_NETINET_IP_H 1
| #define HAVE_NETINET_UDP_H 1
| #define HAVE_NETINET_IGMP_H 1
| #define HAVE_NETINET_IF_ETHER_H 1
| #define HAVE_NETINET_IP6_H 1
| #define HAVE_NET_ETHERNET_H 1
| #define HAVE_STDLIB_H 1
| #define HAVE_MALLOC 1
| #define HAVE_STDLIB_H 1
| #define HAVE_REALLOC 1
| #define HAVE_CALLOC 1
| #define HAVE_TIMEGM 1
| #define HAVE_GMTIME_R 1
| #define HAVE_CTIME_R 1
| #define HAVE_LOCALTIME_R 1
| #define HAVE_ISBLANK 1
| #define HAVE_ISASCII 1
| #define HAVE_INET_ATON 1
| #define HAVE_INET_PTON 1
| #define HAVE_INET_NTOP 1
| #define HAVE_SNPRINTF 1
| #define HAVE_STRLCPY 1
| #define HAVE_MEMMOVE 1
| #define HAVE_FORK 1
| #define HAVE_VFORK 1
| #define HAVE_WORKING_VFORK 1
| #define HAVE_WORKING_FORK 1
| #define HAVE_ENDPROTOENT 1
| #define HAVE_ENDSERVENT 1
| #define HAVE_SLEEP 1
| #define HAVE_RANDOM 1
| #define HAVE_FCNTL 1
| #define HAVE_STRTOUL 1
| #define HAVE_BZERO 1
| #define HAVE_MEMSET 1
| /* end confdefs.h.  */
| /* Define b32_ntop to an innocuous variant, in case <limits.h> declares b32_ntop.
|    For example, HP-UX 11i <limits.h> declares gettimeofday.  */
| #define b32_ntop innocuous_b32_ntop
| 
| /* System header to define __stub macros and hopefully few prototypes,
|     which can conflict with char b32_ntop (); below.
|     Prefer <limits.h> to <assert.h> if __STDC__ is defined, since
|     <limits.h> exists even on freestanding compilers.  */
| 
| #ifdef __STDC__
| # include <limits.h>
| #else
| # include <assert.h>
| #endif
| 
| #undef b32_ntop
| 
| /* Override any GCC internal prototype to avoid an error.
|    Use char because int might match the return type of a GCC
|    builtin and then its argument prototype would still apply.  */
| #ifdef __cplusplus
| extern "C"
| #endif
| char b32_ntop ();
| /* The GNU C library defines this for functions which it implements
|     to always fail with ENOSYS.  Some functions are actually named
|     something starting with __ and the normal name is an alias.  */
| #if defined __stub_b32_ntop || defined __stub___b32_ntop
| choke me
| #endif
| 
| int
| main ()
| {
| return b32_ntop ();
|   ;
|   return 0;
| }
configure:9646: result: no
configure:9646: checking for b32_pton
configure:9646: cc -o conftest -Wunused-function -Wstrict-prototypes -Wwrite-strings -W -Wall -fomit-frame-pointer -funroll-loops  -ffast-math -Ofast -fno-signed-zeros -ffp-contract=fast -mmmx -msse -flto -m64    -I/usr/local/opt/openblas/include -I/usr/local/opt/llvm/include -I/usr/local/opt/readline/include -I/usr/local/opt/zlib/include -I/usr/local/opt/openssl@1.1/include -I/usr/local/opt/portable-expat/include  -L/usr/local/opt/openblas/lib -L/usr/local/opt/llvm/lib -L/usr/local/opt/readline/lib -L/usr/local/opt/zlib/lib -L/usr/local/opt/openssl@1.1/lib -L/usr/local/opt/portable-expat/lib  conftest.c  >&5
conftest.c:133:15: warning: this function declaration is not a prototype [-Wstrict-prototypes]
char b32_pton ();
              ^
               void
1 warning generated.
ld: warning: directory not found for option '-L/usr/local/opt/zlib/lib'
ld: warning: directory not found for option '-L/usr/local/opt/portable-expat/lib'
undef: _b32_pton
Undefined symbols for architecture x86_64:
  "_b32_pton", referenced from:
      _main in cc-d341e0.o
ld: symbol(s) not found for architecture x86_64
clang: error: linker command failed with exit code 1 (use -v to see invocation)
configure:9646: $? = 1
configure: failed program was:
| /* confdefs.h */
| #define PACKAGE_NAME "ldns"
| #define PACKAGE_TARNAME "libdns"
| #define PACKAGE_VERSION "1.7.0"
| #define PACKAGE_STRING "ldns 1.7.0"
| #define PACKAGE_BUGREPORT "libdns@nlnetlabs.nl"
| #define PACKAGE_URL ""
| #define STDC_HEADERS 1
| #define HAVE_SYS_TYPES_H 1
| #define HAVE_SYS_STAT_H 1
| #define HAVE_STDLIB_H 1
| #define HAVE_STRING_H 1
| #define HAVE_MEMORY_H 1
| #define HAVE_STRINGS_H 1
| #define HAVE_INTTYPES_H 1
| #define HAVE_STDINT_H 1
| #define HAVE_UNISTD_H 1
| #define __EXTENSIONS__ 1
| #define _ALL_SOURCE 1
| #define _GNU_SOURCE 1
| #define _POSIX_PTHREAD_SEMANTICS 1
| #define _TANDEM_SOURCE 1
| #define WINVER 0x0502
| #define HAVE_GETOPT_H 1
| #define HAVE_TIME_H 1
| #define HAVE_GETOPT_H 1
| #define HAVE_TIME_H 1
| #define HAVE_SSL /**/
| #define HAVE_HMAC_UPDATE 1
| #define HAVE_OPENSSL_SSL_H 1
| #define HAVE_OPENSSL_ERR_H 1
| #define HAVE_OPENSSL_RAND_H 1
| #define HAVE_EVP_SHA256 1
| #define HAVE_EVP_SHA384 1
| #define HAVE_EVP_SHA512 1
| #define HAVE_EVP_PKEY_KEYGEN 1
| #define HAVE_ECDSA_SIG_GET0 1
| #define HAVE_EVP_MD_CTX_NEW 1
| #define HAVE_EVP_PKEY_BASE_ID 1
| #define HAVE_DSA_SIG_SET0 1
| #define HAVE_DSA_SIG_GET0 1
| #define HAVE_DSA_GET0_PQG 1
| #define HAVE_DSA_GET0_KEY 1
| #define USE_SHA2 1
| #define HAVE_DECL_NID_X9_62_PRIME256V1 1
| #define HAVE_DECL_NID_SECP384R1 1
| #define USE_ECDSA 1
| #define USE_DSA 1
| #define USE_DANE 1
| #define USE_DANE_VERIFY 1
| #define USE_DANE_TA_USAGE 1
| #define RRTYPE_OPENPGPKEY /**/
| #define STDC_HEADERS 1
| #define HAVE__BOOL 1
| #define HAVE_STDBOOL_H 1
| #define HAVE_GETOPT_H 1
| #define HAVE_STDARG_H 1
| #define HAVE_OPENSSL_SSL_H 1
| #define HAVE_NETINET_IN_H 1
| #define HAVE_TIME_H 1
| #define HAVE_ARPA_INET_H 1
| #define HAVE_NETDB_H 1
| #define HAVE_SYS_PARAM_H 1
| #define HAVE_SYS_MOUNT_H 1
| #define HAVE_SYS_SOCKET_H 1
| #define HAVE_INTTYPES_H 1
| #define HAVE_SYS_TYPES_H 1
| #define HAVE_UNISTD_H 1
| #define SIZEOF_TIME_T 8
| #define HAVE_PCAP_H 1
| #define HAVE_LIBPCAP 1
| #define HAVE_NETINET_IN_SYSTM_H 1
| #define HAVE_NET_IF_H 1
| #define HAVE_NETINET_IP_H 1
| #define HAVE_NETINET_UDP_H 1
| #define HAVE_NETINET_IGMP_H 1
| #define HAVE_NETINET_IF_ETHER_H 1
| #define HAVE_NETINET_IP6_H 1
| #define HAVE_NET_ETHERNET_H 1
| #define HAVE_STDLIB_H 1
| #define HAVE_MALLOC 1
| #define HAVE_STDLIB_H 1
| #define HAVE_REALLOC 1
| #define HAVE_CALLOC 1
| #define HAVE_TIMEGM 1
| #define HAVE_GMTIME_R 1
| #define HAVE_CTIME_R 1
| #define HAVE_LOCALTIME_R 1
| #define HAVE_ISBLANK 1
| #define HAVE_ISASCII 1
| #define HAVE_INET_ATON 1
| #define HAVE_INET_PTON 1
| #define HAVE_INET_NTOP 1
| #define HAVE_SNPRINTF 1
| #define HAVE_STRLCPY 1
| #define HAVE_MEMMOVE 1
| #define HAVE_FORK 1
| #define HAVE_VFORK 1
| #define HAVE_WORKING_VFORK 1
| #define HAVE_WORKING_FORK 1
| #define HAVE_ENDPROTOENT 1
| #define HAVE_ENDSERVENT 1
| #define HAVE_SLEEP 1
| #define HAVE_RANDOM 1
| #define HAVE_FCNTL 1
| #define HAVE_STRTOUL 1
| #define HAVE_BZERO 1
| #define HAVE_MEMSET 1
| /* end confdefs.h.  */
| /* Define b32_pton to an innocuous variant, in case <limits.h> declares b32_pton.
|    For example, HP-UX 11i <limits.h> declares gettimeofday.  */
| #define b32_pton innocuous_b32_pton
| 
| /* System header to define __stub macros and hopefully few prototypes,
|     which can conflict with char b32_pton (); below.
|     Prefer <limits.h> to <assert.h> if __STDC__ is defined, since
|     <limits.h> exists even on freestanding compilers.  */
| 
| #ifdef __STDC__
| # include <limits.h>
| #else
| # include <assert.h>
| #endif
| 
| #undef b32_pton
| 
| /* Override any GCC internal prototype to avoid an error.
|    Use char because int might match the return type of a GCC
|    builtin and then its argument prototype would still apply.  */
| #ifdef __cplusplus
| extern "C"
| #endif
| char b32_pton ();
| /* The GNU C library defines this for functions which it implements
|     to always fail with ENOSYS.  Some functions are actually named
|     something starting with __ and the normal name is an alias.  */
| #if defined __stub_b32_pton || defined __stub___b32_pton
| choke me
| #endif
| 
| int
| main ()
| {
| return b32_pton ();
|   ;
|   return 0;
| }
configure:9646: result: no
configure:9671: checking for getaddrinfo
configure:9692: cc -o conftest -Wunused-function -Wstrict-prototypes -Wwrite-strings -W -Wall -fomit-frame-pointer -funroll-loops  -ffast-math -Ofast -fno-signed-zeros -ffp-contract=fast -mmmx -msse -flto -m64    -I/usr/local/opt/openblas/include -I/usr/local/opt/llvm/include -I/usr/local/opt/readline/include -I/usr/local/opt/zlib/include -I/usr/local/opt/openssl@1.1/include -I/usr/local/opt/portable-expat/include  -L/usr/local/opt/openblas/lib -L/usr/local/opt/llvm/lib -L/usr/local/opt/readline/lib -L/usr/local/opt/zlib/lib -L/usr/local/opt/openssl@1.1/lib -L/usr/local/opt/portable-expat/lib  conftest.c  >&5
conftest.c:115:18: warning: this function declaration is not a prototype [-Wstrict-prototypes]
char* getaddrinfo();
                 ^
                  void
conftest.c:116:12: warning: this function declaration is not a prototype [-Wstrict-prototypes]
char* (*f) () = getaddrinfo;
           ^
            void
2 warnings generated.
ld: warning: directory not found for option '-L/usr/local/opt/zlib/lib'
ld: warning: directory not found for option '-L/usr/local/opt/portable-expat/lib'
configure:9692: $? = 0
configure:9744: result: yes
configure:9856: checking for ioctlsocket
configure:9875: cc -o conftest -Wunused-function -Wstrict-prototypes -Wwrite-strings -W -Wall -fomit-frame-pointer -funroll-loops  -ffast-math -Ofast -fno-signed-zeros -ffp-contract=fast -mmmx -msse -flto -m64    -I/usr/local/opt/openblas/include -I/usr/local/opt/llvm/include -I/usr/local/opt/readline/include -I/usr/local/opt/zlib/include -I/usr/local/opt/openssl@1.1/include -I/usr/local/opt/portable-expat/include  -L/usr/local/opt/openblas/lib -L/usr/local/opt/llvm/lib -L/usr/local/opt/readline/lib -L/usr/local/opt/zlib/lib -L/usr/local/opt/openssl@1.1/lib -L/usr/local/opt/portable-expat/lib  conftest.c  >&5
conftest.c:120:8: warning: implicit declaration of function 'ioctlsocket' is invalid in C99 [-Wimplicit-function-declaration]
        (void)ioctlsocket(0, 0, NULL);
              ^
conftest.c:120:8: warning: this function declaration is not a prototype [-Wstrict-prototypes]
conftest.c:120:26: error: use of undeclared identifier 'NULL'
        (void)ioctlsocket(0, 0, NULL);
                                ^
2 warnings and 1 error generated.
configure:9875: $? = 1
configure: failed program was:
| /* confdefs.h */
| #define PACKAGE_NAME "ldns"
| #define PACKAGE_TARNAME "libdns"
| #define PACKAGE_VERSION "1.7.0"
| #define PACKAGE_STRING "ldns 1.7.0"
| #define PACKAGE_BUGREPORT "libdns@nlnetlabs.nl"
| #define PACKAGE_URL ""
| #define STDC_HEADERS 1
| #define HAVE_SYS_TYPES_H 1
| #define HAVE_SYS_STAT_H 1
| #define HAVE_STDLIB_H 1
| #define HAVE_STRING_H 1
| #define HAVE_MEMORY_H 1
| #define HAVE_STRINGS_H 1
| #define HAVE_INTTYPES_H 1
| #define HAVE_STDINT_H 1
| #define HAVE_UNISTD_H 1
| #define __EXTENSIONS__ 1
| #define _ALL_SOURCE 1
| #define _GNU_SOURCE 1
| #define _POSIX_PTHREAD_SEMANTICS 1
| #define _TANDEM_SOURCE 1
| #define WINVER 0x0502
| #define HAVE_GETOPT_H 1
| #define HAVE_TIME_H 1
| #define HAVE_GETOPT_H 1
| #define HAVE_TIME_H 1
| #define HAVE_SSL /**/
| #define HAVE_HMAC_UPDATE 1
| #define HAVE_OPENSSL_SSL_H 1
| #define HAVE_OPENSSL_ERR_H 1
| #define HAVE_OPENSSL_RAND_H 1
| #define HAVE_EVP_SHA256 1
| #define HAVE_EVP_SHA384 1
| #define HAVE_EVP_SHA512 1
| #define HAVE_EVP_PKEY_KEYGEN 1
| #define HAVE_ECDSA_SIG_GET0 1
| #define HAVE_EVP_MD_CTX_NEW 1
| #define HAVE_EVP_PKEY_BASE_ID 1
| #define HAVE_DSA_SIG_SET0 1
| #define HAVE_DSA_SIG_GET0 1
| #define HAVE_DSA_GET0_PQG 1
| #define HAVE_DSA_GET0_KEY 1
| #define USE_SHA2 1
| #define HAVE_DECL_NID_X9_62_PRIME256V1 1
| #define HAVE_DECL_NID_SECP384R1 1
| #define USE_ECDSA 1
| #define USE_DSA 1
| #define USE_DANE 1
| #define USE_DANE_VERIFY 1
| #define USE_DANE_TA_USAGE 1
| #define RRTYPE_OPENPGPKEY /**/
| #define STDC_HEADERS 1
| #define HAVE__BOOL 1
| #define HAVE_STDBOOL_H 1
| #define HAVE_GETOPT_H 1
| #define HAVE_STDARG_H 1
| #define HAVE_OPENSSL_SSL_H 1
| #define HAVE_NETINET_IN_H 1
| #define HAVE_TIME_H 1
| #define HAVE_ARPA_INET_H 1
| #define HAVE_NETDB_H 1
| #define HAVE_SYS_PARAM_H 1
| #define HAVE_SYS_MOUNT_H 1
| #define HAVE_SYS_SOCKET_H 1
| #define HAVE_INTTYPES_H 1
| #define HAVE_SYS_TYPES_H 1
| #define HAVE_UNISTD_H 1
| #define SIZEOF_TIME_T 8
| #define HAVE_PCAP_H 1
| #define HAVE_LIBPCAP 1
| #define HAVE_NETINET_IN_SYSTM_H 1
| #define HAVE_NET_IF_H 1
| #define HAVE_NETINET_IP_H 1
| #define HAVE_NETINET_UDP_H 1
| #define HAVE_NETINET_IGMP_H 1
| #define HAVE_NETINET_IF_ETHER_H 1
| #define HAVE_NETINET_IP6_H 1
| #define HAVE_NET_ETHERNET_H 1
| #define HAVE_STDLIB_H 1
| #define HAVE_MALLOC 1
| #define HAVE_STDLIB_H 1
| #define HAVE_REALLOC 1
| #define HAVE_CALLOC 1
| #define HAVE_TIMEGM 1
| #define HAVE_GMTIME_R 1
| #define HAVE_CTIME_R 1
| #define HAVE_LOCALTIME_R 1
| #define HAVE_ISBLANK 1
| #define HAVE_ISASCII 1
| #define HAVE_INET_ATON 1
| #define HAVE_INET_PTON 1
| #define HAVE_INET_NTOP 1
| #define HAVE_SNPRINTF 1
| #define HAVE_STRLCPY 1
| #define HAVE_MEMMOVE 1
| #define HAVE_FORK 1
| #define HAVE_VFORK 1
| #define HAVE_WORKING_VFORK 1
| #define HAVE_WORKING_FORK 1
| #define HAVE_ENDPROTOENT 1
| #define HAVE_ENDSERVENT 1
| #define HAVE_SLEEP 1
| #define HAVE_RANDOM 1
| #define HAVE_FCNTL 1
| #define HAVE_STRTOUL 1
| #define HAVE_BZERO 1
| #define HAVE_MEMSET 1
| #define HAVE_GETADDRINFO 1
| /* end confdefs.h.  */
| 
| #ifdef HAVE_WINSOCK2_H
| #include <winsock2.h>
| #endif
| 
| int
| main ()
| {
| 
| 	(void)ioctlsocket(0, 0, NULL);
| 
|   ;
|   return 0;
| }
configure:9884: result: no
configure:9894: checking whether the C compiler (cc) accepts the "format" attribute
configure:9916: cc -c -Wunused-function -Wstrict-prototypes -Wwrite-strings -W -Wall -fomit-frame-pointer -funroll-loops  -ffast-math -Ofast -fno-signed-zeros -ffp-contract=fast -mmmx -msse -flto -m64    -I/usr/local/opt/openblas/include -I/usr/local/opt/llvm/include -I/usr/local/opt/readline/include -I/usr/local/opt/zlib/include -I/usr/local/opt/openssl@1.1/include -I/usr/local/opt/portable-expat/include  conftest.c >&5
conftest.c:119:7: warning: passing 'const char [3]' to parameter of type 'char *' discards qualifiers [-Wincompatible-pointer-types-discards-qualifiers]
   f ("%s", "str");
      ^~~~
conftest.c:112:15: note: passing argument to parameter 'format' here
void f (char *format, ...) __attribute__ ((format (printf, 1, 2)));
              ^
1 warning generated.
configure:9916: $? = 0
configure:9926: result: yes
configure:9935: checking whether the C compiler (cc) accepts the "unused" attribute
configure:9956: cc -c -Wunused-function -Wstrict-prototypes -Wwrite-strings -W -Wall -fomit-frame-pointer -funroll-loops  -ffast-math -Ofast -fno-signed-zeros -ffp-contract=fast -mmmx -msse -flto -m64    -I/usr/local/opt/openblas/include -I/usr/local/opt/llvm/include -I/usr/local/opt/readline/include -I/usr/local/opt/zlib/include -I/usr/local/opt/openssl@1.1/include -I/usr/local/opt/portable-expat/include  conftest.c >&5
conftest.c:119:7: warning: passing 'const char [2]' to parameter of type 'char *' discards qualifiers [-Wincompatible-pointer-types-discards-qualifiers]
   f ("x");
      ^~~
conftest.c:113:15: note: passing argument to parameter 'u' here
void f (char *u __attribute__((unused)));
              ^
1 warning generated.
configure:9956: $? = 0
configure:9968: result: yes
configure:10212: creating ./config.status

## ---------------------- ##
## Running config.status. ##
## ---------------------- ##

This file was extended by ldns config.status 1.7.0, which was
generated by GNU Autoconf 2.69.  Invocation command line was

  CONFIG_FILES    = 
  CONFIG_HEADERS  = 
  CONFIG_LINKS    = 
  CONFIG_COMMANDS = 
  $ ./config.status 

on dojos-MacBook-Pro.local

config.status:986: creating Makefile
config.status:986: creating ldns/common.h
config.status:986: creating ldns/net.h
config.status:986: creating ldns/util.h
config.status:986: creating packaging/libldns.pc
config.status:986: creating packaging/ldns-config
config.status:986: creating ldns/config.h
config.status:1156: ldns/config.h is unchanged

## ---------------- ##
## Cache variables. ##
## ---------------- ##

ac_cv_build=x86_64-apple-darwin17.0.0
ac_cv_c_bigendian=no
ac_cv_c_compiler_gnu=yes
ac_cv_c_const=yes
ac_cv_c_format_attribute=yes
ac_cv_c_gost_works=no
ac_cv_c_inline=inline
ac_cv_c_unused_attribute=yes
ac_cv_env_CC_set=set
ac_cv_env_CC_value=cc
ac_cv_env_CFLAGS_set=set
ac_cv_env_CFLAGS_value='-fomit-frame-pointer -funroll-loops  -ffast-math -Ofast -fno-signed-zeros -ffp-contract=fast -mmmx -msse -flto -m64   '
ac_cv_env_CPPFLAGS_set=set
ac_cv_env_CPPFLAGS_value='-I/usr/local/opt/openblas/include -I/usr/local/opt/llvm/include -I/usr/local/opt/readline/include -I/usr/local/opt/zlib/include -I/usr/local/opt/openssl@1.1/include -I/usr/local/opt/portable-expat/include '
ac_cv_env_CPP_set=set
ac_cv_env_CPP_value='cc -E'
ac_cv_env_LDFLAGS_set=set
ac_cv_env_LDFLAGS_value='-L/usr/local/opt/openblas/lib -L/usr/local/opt/llvm/lib -L/usr/local/opt/readline/lib -L/usr/local/opt/zlib/lib -L/usr/local/opt/openssl@1.1/lib -L/usr/local/opt/portable-expat/lib '
ac_cv_env_LIBS_set=
ac_cv_env_LIBS_value=
ac_cv_env_PYTHON_VERSION_set=
ac_cv_env_PYTHON_VERSION_value=
ac_cv_env_build_alias_set=
ac_cv_env_build_alias_value=
ac_cv_env_host_alias_set=
ac_cv_env_host_alias_value=
ac_cv_env_target_alias_set=
ac_cv_env_target_alias_value=
ac_cv_func_DSA_SIG_get0=yes
ac_cv_func_DSA_SIG_new=yes
ac_cv_func_DSA_SIG_set0=yes
ac_cv_func_DSA_get0_key=yes
ac_cv_func_DSA_get0_pqg=yes
ac_cv_func_ECDSA_SIG_get0=yes
ac_cv_func_ECDSA_sign=yes
ac_cv_func_EC_KEY_new=yes
ac_cv_func_ENGINE_load_cryptodev=no
ac_cv_func_EVP_MD_CTX_new=yes
ac_cv_func_EVP_PKEY_base_id=yes
ac_cv_func_EVP_PKEY_keygen=yes
ac_cv_func_EVP_PKEY_set_type_str=yes
ac_cv_func_EVP_dss1=no
ac_cv_func_EVP_sha256=yes
ac_cv_func_EVP_sha384=yes
ac_cv_func_EVP_sha512=yes
ac_cv_func_SHA256_Init=yes
ac_cv_func_SHA384_Init=yes
ac_cv_func_SSL_get0_dane=yes
ac_cv_func_X509_check_ca=yes
ac_cv_func_b32_ntop=no
ac_cv_func_b32_pton=no
ac_cv_func_b64_ntop=no
ac_cv_func_b64_pton=no
ac_cv_func_bzero=yes
ac_cv_func_calloc=yes
ac_cv_func_ctime_r=yes
ac_cv_func_endprotoent=yes
ac_cv_func_endservent=yes
ac_cv_func_fcntl=yes
ac_cv_func_fork=yes
ac_cv_func_fork_works=yes
ac_cv_func_getaddrinfo=yes
ac_cv_func_gmtime_r=yes
ac_cv_func_inet_aton=yes
ac_cv_func_inet_ntop=yes
ac_cv_func_inet_pton=yes
ac_cv_func_isascii=yes
ac_cv_func_isblank=yes
ac_cv_func_localtime_r=yes
ac_cv_func_malloc_0_nonnull=yes
ac_cv_func_memmove=yes
ac_cv_func_memset=yes
ac_cv_func_random=yes
ac_cv_func_realloc_0_nonnull=yes
ac_cv_func_sleep=yes
ac_cv_func_snprintf=yes
ac_cv_func_strlcpy=yes
ac_cv_func_strtoul=yes
ac_cv_func_timegm=yes
ac_cv_func_vfork=yes
ac_cv_func_vfork_works=yes
ac_cv_have_decl_NID_X9_62_prime256v1=yes
ac_cv_have_decl_NID_secp384r1=yes
ac_cv_header_arpa_inet_h=yes
ac_cv_header_getopt_h=yes
ac_cv_header_inttypes_h=yes
ac_cv_header_memory_h=yes
ac_cv_header_minix_config_h=no
ac_cv_header_net_ethernet_h=yes
ac_cv_header_net_if_h=yes
ac_cv_header_netdb_h=yes
ac_cv_header_netinet_if_ether_h=yes
ac_cv_header_netinet_igmp_h=yes
ac_cv_header_netinet_in_h=yes
ac_cv_header_netinet_in_systm_h=yes
ac_cv_header_netinet_ip6_h=yes
ac_cv_header_netinet_ip_compat_h=no
ac_cv_header_netinet_ip_h=yes
ac_cv_header_netinet_udp_h=yes
ac_cv_header_openssl_err_h=yes
ac_cv_header_openssl_rand_h=yes
ac_cv_header_openssl_ssl_h=yes
ac_cv_header_pcap_h=yes
ac_cv_header_stdarg_h=yes
ac_cv_header_stdbool_h=yes
ac_cv_header_stdc=yes
ac_cv_header_stdint_h=yes
ac_cv_header_stdlib_h=yes
ac_cv_header_string_h=yes
ac_cv_header_strings_h=yes
ac_cv_header_sys_mount_h=yes
ac_cv_header_sys_param_h=yes
ac_cv_header_sys_socket_h=yes
ac_cv_header_sys_stat_h=yes
ac_cv_header_sys_types_h=yes
ac_cv_header_time_h=yes
ac_cv_header_unistd_h=yes
ac_cv_header_vfork_h=no
ac_cv_header_winsock2_h=no
ac_cv_header_ws2tcpip_h=no
ac_cv_host=x86_64-apple-darwin17.0.0
ac_cv_lib_pcap_pcap_open_offline=yes
ac_cv_member_struct_sockaddr_storage_ss_family=yes
ac_cv_objext=o
ac_cv_path_EGREP='/usr/local/bin/grep -E'
ac_cv_path_GREP=/usr/local/bin/grep
ac_cv_path_ac_pt_AR=/usr/bin/ar
ac_cv_prog_CPP='cc -E'
ac_cv_prog_ac_ct_CC=cc
ac_cv_prog_cc_c89=
ac_cv_prog_cc_g=yes
ac_cv_prog_doxygen=doxygen
ac_cv_prog_make_make_set=yes
ac_cv_safe_to_define___extensions__=yes
ac_cv_search_inet_pton='none required'
ac_cv_search_socket='none required'
ac_cv_sizeof_time_t=8
ac_cv_type__Bool=yes
ac_cv_type_in_addr_t=yes
ac_cv_type_in_port_t=yes
ac_cv_type_int16_t=yes
ac_cv_type_int32_t=yes
ac_cv_type_int64_t=yes
ac_cv_type_int8_t=yes
ac_cv_type_intptr_t=yes
ac_cv_type_pid_t=yes
ac_cv_type_size_t=yes
ac_cv_type_socklen_t=yes
ac_cv_type_ssize_t=yes
ac_cv_type_uint16_t=yes
ac_cv_type_uint32_t=yes
ac_cv_type_uint64_t=yes
ac_cv_type_uint8_t=yes

## ----------------- ##
## Output variables. ##
## ----------------- ##

AR='/usr/bin/ar'
CC='cc'
CFLAGS='-Wunused-function -Wstrict-prototypes -Wwrite-strings -W -Wall -fomit-frame-pointer -funroll-loops  -ffast-math -Ofast -fno-signed-zeros -ffp-contract=fast -mmmx -msse -flto -m64    -mmacosx-version-min=10.10 -isysroot /Applications/Xcode.app/Contents/Developer/Platforms/MacOSX.platform/Developer/SDKs/MacOSX10.13.sdk'
CLEAN_DRILL='clean-drill'
CLEAN_EXAMPLES='clean-examples'
CLEAN_P5_DNS_LDNS=''
CONFIG_FILES='Makefile ldns/common.h ldns/net.h ldns/util.h packaging/libldns.pc packaging/ldns-config'
CPP='cc -E'
CPPFLAGS='-I/usr/local/opt/openblas/include -I/usr/local/opt/llvm/include -I/usr/local/opt/readline/include -I/usr/local/opt/zlib/include -I/usr/local/opt/openssl@1.1/include -I/usr/local/opt/portable-expat/include '
DEFAULT_CAFILE=''
DEFAULT_CAPATH=''
DEFS='-DHAVE_CONFIG_H'
DEPFLAG='-MM'
DRILL='drill'
ECHO_C='\c'
ECHO_N=''
ECHO_T=''
EGREP='/usr/local/bin/grep -E'
EXAMPLES='examples'
EXEEXT=''
GREP='/usr/local/bin/grep'
HAVE_SSL='yes'
INSTALL_CONFIG='install-config'
INSTALL_CONFIG_MANPAGE='install-config-manpage'
INSTALL_DRILL='install-drill'
INSTALL_EXAMPLES='install-examples'
INSTALL_P5_DNS_LDNS=''
LDFLAGS='-L/usr/local/opt/openblas/lib -L/usr/local/opt/llvm/lib -L/usr/local/opt/readline/lib -L/usr/local/opt/zlib/lib -L/usr/local/opt/openssl@1.1/lib -L/usr/local/opt/portable-expat/lib '
LDNS_TRUST_ANCHOR_FILE='$(sysconfdir)/unbound/root.key'
LDNS_VERSION_MAJOR='1'
LDNS_VERSION_MICRO='0'
LDNS_VERSION_MINOR='7'
LIBOBJS=' ${LIBOBJDIR}b64_pton$U.o ${LIBOBJDIR}b64_ntop$U.o'
LIBPCAP_LIBS='-lpcap'
LIBS=''
LIBSSL_CPPFLAGS=' -I/usr/local/opt/openssl@1.1/include'
LIBSSL_LDFLAGS=' -L/usr/local/opt/openssl@1.1/lib'
LIBSSL_LIBS=' -lcrypto -lssl'
LIBSSL_SSL_LIBS='-lssl  -lcrypto -lssl'
LINTFLAGS=''
LINT_DRILL='lint-drill'
LINT_EXAMPLES='lint-examples'
LTLIBOBJS=' ${LIBOBJDIR}b64_pton$U.lo ${LIBOBJDIR}b64_ntop$U.lo'
OBJEXT='o'
P5_DNS_LDNS=''
PACKAGE_BUGREPORT='libdns@nlnetlabs.nl'
PACKAGE_NAME='ldns'
PACKAGE_STRING='ldns 1.7.0'
PACKAGE_TARNAME='libdns'
PACKAGE_URL=''
PACKAGE_VERSION='1.7.0'
PATH_SEPARATOR=':'
PERL=''
PYLDNS=''
PYLDNSINST=''
PYLDNSUNINST=''
PYLDNSX=''
PYLDNSXINST=''
PYLDNSXUNINST=''
PYTHON=''
PYTHON_CPPFLAGS=''
PYTHON_EXTRA_LDFLAGS=''
PYTHON_EXTRA_LIBS=''
PYTHON_LDFLAGS=''
PYTHON_SITE_PKG=''
PYTHON_VERSION=''
PYTHON_X_CFLAGS=''
RUNTIME_PATH=''
SET_MAKE=''
SHELL='/bin/sh'
SWIG=''
SWIGPY3=''
SWIG_LIB=''
TEST_P5_DNS_LDNS=''
UNINSTALL_CONFIG='uninstall-config'
UNINSTALL_CONFIG_MANPAGE='uninstall-config-manpage'
UNINSTALL_DRILL='uninstall-drill'
UNINSTALL_EXAMPLES='uninstall-examples'
UNINSTALL_P5_DNS_LDNS=''
VERSION_INFO='2:0:0'
WINDRES=''
ac_ct_CC='cc'
bindir='${exec_prefix}/bin'
build='x86_64-apple-darwin17.0.0'
build_alias=''
build_cpu='x86_64'
build_os='darwin17.0.0'
build_vendor='apple'
datadir='${datarootdir}'
datarootdir='${prefix}/share'
docdir='${datarootdir}/doc/${PACKAGE_TARNAME}'
doxygen='doxygen'
dvidir='${docdir}'
exec_prefix='${prefix}'
host='x86_64-apple-darwin17.0.0'
host_alias=''
host_cpu='x86_64'
host_os='darwin17.0.0'
host_vendor='apple'
htmldir='${docdir}'
include_inttypes_h='#include <inttypes.h>'
include_sys_socket_h='#include <sys/socket.h>'
include_systypes_h='#include <sys/types.h>'
include_unistd_h='#include <unistd.h>'
includedir='${prefix}/include'
infodir='${datarootdir}/info'
ldns_build_config_have_attr_format='1'
ldns_build_config_have_attr_unused='1'
ldns_build_config_have_b32_ntop='0'
ldns_build_config_have_b32_pton='0'
ldns_build_config_have_inttypes_h='1'
ldns_build_config_have_socklen_t='1'
ldns_build_config_have_ssl='1'
ldns_build_config_use_dane='1'
ldns_build_config_use_dane_ta_usage='1'
ldns_build_config_use_dane_verify='1'
libdir='${exec_prefix}/lib'
libexecdir='${exec_prefix}/libexec'
libtool='./libtool'
localedir='${datarootdir}/locale'
localstatedir='${prefix}/var'
mandir='${datarootdir}/man'
oldincludedir='/usr/include'
pdfdir='${docdir}'
prefix='/usr/local/Cellar/ldns/1.7.1'
program_transform_name='s,x,x,'
psdir='${docdir}'
sbindir='${exec_prefix}/sbin'
sharedstatedir='${prefix}/com'
swig=''
sysconfdir='${prefix}/etc'
target_alias=''

## ----------- ##
## confdefs.h. ##
## ----------- ##

/* confdefs.h */
#define PACKAGE_NAME "ldns"
#define PACKAGE_TARNAME "libdns"
#define PACKAGE_VERSION "1.7.0"
#define PACKAGE_STRING "ldns 1.7.0"
#define PACKAGE_BUGREPORT "libdns@nlnetlabs.nl"
#define PACKAGE_URL ""
#define STDC_HEADERS 1
#define HAVE_SYS_TYPES_H 1
#define HAVE_SYS_STAT_H 1
#define HAVE_STDLIB_H 1
#define HAVE_STRING_H 1
#define HAVE_MEMORY_H 1
#define HAVE_STRINGS_H 1
#define HAVE_INTTYPES_H 1
#define HAVE_STDINT_H 1
#define HAVE_UNISTD_H 1
#define __EXTENSIONS__ 1
#define _ALL_SOURCE 1
#define _GNU_SOURCE 1
#define _POSIX_PTHREAD_SEMANTICS 1
#define _TANDEM_SOURCE 1
#define WINVER 0x0502
#define HAVE_GETOPT_H 1
#define HAVE_TIME_H 1
#define HAVE_GETOPT_H 1
#define HAVE_TIME_H 1
#define HAVE_SSL /**/
#define HAVE_HMAC_UPDATE 1
#define HAVE_OPENSSL_SSL_H 1
#define HAVE_OPENSSL_ERR_H 1
#define HAVE_OPENSSL_RAND_H 1
#define HAVE_EVP_SHA256 1
#define HAVE_EVP_SHA384 1
#define HAVE_EVP_SHA512 1
#define HAVE_EVP_PKEY_KEYGEN 1
#define HAVE_ECDSA_SIG_GET0 1
#define HAVE_EVP_MD_CTX_NEW 1
#define HAVE_EVP_PKEY_BASE_ID 1
#define HAVE_DSA_SIG_SET0 1
#define HAVE_DSA_SIG_GET0 1
#define HAVE_DSA_GET0_PQG 1
#define HAVE_DSA_GET0_KEY 1
#define USE_SHA2 1
#define HAVE_DECL_NID_X9_62_PRIME256V1 1
#define HAVE_DECL_NID_SECP384R1 1
#define USE_ECDSA 1
#define USE_DSA 1
#define USE_DANE 1
#define USE_DANE_VERIFY 1
#define USE_DANE_TA_USAGE 1
#define RRTYPE_OPENPGPKEY /**/
#define STDC_HEADERS 1
#define HAVE__BOOL 1
#define HAVE_STDBOOL_H 1
#define HAVE_GETOPT_H 1
#define HAVE_STDARG_H 1
#define HAVE_OPENSSL_SSL_H 1
#define HAVE_NETINET_IN_H 1
#define HAVE_TIME_H 1
#define HAVE_ARPA_INET_H 1
#define HAVE_NETDB_H 1
#define HAVE_SYS_PARAM_H 1
#define HAVE_SYS_MOUNT_H 1
#define HAVE_SYS_SOCKET_H 1
#define HAVE_INTTYPES_H 1
#define HAVE_SYS_TYPES_H 1
#define HAVE_UNISTD_H 1
#define SIZEOF_TIME_T 8
#define HAVE_PCAP_H 1
#define HAVE_LIBPCAP 1
#define HAVE_NETINET_IN_SYSTM_H 1
#define HAVE_NET_IF_H 1
#define HAVE_NETINET_IP_H 1
#define HAVE_NETINET_UDP_H 1
#define HAVE_NETINET_IGMP_H 1
#define HAVE_NETINET_IF_ETHER_H 1
#define HAVE_NETINET_IP6_H 1
#define HAVE_NET_ETHERNET_H 1
#define HAVE_STDLIB_H 1
#define HAVE_MALLOC 1
#define HAVE_STDLIB_H 1
#define HAVE_REALLOC 1
#define HAVE_CALLOC 1
#define HAVE_TIMEGM 1
#define HAVE_GMTIME_R 1
#define HAVE_CTIME_R 1
#define HAVE_LOCALTIME_R 1
#define HAVE_ISBLANK 1
#define HAVE_ISASCII 1
#define HAVE_INET_ATON 1
#define HAVE_INET_PTON 1
#define HAVE_INET_NTOP 1
#define HAVE_SNPRINTF 1
#define HAVE_STRLCPY 1
#define HAVE_MEMMOVE 1
#define HAVE_FORK 1
#define HAVE_VFORK 1
#define HAVE_WORKING_VFORK 1
#define HAVE_WORKING_FORK 1
#define HAVE_ENDPROTOENT 1
#define HAVE_ENDSERVENT 1
#define HAVE_SLEEP 1
#define HAVE_RANDOM 1
#define HAVE_FCNTL 1
#define HAVE_STRTOUL 1
#define HAVE_BZERO 1
#define HAVE_MEMSET 1
#define HAVE_GETADDRINFO 1
#define HAVE_ATTR_FORMAT 1
#define HAVE_ATTR_UNUSED 1
#define SYSCONFDIR sysconfdir
#define HAVE_DANE_CA_FILE 0
#define HAVE_DANE_CA_PATH 0

configure: exit 0
